FAILED tests/integration/test_database_integration.py
FAILED tests/integration/test_database_phase2_core.py
FAILED tests/integration/test_decorators_real_endpoints.py
FAILED tests/integration/test_end_to_end_integration.py
FAILED tests/integration/test_end_to_end_simple.py
FAILED tests/integration/test_end_to_end_workflows.py
FAILED tests/integration/test_enhanced_ev_calculator.py
FAILED tests/integration/test_ml_pipeline.py
FAILED tests/integration/test_ml_prediction_models.py
FAILED tests/integration/test_observers_real_endpoints.py
FAILED tests/integration/test_odds_collection.py
FAILED tests/integration/test_prediction_api_integration.py
tests/integration/test_database_integration.py
tests/integration/test_database_phase2_core.py
tests/integration/test_decorators_real_endpoints.py
tests/integration/test_end_to_end_integration.py
tests/integration/test_end_to_end_simple.py
tests/integration/test_end_to_end_workflows.py
tests/integration/test_enhanced_ev_calculator.py
tests/integration/test_ml_pipeline.py
tests/integration/test_ml_prediction_models.py
tests/integration/test_observers_real_endpoints.py
tests/integration/test_odds_collection.py
tests/integration/test_prediction_api_integration.py
