{"meta": {"format": 3, "version": "7.10.6", "timestamp": "2025-09-12T20:41:11.411888", "branch_coverage": false, "show_contexts": false}, "files": {"src/__init__.py": {"executed_lines": [1, 8, 9, 10, 13, 15], "summary": {"covered_lines": 5, "num_statements": 5, "percent_covered": 100.0, "percent_covered_display": "100", "missing_lines": 0, "excluded_lines": 0}, "missing_lines": [], "excluded_lines": [], "functions": {"": {"executed_lines": [1, 8, 9, 10, 13, 15], "summary": {"covered_lines": 5, "num_statements": 5, "percent_covered": 100.0, "percent_covered_display": "100", "missing_lines": 0, "excluded_lines": 0}, "missing_lines": [], "excluded_lines": []}}, "classes": {"": {"executed_lines": [1, 8, 9, 10, 13, 15], "summary": {"covered_lines": 5, "num_statements": 5, "percent_covered": 100.0, "percent_covered_display": "100", "missing_lines": 0, "excluded_lines": 0}, "missing_lines": [], "excluded_lines": []}}}, "src/api/__init__.py": {"executed_lines": [1, 7, 9], "summary": {"covered_lines": 2, "num_statements": 2, "percent_covered": 100.0, "percent_covered_display": "100", "missing_lines": 0, "excluded_lines": 0}, "missing_lines": [], "excluded_lines": [], "functions": {"": {"executed_lines": [1, 7, 9], "summary": {"covered_lines": 2, "num_statements": 2, "percent_covered": 100.0, "percent_covered_display": "100", "missing_lines": 0, "excluded_lines": 0}, "missing_lines": [], "excluded_lines": []}}, "classes": {"": {"executed_lines": [1, 7, 9], "summary": {"covered_lines": 2, "num_statements": 2, "percent_covered": 100.0, "percent_covered_display": "100", "missing_lines": 0, "excluded_lines": 0}, "missing_lines": [], "excluded_lines": []}}}, "src/api/data.py": {"executed_lines": [], "summary": {"covered_lines": 0, "num_statements": 139, "percent_covered": 0.0, "percent_covered_display": "0", "missing_lines": 139, "excluded_lines": 0}, "missing_lines": [10, 11, 12, 14, 15, 16, 18, 19, 20, 21, 22, 23, 24, 25, 27, 28, 31, 32, 44, 46, 47, 48, 50, 51, 54, 55, 56, 59, 65, 66, 69, 75, 76, 79, 95, 96, 99, 136, 137, 160, 161, 172, 174, 175, 176, 177, 178, 181, 182, 197, 199, 200, 201, 203, 204, 207, 208, 211, 223, 224, 227, 246, 247, 248, 249, 251, 252, 254, 257, 258, 259, 260, 261, 262, 264, 265, 268, 269, 272, 273, 276, 290, 291, 292, 293, 294, 296, 297, 298, 299, 301, 302, 304, 306, 307, 308, 309, 310, 313, 314, 321, 323, 324, 326, 331, 332, 335, 338, 339, 342, 343, 346, 348, 394, 396, 397, 398, 401, 411, 413, 414, 415, 416, 417, 420, 426, 427, 429, 430, 431, 433, 434, 435, 436, 437, 439, 450, 451, 452], "excluded_lines": [], "functions": {"get_match_features": {"executed_lines": [], "summary": {"covered_lines": 0, "num_statements": 29, "percent_covered": 0.0, "percent_covered_display": "0", "missing_lines": 29, "excluded_lines": 0}, "missing_lines": [44, 46, 47, 48, 50, 51, 54, 55, 56, 59, 65, 66, 69, 75, 76, 79, 95, 96, 99, 136, 137, 160, 161, 172, 174, 175, 176, 177, 178], "excluded_lines": []}, "get_team_recent_stats": {"executed_lines": [], "summary": {"covered_lines": 0, "num_statements": 49, "percent_covered": 0.0, "percent_covered_display": "0", "missing_lines": 49, "excluded_lines": 0}, "missing_lines": [197, 199, 200, 201, 203, 204, 207, 208, 211, 223, 224, 227, 246, 247, 248, 249, 251, 252, 254, 257, 258, 259, 260, 261, 262, 264, 265, 268, 269, 272, 273, 276, 290, 291, 292, 293, 294, 296, 297, 298, 299, 301, 302, 304, 306, 307, 308, 309, 310], "excluded_lines": []}, "get_dashboard_data": {"executed_lines": [], "summary": {"covered_lines": 0, "num_statements": 17, "percent_covered": 0.0, "percent_covered_display": "0", "missing_lines": 17, "excluded_lines": 0}, "missing_lines": [321, 323, 324, 326, 331, 332, 335, 338, 339, 342, 343, 346, 348, 394, 396, 397, 398], "excluded_lines": []}, "get_system_health": {"executed_lines": [], "summary": {"covered_lines": 0, "num_statements": 21, "percent_covered": 0.0, "percent_covered_display": "0", "missing_lines": 21, "excluded_lines": 0}, "missing_lines": [411, 413, 414, 415, 416, 417, 420, 426, 427, 429, 430, 431, 433, 434, 435, 436, 437, 439, 450, 451, 452], "excluded_lines": []}, "": {"executed_lines": [], "summary": {"covered_lines": 0, "num_statements": 23, "percent_covered": 0.0, "percent_covered_display": "0", "missing_lines": 23, "excluded_lines": 0}, "missing_lines": [10, 11, 12, 14, 15, 16, 18, 19, 20, 21, 22, 23, 24, 25, 27, 28, 31, 32, 181, 182, 313, 314, 401], "excluded_lines": []}}, "classes": {"": {"executed_lines": [], "summary": {"covered_lines": 0, "num_statements": 139, "percent_covered": 0.0, "percent_covered_display": "0", "missing_lines": 139, "excluded_lines": 0}, "missing_lines": [10, 11, 12, 14, 15, 16, 18, 19, 20, 21, 22, 23, 24, 25, 27, 28, 31, 32, 44, 46, 47, 48, 50, 51, 54, 55, 56, 59, 65, 66, 69, 75, 76, 79, 95, 96, 99, 136, 137, 160, 161, 172, 174, 175, 176, 177, 178, 181, 182, 197, 199, 200, 201, 203, 204, 207, 208, 211, 223, 224, 227, 246, 247, 248, 249, 251, 252, 254, 257, 258, 259, 260, 261, 262, 264, 265, 268, 269, 272, 273, 276, 290, 291, 292, 293, 294, 296, 297, 298, 299, 301, 302, 304, 306, 307, 308, 309, 310, 313, 314, 321, 323, 324, 326, 331, 332, 335, 338, 339, 342, 343, 346, 348, 394, 396, 397, 398, 401, 411, 413, 414, 415, 416, 417, 420, 426, 427, 429, 430, 431, 433, 434, 435, 436, 437, 439, 450, 451, 452], "excluded_lines": []}}}, "src/api/features.py": {"executed_lines": [], "summary": {"covered_lines": 0, "num_statements": 185, "percent_covered": 0.0, "percent_covered_display": "0", "missing_lines": 185, "excluded_lines": 0}, "missing_lines": [10, 11, 12, 14, 15, 16, 17, 18, 20, 21, 22, 23, 24, 25, 26, 29, 31, 34, 35, 36, 37, 38, 39, 40, 41, 44, 49, 65, 68, 69, 70, 73, 74, 75, 79, 81, 83, 84, 85, 86, 88, 89, 90, 92, 96, 97, 98, 101, 102, 110, 111, 112, 113, 116, 117, 119, 120, 121, 127, 128, 130, 131, 133, 134, 135, 136, 139, 155, 156, 161, 162, 163, 164, 167, 168, 169, 170, 171, 174, 175, 176, 178, 179, 181, 183, 184, 186, 189, 194, 199, 219, 221, 222, 223, 225, 226, 228, 229, 232, 246, 261, 262, 263, 270, 273, 274, 275, 277, 281, 282, 283, 284, 287, 292, 308, 310, 311, 312, 314, 315, 318, 328, 331, 334, 338, 349, 350, 351, 352, 355, 360, 376, 378, 379, 380, 382, 383, 385, 386, 389, 393, 403, 404, 405, 406, 409, 414, 430, 431, 432, 435, 437, 449, 450, 451, 452, 455, 460, 476, 478, 479, 480, 482, 483, 486, 502, 506, 517, 518, 519, 520, 524, 525, 531, 541, 542, 544, 545, 546, 547, 548, 550, 551, 552, 554], "excluded_lines": [], "functions": {"get_match_features": {"executed_lines": [], "summary": {"covered_lines": 0, "num_statements": 61, "percent_covered": 0.0, "percent_covered_display": "0", "missing_lines": 61, "excluded_lines": 0}, "missing_lines": [65, 68, 69, 70, 73, 74, 75, 79, 81, 83, 84, 85, 86, 88, 89, 90, 92, 96, 97, 98, 101, 102, 110, 111, 112, 113, 116, 117, 119, 120, 121, 127, 128, 130, 131, 133, 134, 135, 136, 139, 155, 156, 161, 162, 163, 164, 167, 168, 169, 170, 171, 174, 175, 176, 178, 179, 181, 183, 184, 186, 189], "excluded_lines": []}, "get_team_features": {"executed_lines": [], "summary": {"covered_lines": 0, "num_statements": 22, "percent_covered": 0.0, "percent_covered_display": "0", "missing_lines": 22, "excluded_lines": 0}, "missing_lines": [219, 221, 222, 223, 225, 226, 228, 229, 232, 246, 261, 262, 263, 270, 273, 274, 275, 277, 281, 282, 283, 284], "excluded_lines": []}, "calculate_match_features": {"executed_lines": [], "summary": {"covered_lines": 0, "num_statements": 15, "percent_covered": 0.0, "percent_covered_display": "0", "missing_lines": 15, "excluded_lines": 0}, "missing_lines": [308, 310, 311, 312, 314, 315, 318, 328, 331, 334, 338, 349, 350, 351, 352], "excluded_lines": []}, "calculate_team_features": {"executed_lines": [], "summary": {"covered_lines": 0, "num_statements": 14, "percent_covered": 0.0, "percent_covered_display": "0", "missing_lines": 14, "excluded_lines": 0}, "missing_lines": [376, 378, 379, 380, 382, 383, 385, 386, 389, 393, 403, 404, 405, 406], "excluded_lines": []}, "batch_calculate_features": {"executed_lines": [], "summary": {"covered_lines": 0, "num_statements": 9, "percent_covered": 0.0, "percent_covered_display": "0", "missing_lines": 9, "excluded_lines": 0}, "missing_lines": [430, 431, 432, 435, 437, 449, 450, 451, 452], "excluded_lines": []}, "get_historical_features": {"executed_lines": [], "summary": {"covered_lines": 0, "num_statements": 13, "percent_covered": 0.0, "percent_covered_display": "0", "missing_lines": 13, "excluded_lines": 0}, "missing_lines": [476, 478, 479, 480, 482, 483, 486, 502, 506, 517, 518, 519, 520], "excluded_lines": []}, "features_health_check": {"executed_lines": [], "summary": {"covered_lines": 0, "num_statements": 12, "percent_covered": 0.0, "percent_covered_display": "0", "missing_lines": 12, "excluded_lines": 0}, "missing_lines": [531, 541, 542, 544, 545, 546, 547, 548, 550, 551, 552, 554], "excluded_lines": []}, "": {"executed_lines": [], "summary": {"covered_lines": 0, "num_statements": 39, "percent_covered": 0.0, "percent_covered_display": "0", "missing_lines": 39, "excluded_lines": 0}, "missing_lines": [10, 11, 12, 14, 15, 16, 17, 18, 20, 21, 22, 23, 24, 25, 26, 29, 31, 34, 35, 36, 37, 38, 39, 40, 41, 44, 49, 194, 199, 287, 292, 355, 360, 409, 414, 455, 460, 524, 525], "excluded_lines": []}}, "classes": {"": {"executed_lines": [], "summary": {"covered_lines": 0, "num_statements": 185, "percent_covered": 0.0, "percent_covered_display": "0", "missing_lines": 185, "excluded_lines": 0}, "missing_lines": [10, 11, 12, 14, 15, 16, 17, 18, 20, 21, 22, 23, 24, 25, 26, 29, 31, 34, 35, 36, 37, 38, 39, 40, 41, 44, 49, 65, 68, 69, 70, 73, 74, 75, 79, 81, 83, 84, 85, 86, 88, 89, 90, 92, 96, 97, 98, 101, 102, 110, 111, 112, 113, 116, 117, 119, 120, 121, 127, 128, 130, 131, 133, 134, 135, 136, 139, 155, 156, 161, 162, 163, 164, 167, 168, 169, 170, 171, 174, 175, 176, 178, 179, 181, 183, 184, 186, 189, 194, 199, 219, 221, 222, 223, 225, 226, 228, 229, 232, 246, 261, 262, 263, 270, 273, 274, 275, 277, 281, 282, 283, 284, 287, 292, 308, 310, 311, 312, 314, 315, 318, 328, 331, 334, 338, 349, 350, 351, 352, 355, 360, 376, 378, 379, 380, 382, 383, 385, 386, 389, 393, 403, 404, 405, 406, 409, 414, 430, 431, 432, 435, 437, 449, 450, 451, 452, 455, 460, 476, 478, 479, 480, 482, 483, 486, 502, 506, 517, 518, 519, 520, 524, 525, 531, 541, 542, 544, 545, 546, 547, 548, 550, 551, 552, 554], "excluded_lines": []}}}, "src/api/features_improved.py": {"executed_lines": [], "summary": {"covered_lines": 0, "num_statements": 103, "percent_covered": 0.0, "percent_covered_display": "0", "missing_lines": 103, "excluded_lines": 0}, "missing_lines": [7, 8, 9, 11, 12, 13, 14, 16, 17, 18, 19, 20, 21, 24, 26, 29, 30, 31, 32, 33, 34, 35, 36, 39, 44, 59, 62, 63, 64, 67, 68, 69, 73, 75, 77, 78, 79, 80, 82, 83, 84, 86, 90, 91, 92, 93, 94, 95, 98, 99, 107, 108, 109, 110, 113, 114, 116, 117, 118, 124, 125, 127, 128, 130, 131, 132, 133, 136, 152, 153, 158, 159, 160, 161, 164, 165, 166, 167, 168, 171, 172, 173, 175, 176, 178, 180, 181, 183, 186, 192, 193, 199, 209, 210, 212, 213, 214, 215, 216, 218, 219, 220, 222], "excluded_lines": [], "functions": {"get_match_features_improved": {"executed_lines": [], "summary": {"covered_lines": 0, "num_statements": 64, "percent_covered": 0.0, "percent_covered_display": "0", "missing_lines": 64, "excluded_lines": 0}, "missing_lines": [59, 62, 63, 64, 67, 68, 69, 73, 75, 77, 78, 79, 80, 82, 83, 84, 86, 90, 91, 92, 93, 94, 95, 98, 99, 107, 108, 109, 110, 113, 114, 116, 117, 118, 124, 125, 127, 128, 130, 131, 132, 133, 136, 152, 153, 158, 159, 160, 161, 164, 165, 166, 167, 168, 171, 172, 173, 175, 176, 178, 180, 181, 183, 186], "excluded_lines": []}, "features_health_check": {"executed_lines": [], "summary": {"covered_lines": 0, "num_statements": 12, "percent_covered": 0.0, "percent_covered_display": "0", "missing_lines": 12, "excluded_lines": 0}, "missing_lines": [199, 209, 210, 212, 213, 214, 215, 216, 218, 219, 220, 222], "excluded_lines": []}, "": {"executed_lines": [], "summary": {"covered_lines": 0, "num_statements": 27, "percent_covered": 0.0, "percent_covered_display": "0", "missing_lines": 27, "excluded_lines": 0}, "missing_lines": [7, 8, 9, 11, 12, 13, 14, 16, 17, 18, 19, 20, 21, 24, 26, 29, 30, 31, 32, 33, 34, 35, 36, 39, 44, 192, 193], "excluded_lines": []}}, "classes": {"": {"executed_lines": [], "summary": {"covered_lines": 0, "num_statements": 103, "percent_covered": 0.0, "percent_covered_display": "0", "missing_lines": 103, "excluded_lines": 0}, "missing_lines": [7, 8, 9, 11, 12, 13, 14, 16, 17, 18, 19, 20, 21, 24, 26, 29, 30, 31, 32, 33, 34, 35, 36, 39, 44, 59, 62, 63, 64, 67, 68, 69, 73, 75, 77, 78, 79, 80, 82, 83, 84, 86, 90, 91, 92, 93, 94, 95, 98, 99, 107, 108, 109, 110, 113, 114, 116, 117, 118, 124, 125, 127, 128, 130, 131, 132, 133, 136, 152, 153, 158, 159, 160, 161, 164, 165, 166, 167, 168, 171, 172, 173, 175, 176, 178, 180, 181, 183, 186, 192, 193, 199, 209, 210, 212, 213, 214, 215, 216, 218, 219, 220, 222], "excluded_lines": []}}}, "src/api/health.py": {"executed_lines": [1, 7, 8, 9, 10, 12, 13, 14, 16, 17, 19, 21, 24, 30, 88, 93, 101, 106, 135, 150, 195], "summary": {"covered_lines": 20, "num_statements": 82, "percent_covered": 24.390243902439025, "percent_covered_display": "24", "missing_lines": 62, "excluded_lines": 0}, "missing_lines": [37, 38, 46, 48, 51, 54, 57, 58, 61, 67, 68, 69, 70, 74, 76, 77, 78, 79, 80, 81, 83, 95, 108, 111, 112, 113, 114, 117, 119, 123, 129, 130, 132, 137, 139, 140, 141, 142, 143, 152, 153, 155, 157, 160, 161, 163, 165, 167, 168, 179, 185, 186, 187, 197, 199, 201, 202, 203, 205, 206, 207, 208], "excluded_lines": [], "functions": {"health_check": {"executed_lines": [], "summary": {"covered_lines": 0, "num_statements": 21, "percent_covered": 0.0, "percent_covered_display": "0", "missing_lines": 21, "excluded_lines": 0}, "missing_lines": [37, 38, 46, 48, 51, 54, 57, 58, 61, 67, 68, 69, 70, 74, 76, 77, 78, 79, 80, 81, 83], "excluded_lines": []}, "liveness_check": {"executed_lines": [], "summary": {"covered_lines": 0, "num_statements": 1, "percent_covered": 0.0, "percent_covered_display": "0", "missing_lines": 1, "excluded_lines": 0}, "missing_lines": [95], "excluded_lines": []}, "readiness_check": {"executed_lines": [], "summary": {"covered_lines": 0, "num_statements": 11, "percent_covered": 0.0, "percent_covered_display": "0", "missing_lines": 11, "excluded_lines": 0}, "missing_lines": [108, 111, 112, 113, 114, 117, 119, 123, 129, 130, 132], "excluded_lines": []}, "_check_database": {"executed_lines": [], "summary": {"covered_lines": 0, "num_statements": 6, "percent_covered": 0.0, "percent_covered_display": "0", "missing_lines": 6, "excluded_lines": 0}, "missing_lines": [137, 139, 140, 141, 142, 143], "excluded_lines": []}, "_check_redis": {"executed_lines": [], "summary": {"covered_lines": 0, "num_statements": 14, "percent_covered": 0.0, "percent_covered_display": "0", "missing_lines": 14, "excluded_lines": 0}, "missing_lines": [152, 153, 155, 157, 160, 161, 163, 165, 167, 168, 179, 185, 186, 187], "excluded_lines": []}, "_check_filesystem": {"executed_lines": [], "summary": {"covered_lines": 0, "num_statements": 9, "percent_covered": 0.0, "percent_covered_display": "0", "missing_lines": 9, "excluded_lines": 0}, "missing_lines": [197, 199, 201, 202, 203, 205, 206, 207, 208], "excluded_lines": []}, "": {"executed_lines": [1, 7, 8, 9, 10, 12, 13, 14, 16, 17, 19, 21, 24, 30, 88, 93, 101, 106, 135, 150, 195], "summary": {"covered_lines": 20, "num_statements": 20, "percent_covered": 100.0, "percent_covered_display": "100", "missing_lines": 0, "excluded_lines": 0}, "missing_lines": [], "excluded_lines": []}}, "classes": {"": {"executed_lines": [1, 7, 8, 9, 10, 12, 13, 14, 16, 17, 19, 21, 24, 30, 88, 93, 101, 106, 135, 150, 195], "summary": {"covered_lines": 20, "num_statements": 82, "percent_covered": 24.390243902439025, "percent_covered_display": "24", "missing_lines": 62, "excluded_lines": 0}, "missing_lines": [37, 38, 46, 48, 51, 54, 57, 58, 61, 67, 68, 69, 70, 74, 76, 77, 78, 79, 80, 81, 83, 95, 108, 111, 112, 113, 114, 117, 119, 123, 129, 130, 132, 137, 139, 140, 141, 142, 143, 152, 153, 155, 157, 160, 161, 163, 165, 167, 168, 179, 185, 186, 187, 197, 199, 201, 202, 203, 205, 206, 207, 208], "excluded_lines": []}}}, "src/api/models.py": {"executed_lines": [], "summary": {"covered_lines": 0, "num_statements": 169, "percent_covered": 0.0, "percent_covered_display": "0", "missing_lines": 169, "excluded_lines": 0}, "missing_lines": [10, 11, 12, 14, 15, 16, 18, 19, 20, 21, 23, 25, 28, 31, 34, 39, 46, 47, 50, 52, 54, 55, 58, 59, 64, 65, 68, 69, 70, 75, 76, 77, 78, 79, 83, 85, 90, 91, 92, 93, 94, 103, 104, 108, 121, 123, 124, 125, 127, 135, 136, 137, 140, 143, 159, 160, 163, 164, 165, 166, 167, 168, 169, 171, 176, 200, 205, 206, 207, 208, 210, 211, 232, 235, 236, 237, 240, 245, 260, 265, 266, 267, 275, 294, 295, 296, 297, 298, 301, 306, 320, 321, 324, 330, 331, 333, 334, 335, 336, 337, 344, 345, 347, 359, 361, 369, 370, 371, 374, 379, 397, 398, 400, 401, 406, 407, 410, 411, 416, 426, 430, 441, 442, 443, 444, 445, 448, 453, 469, 470, 473, 474, 475, 478, 479, 481, 482, 483, 486, 491, 492, 493, 494, 495, 502, 503, 506, 540, 544, 546, 595, 597, 598, 599, 600, 601, 604, 605, 617, 618, 621, 625, 626, 627, 636, 638, 642, 643, 644], "excluded_lines": [], "functions": {"get_active_models": {"executed_lines": [], "summary": {"covered_lines": 0, "num_statements": 36, "percent_covered": 0.0, "percent_covered_display": "0", "missing_lines": 36, "excluded_lines": 0}, "missing_lines": [46, 47, 50, 52, 54, 55, 58, 59, 64, 65, 68, 69, 70, 75, 76, 77, 78, 79, 83, 85, 90, 91, 92, 93, 94, 103, 104, 108, 121, 123, 124, 125, 127, 135, 136, 137], "excluded_lines": []}, "get_model_metrics": {"executed_lines": [], "summary": {"covered_lines": 0, "num_statements": 34, "percent_covered": 0.0, "percent_covered_display": "0", "missing_lines": 34, "excluded_lines": 0}, "missing_lines": [159, 160, 163, 164, 165, 166, 167, 168, 169, 171, 176, 200, 205, 206, 207, 208, 210, 211, 232, 235, 236, 237, 240, 245, 260, 265, 266, 267, 275, 294, 295, 296, 297, 298], "excluded_lines": []}, "get_model_versions": {"executed_lines": [], "summary": {"covered_lines": 0, "num_statements": 18, "percent_covered": 0.0, "percent_covered_display": "0", "missing_lines": 18, "excluded_lines": 0}, "missing_lines": [320, 321, 324, 330, 331, 333, 334, 335, 336, 337, 344, 345, 347, 359, 361, 369, 370, 371], "excluded_lines": []}, "promote_model_version": {"executed_lines": [], "summary": {"covered_lines": 0, "num_statements": 16, "percent_covered": 0.0, "percent_covered_display": "0", "missing_lines": 16, "excluded_lines": 0}, "missing_lines": [397, 398, 400, 401, 406, 407, 410, 411, 416, 426, 430, 441, 442, 443, 444, 445], "excluded_lines": []}, "get_model_performance": {"executed_lines": [], "summary": {"covered_lines": 0, "num_statements": 28, "percent_covered": 0.0, "percent_covered_display": "0", "missing_lines": 28, "excluded_lines": 0}, "missing_lines": [469, 470, 473, 474, 475, 478, 479, 481, 482, 483, 486, 491, 492, 493, 494, 495, 502, 503, 506, 540, 544, 546, 595, 597, 598, 599, 600, 601], "excluded_lines": []}, "get_experiments": {"executed_lines": [], "summary": {"covered_lines": 0, "num_statements": 11, "percent_covered": 0.0, "percent_covered_display": "0", "missing_lines": 11, "excluded_lines": 0}, "missing_lines": [617, 618, 621, 625, 626, 627, 636, 638, 642, 643, 644], "excluded_lines": []}, "": {"executed_lines": [], "summary": {"covered_lines": 0, "num_statements": 26, "percent_covered": 0.0, "percent_covered_display": "0", "missing_lines": 26, "excluded_lines": 0}, "missing_lines": [10, 11, 12, 14, 15, 16, 18, 19, 20, 21, 23, 25, 28, 31, 34, 39, 140, 143, 301, 306, 374, 379, 448, 453, 604, 605], "excluded_lines": []}}, "classes": {"": {"executed_lines": [], "summary": {"covered_lines": 0, "num_statements": 169, "percent_covered": 0.0, "percent_covered_display": "0", "missing_lines": 169, "excluded_lines": 0}, "missing_lines": [10, 11, 12, 14, 15, 16, 18, 19, 20, 21, 23, 25, 28, 31, 34, 39, 46, 47, 50, 52, 54, 55, 58, 59, 64, 65, 68, 69, 70, 75, 76, 77, 78, 79, 83, 85, 90, 91, 92, 93, 94, 103, 104, 108, 121, 123, 124, 125, 127, 135, 136, 137, 140, 143, 159, 160, 163, 164, 165, 166, 167, 168, 169, 171, 176, 200, 205, 206, 207, 208, 210, 211, 232, 235, 236, 237, 240, 245, 260, 265, 266, 267, 275, 294, 295, 296, 297, 298, 301, 306, 320, 321, 324, 330, 331, 333, 334, 335, 336, 337, 344, 345, 347, 359, 361, 369, 370, 371, 374, 379, 397, 398, 400, 401, 406, 407, 410, 411, 416, 426, 430, 441, 442, 443, 444, 445, 448, 453, 469, 470, 473, 474, 475, 478, 479, 481, 482, 483, 486, 491, 492, 493, 494, 495, 502, 503, 506, 540, 544, 546, 595, 597, 598, 599, 600, 601, 604, 605, 617, 618, 621, 625, 626, 627, 636, 638, 642, 643, 644], "excluded_lines": []}}}, "src/api/monitoring.py": {"executed_lines": [], "summary": {"covered_lines": 0, "num_statements": 177, "percent_covered": 0.0, "percent_covered_display": "0", "missing_lines": 177, "excluded_lines": 0}, "missing_lines": [11, 12, 13, 14, 15, 17, 18, 19, 20, 21, 22, 24, 25, 28, 29, 31, 34, 37, 54, 55, 64, 66, 69, 70, 71, 72, 76, 77, 78, 79, 80, 82, 83, 84, 86, 87, 88, 89, 90, 91, 92, 93, 94, 96, 98, 101, 112, 118, 120, 123, 127, 133, 134, 135, 136, 137, 138, 139, 140, 141, 142, 143, 144, 145, 146, 149, 150, 151, 153, 154, 155, 157, 158, 159, 160, 161, 163, 165, 168, 169, 171, 172, 180, 182, 183, 184, 185, 186, 187, 188, 190, 199, 204, 211, 212, 213, 214, 215, 216, 218, 219, 222, 227, 228, 229, 231, 233, 236, 237, 239, 242, 243, 244, 245, 246, 247, 250, 251, 252, 253, 254, 255, 257, 263, 274, 275, 277, 278, 279, 280, 281, 282, 283, 287, 288, 289, 290, 291, 292, 298, 299, 300, 303, 304, 305, 306, 307, 308, 309, 310, 311, 314, 315, 316, 317, 318, 319, 320, 321, 324, 325, 326, 327, 328, 329, 330, 331, 332, 335, 336, 337, 338, 339, 340, 341, 342, 343], "excluded_lines": [], "functions": {"_get_database_metrics": {"executed_lines": [], "summary": {"covered_lines": 0, "num_statements": 20, "percent_covered": 0.0, "percent_covered_display": "0", "missing_lines": 20, "excluded_lines": 0}, "missing_lines": [54, 55, 64, 66, 69, 70, 71, 72, 76, 86, 87, 88, 89, 90, 91, 92, 93, 94, 96, 98], "excluded_lines": []}, "_get_database_metrics._val": {"executed_lines": [], "summary": {"covered_lines": 0, "num_statements": 7, "percent_covered": 0.0, "percent_covered_display": "0", "missing_lines": 7, "excluded_lines": 0}, "missing_lines": [77, 78, 79, 80, 82, 83, 84], "excluded_lines": []}, "_get_business_metrics": {"executed_lines": [], "summary": {"covered_lines": 0, "num_statements": 19, "percent_covered": 0.0, "percent_covered_display": "0", "missing_lines": 19, "excluded_lines": 0}, "missing_lines": [112, 118, 120, 123, 127, 133, 149, 150, 151, 153, 154, 155, 157, 158, 159, 160, 161, 163, 165], "excluded_lines": []}, "_get_business_metrics._val": {"executed_lines": [], "summary": {"covered_lines": 0, "num_statements": 13, "percent_covered": 0.0, "percent_covered_display": "0", "missing_lines": 13, "excluded_lines": 0}, "missing_lines": [134, 135, 136, 137, 138, 139, 140, 141, 142, 143, 144, 145, 146], "excluded_lines": []}, "get_metrics": {"executed_lines": [], "summary": {"covered_lines": 0, "num_statements": 27, "percent_covered": 0.0, "percent_covered_display": "0", "missing_lines": 27, "excluded_lines": 0}, "missing_lines": [171, 172, 180, 182, 183, 184, 185, 186, 187, 188, 190, 199, 204, 211, 212, 213, 214, 215, 216, 218, 219, 222, 227, 228, 229, 231, 233], "excluded_lines": []}, "get_service_status": {"executed_lines": [], "summary": {"covered_lines": 0, "num_statements": 15, "percent_covered": 0.0, "percent_covered_display": "0", "missing_lines": 15, "excluded_lines": 0}, "missing_lines": [239, 242, 243, 244, 245, 246, 247, 250, 251, 252, 253, 254, 255, 257, 263], "excluded_lines": []}, "prometheus_metrics": {"executed_lines": [], "summary": {"covered_lines": 0, "num_statements": 7, "percent_covered": 0.0, "percent_covered_display": "0", "missing_lines": 7, "excluded_lines": 0}, "missing_lines": [277, 278, 279, 280, 281, 282, 283], "excluded_lines": []}, "collector_health": {"executed_lines": [], "summary": {"covered_lines": 0, "num_statements": 7, "percent_covered": 0.0, "percent_covered_display": "0", "missing_lines": 7, "excluded_lines": 0}, "missing_lines": [289, 290, 291, 292, 298, 299, 300], "excluded_lines": []}, "manual_collect": {"executed_lines": [], "summary": {"covered_lines": 0, "num_statements": 7, "percent_covered": 0.0, "percent_covered_display": "0", "missing_lines": 7, "excluded_lines": 0}, "missing_lines": [305, 306, 307, 308, 309, 310, 311], "excluded_lines": []}, "collector_status": {"executed_lines": [], "summary": {"covered_lines": 0, "num_statements": 6, "percent_covered": 0.0, "percent_covered_display": "0", "missing_lines": 6, "excluded_lines": 0}, "missing_lines": [316, 317, 318, 319, 320, 321], "excluded_lines": []}, "start_collector": {"executed_lines": [], "summary": {"covered_lines": 0, "num_statements": 7, "percent_covered": 0.0, "percent_covered_display": "0", "missing_lines": 7, "excluded_lines": 0}, "missing_lines": [326, 327, 328, 329, 330, 331, 332], "excluded_lines": []}, "stop_collector": {"executed_lines": [], "summary": {"covered_lines": 0, "num_statements": 7, "percent_covered": 0.0, "percent_covered_display": "0", "missing_lines": 7, "excluded_lines": 0}, "missing_lines": [337, 338, 339, 340, 341, 342, 343], "excluded_lines": []}, "": {"executed_lines": [], "summary": {"covered_lines": 0, "num_statements": 35, "percent_covered": 0.0, "percent_covered_display": "0", "missing_lines": 35, "excluded_lines": 0}, "missing_lines": [11, 12, 13, 14, 15, 17, 18, 19, 20, 21, 22, 24, 25, 28, 29, 31, 34, 37, 101, 168, 169, 236, 237, 274, 275, 287, 288, 303, 304, 314, 315, 324, 325, 335, 336], "excluded_lines": []}}, "classes": {"": {"executed_lines": [], "summary": {"covered_lines": 0, "num_statements": 177, "percent_covered": 0.0, "percent_covered_display": "0", "missing_lines": 177, "excluded_lines": 0}, "missing_lines": [11, 12, 13, 14, 15, 17, 18, 19, 20, 21, 22, 24, 25, 28, 29, 31, 34, 37, 54, 55, 64, 66, 69, 70, 71, 72, 76, 77, 78, 79, 80, 82, 83, 84, 86, 87, 88, 89, 90, 91, 92, 93, 94, 96, 98, 101, 112, 118, 120, 123, 127, 133, 134, 135, 136, 137, 138, 139, 140, 141, 142, 143, 144, 145, 146, 149, 150, 151, 153, 154, 155, 157, 158, 159, 160, 161, 163, 165, 168, 169, 171, 172, 180, 182, 183, 184, 185, 186, 187, 188, 190, 199, 204, 211, 212, 213, 214, 215, 216, 218, 219, 222, 227, 228, 229, 231, 233, 236, 237, 239, 242, 243, 244, 245, 246, 247, 250, 251, 252, 253, 254, 255, 257, 263, 274, 275, 277, 278, 279, 280, 281, 282, 283, 287, 288, 289, 290, 291, 292, 298, 299, 300, 303, 304, 305, 306, 307, 308, 309, 310, 311, 314, 315, 316, 317, 318, 319, 320, 321, 324, 325, 326, 327, 328, 329, 330, 331, 332, 335, 336, 337, 338, 339, 340, 341, 342, 343], "excluded_lines": []}}}, "src/api/predictions.py": {"executed_lines": [], "summary": {"covered_lines": 0, "num_statements": 120, "percent_covered": 0.0, "percent_covered_display": "0", "missing_lines": 120, "excluded_lines": 0}, "missing_lines": [10, 11, 12, 14, 15, 16, 18, 19, 20, 21, 23, 25, 28, 31, 36, 52, 53, 56, 57, 58, 60, 61, 64, 65, 66, 72, 73, 75, 77, 78, 107, 110, 111, 113, 115, 131, 132, 133, 134, 135, 138, 143, 156, 157, 160, 161, 162, 164, 165, 168, 170, 174, 175, 176, 177, 178, 181, 182, 195, 196, 198, 199, 202, 203, 204, 206, 207, 208, 211, 213, 223, 224, 225, 226, 227, 230, 235, 251, 253, 254, 255, 257, 258, 261, 268, 269, 271, 272, 273, 294, 302, 303, 304, 305, 306, 309, 310, 326, 328, 331, 352, 353, 355, 356, 357, 376, 384, 385, 386, 389, 394, 407, 408, 411, 413, 414, 419, 424, 425, 426], "excluded_lines": [], "functions": {"get_match_prediction": {"executed_lines": [], "summary": {"covered_lines": 0, "num_statements": 25, "percent_covered": 0.0, "percent_covered_display": "0", "missing_lines": 25, "excluded_lines": 0}, "missing_lines": [52, 53, 56, 57, 58, 60, 61, 64, 65, 66, 72, 73, 75, 77, 78, 107, 110, 111, 113, 115, 131, 132, 133, 134, 135], "excluded_lines": []}, "predict_match": {"executed_lines": [], "summary": {"covered_lines": 0, "num_statements": 14, "percent_covered": 0.0, "percent_covered_display": "0", "missing_lines": 14, "excluded_lines": 0}, "missing_lines": [156, 157, 160, 161, 162, 164, 165, 168, 170, 174, 175, 176, 177, 178], "excluded_lines": []}, "batch_predict_matches": {"executed_lines": [], "summary": {"covered_lines": 0, "num_statements": 17, "percent_covered": 0.0, "percent_covered_display": "0", "missing_lines": 17, "excluded_lines": 0}, "missing_lines": [195, 196, 198, 199, 202, 203, 204, 206, 207, 208, 211, 213, 223, 224, 225, 226, 227], "excluded_lines": []}, "get_match_prediction_history": {"executed_lines": [], "summary": {"covered_lines": 0, "num_statements": 18, "percent_covered": 0.0, "percent_covered_display": "0", "missing_lines": 18, "excluded_lines": 0}, "missing_lines": [251, 253, 254, 255, 257, 258, 261, 268, 269, 271, 272, 273, 294, 302, 303, 304, 305, 306], "excluded_lines": []}, "get_recent_predictions": {"executed_lines": [], "summary": {"covered_lines": 0, "num_statements": 12, "percent_covered": 0.0, "percent_covered_display": "0", "missing_lines": 12, "excluded_lines": 0}, "missing_lines": [326, 328, 331, 352, 353, 355, 356, 357, 376, 384, 385, 386], "excluded_lines": []}, "verify_prediction": {"executed_lines": [], "summary": {"covered_lines": 0, "num_statements": 9, "percent_covered": 0.0, "percent_covered_display": "0", "missing_lines": 9, "excluded_lines": 0}, "missing_lines": [407, 408, 411, 413, 414, 419, 424, 425, 426], "excluded_lines": []}, "": {"executed_lines": [], "summary": {"covered_lines": 0, "num_statements": 25, "percent_covered": 0.0, "percent_covered_display": "0", "missing_lines": 25, "excluded_lines": 0}, "missing_lines": [10, 11, 12, 14, 15, 16, 18, 19, 20, 21, 23, 25, 28, 31, 36, 138, 143, 181, 182, 230, 235, 309, 310, 389, 394], "excluded_lines": []}}, "classes": {"": {"executed_lines": [], "summary": {"covered_lines": 0, "num_statements": 120, "percent_covered": 0.0, "percent_covered_display": "0", "missing_lines": 120, "excluded_lines": 0}, "missing_lines": [10, 11, 12, 14, 15, 16, 18, 19, 20, 21, 23, 25, 28, 31, 36, 52, 53, 56, 57, 58, 60, 61, 64, 65, 66, 72, 73, 75, 77, 78, 107, 110, 111, 113, 115, 131, 132, 133, 134, 135, 138, 143, 156, 157, 160, 161, 162, 164, 165, 168, 170, 174, 175, 176, 177, 178, 181, 182, 195, 196, 198, 199, 202, 203, 204, 206, 207, 208, 211, 213, 223, 224, 225, 226, 227, 230, 235, 251, 253, 254, 255, 257, 258, 261, 268, 269, 271, 272, 273, 294, 302, 303, 304, 305, 306, 309, 310, 326, 328, 331, 352, 353, 355, 356, 357, 376, 384, 385, 386, 389, 394, 407, 408, 411, 413, 414, 419, 424, 425, 426], "excluded_lines": []}}}, "src/api/schemas.py": {"executed_lines": [1, 7, 9, 12, 13, 15, 16, 17, 20, 21, 23, 24, 25, 26, 27, 28, 31, 32, 34, 35, 36, 39, 40, 42, 43, 44, 45, 46, 47, 50, 51, 53, 54, 55, 56, 57, 60, 61, 63, 64, 65, 66], "summary": {"covered_lines": 35, "num_statements": 35, "percent_covered": 100.0, "percent_covered_display": "100", "missing_lines": 0, "excluded_lines": 0}, "missing_lines": [], "excluded_lines": [], "functions": {"": {"executed_lines": [1, 7, 9, 12, 13, 15, 16, 17, 20, 21, 23, 24, 25, 26, 27, 28, 31, 32, 34, 35, 36, 39, 40, 42, 43, 44, 45, 46, 47, 50, 51, 53, 54, 55, 56, 57, 60, 61, 63, 64, 65, 66], "summary": {"covered_lines": 35, "num_statements": 35, "percent_covered": 100.0, "percent_covered_display": "100", "missing_lines": 0, "excluded_lines": 0}, "missing_lines": [], "excluded_lines": []}}, "classes": {"ServiceCheck": {"executed_lines": [], "summary": {"covered_lines": 0, "num_statements": 0, "percent_covered": 100.0, "percent_covered_display": "100", "missing_lines": 0, "excluded_lines": 0}, "missing_lines": [], "excluded_lines": []}, "HealthCheckResponse": {"executed_lines": [], "summary": {"covered_lines": 0, "num_statements": 0, "percent_covered": 100.0, "percent_covered_display": "100", "missing_lines": 0, "excluded_lines": 0}, "missing_lines": [], "excluded_lines": []}, "StatusResponse": {"executed_lines": [], "summary": {"covered_lines": 0, "num_statements": 0, "percent_covered": 100.0, "percent_covered_display": "100", "missing_lines": 0, "excluded_lines": 0}, "missing_lines": [], "excluded_lines": []}, "MetricsResponse": {"executed_lines": [], "summary": {"covered_lines": 0, "num_statements": 0, "percent_covered": 100.0, "percent_covered_display": "100", "missing_lines": 0, "excluded_lines": 0}, "missing_lines": [], "excluded_lines": []}, "RootResponse": {"executed_lines": [], "summary": {"covered_lines": 0, "num_statements": 0, "percent_covered": 100.0, "percent_covered_display": "100", "missing_lines": 0, "excluded_lines": 0}, "missing_lines": [], "excluded_lines": []}, "ErrorResponse": {"executed_lines": [], "summary": {"covered_lines": 0, "num_statements": 0, "percent_covered": 100.0, "percent_covered_display": "100", "missing_lines": 0, "excluded_lines": 0}, "missing_lines": [], "excluded_lines": []}, "": {"executed_lines": [1, 7, 9, 12, 13, 15, 16, 17, 20, 21, 23, 24, 25, 26, 27, 28, 31, 32, 34, 35, 36, 39, 40, 42, 43, 44, 45, 46, 47, 50, 51, 53, 54, 55, 56, 57, 60, 61, 63, 64, 65, 66], "summary": {"covered_lines": 35, "num_statements": 35, "percent_covered": 100.0, "percent_covered_display": "100", "missing_lines": 0, "excluded_lines": 0}, "missing_lines": [], "excluded_lines": []}}}, "src/bad_example.py": {"executed_lines": [], "summary": {"covered_lines": 0, "num_statements": 8, "percent_covered": 0.0, "percent_covered_display": "0", "missing_lines": 8, "excluded_lines": 0}, "missing_lines": [2, 3, 4, 6, 9, 12, 13, 14], "excluded_lines": [], "functions": {"badly_formatted_function": {"executed_lines": [], "summary": {"covered_lines": 0, "num_statements": 3, "percent_covered": 0.0, "percent_covered_display": "0", "missing_lines": 3, "excluded_lines": 0}, "missing_lines": [3, 4, 6], "excluded_lines": []}, "": {"executed_lines": [], "summary": {"covered_lines": 0, "num_statements": 5, "percent_covered": 0.0, "percent_covered_display": "0", "missing_lines": 5, "excluded_lines": 0}, "missing_lines": [2, 9, 12, 13, 14], "excluded_lines": []}}, "classes": {"": {"executed_lines": [], "summary": {"covered_lines": 0, "num_statements": 8, "percent_covered": 0.0, "percent_covered_display": "0", "missing_lines": 8, "excluded_lines": 0}, "missing_lines": [2, 3, 4, 6, 9, 12, 13, 14], "excluded_lines": []}}}, "src/cache/__init__.py": {"executed_lines": [1, 11, 13], "summary": {"covered_lines": 2, "num_statements": 2, "percent_covered": 100.0, "percent_covered_display": "100", "missing_lines": 0, "excluded_lines": 0}, "missing_lines": [], "excluded_lines": [], "functions": {"": {"executed_lines": [1, 11, 13], "summary": {"covered_lines": 2, "num_statements": 2, "percent_covered": 100.0, "percent_covered_display": "100", "missing_lines": 0, "excluded_lines": 0}, "missing_lines": [], "excluded_lines": []}}, "classes": {"": {"executed_lines": [1, 11, 13], "summary": {"covered_lines": 2, "num_statements": 2, "percent_covered": 100.0, "percent_covered_display": "100", "missing_lines": 0, "excluded_lines": 0}, "missing_lines": [], "excluded_lines": []}}}, "src/cache/redis_manager.py": {"executed_lines": [1, 7, 8, 9, 10, 11, 13, 14, 15, 17, 20, 21, 28, 38, 49, 50, 68, 72, 73, 76, 77, 79, 81, 82, 92, 95, 96, 98, 100, 101, 103, 105, 106, 108, 110, 111, 113, 116, 117, 129, 149, 150, 151, 152, 153, 154, 157, 158, 161, 162, 165, 167, 171, 173, 175, 177, 179, 180, 188, 189, 195, 197, 198, 199, 207, 208, 214, 215, 219, 221, 222, 223, 227, 238, 239, 240, 242, 243, 244, 248, 249, 250, 252, 254, 255, 256, 257, 258, 259, 261, 280, 281, 282, 284, 286, 287, 290, 291, 293, 296, 298, 299, 301, 303, 304, 305, 310, 320, 321, 322, 324, 327, 328, 329, 330, 332, 333, 334, 339, 349, 353, 356, 357, 365, 375, 379, 380, 390, 401, 402, 406, 407, 408, 412, 413, 418, 419, 420, 421, 422, 423, 425, 444, 445, 449, 451, 452, 455, 456, 458, 461, 463, 464, 466, 468, 469, 470, 475, 485, 486, 490, 493, 494, 495, 496, 498, 499, 500, 505, 532, 558, 569, 572, 573, 574, 576, 577, 578, 580, 581, 582, 583, 587, 596, 607, 610, 612, 613, 614, 615, 619, 622, 625, 626, 627, 628, 629, 631, 640, 651, 652, 655, 656, 657, 659, 670, 679, 690, 691, 694, 696, 697, 698, 703, 706, 709, 710, 711, 712, 717, 720, 721, 722, 726, 733, 736, 737, 738, 743, 761, 768, 771, 772, 773, 786, 798, 813, 814, 816, 817, 819, 821, 822, 824, 825, 827, 831, 834, 842, 843, 844, 848, 850, 853, 857, 860, 862, 865, 867, 870, 874, 877, 879], "summary": {"covered_lines": 260, "num_statements": 406, "percent_covered": 64.03940886699507, "percent_covered_display": "64", "missing_lines": 146, "excluded_lines": 0}, "missing_lines": [69, 190, 191, 192, 193, 209, 210, 211, 212, 217, 245, 306, 307, 308, 325, 335, 336, 337, 350, 351, 354, 358, 359, 360, 361, 362, 363, 376, 377, 381, 382, 383, 384, 385, 386, 403, 404, 409, 414, 416, 446, 447, 471, 472, 473, 487, 488, 491, 501, 502, 503, 515, 516, 517, 518, 520, 521, 523, 524, 525, 526, 527, 528, 529, 530, 542, 543, 544, 545, 547, 548, 549, 550, 551, 552, 553, 554, 570, 589, 590, 591, 592, 593, 594, 608, 633, 634, 635, 636, 637, 638, 653, 660, 661, 663, 664, 665, 666, 672, 673, 674, 675, 676, 677, 692, 699, 713, 715, 718, 719, 734, 739, 740, 741, 750, 751, 752, 754, 755, 756, 757, 758, 759, 769, 782, 783, 784, 788, 789, 790, 791, 792, 793, 794, 795, 796, 800, 801, 802, 803, 804, 805, 806, 807, 808, 809], "excluded_lines": [], "functions": {"CacheKeyManager.build_key": {"executed_lines": [68, 72, 73, 76, 77, 79], "summary": {"covered_lines": 6, "num_statements": 7, "percent_covered": 85.71428571428571, "percent_covered_display": "86", "missing_lines": 1, "excluded_lines": 0}, "missing_lines": [69], "excluded_lines": []}, "CacheKeyManager.get_ttl": {"executed_lines": [92], "summary": {"covered_lines": 1, "num_statements": 1, "percent_covered": 100.0, "percent_covered_display": "100", "missing_lines": 0, "excluded_lines": 0}, "missing_lines": [], "excluded_lines": []}, "CacheKeyManager.match_features_key": {"executed_lines": [98], "summary": {"covered_lines": 1, "num_statements": 1, "percent_covered": 100.0, "percent_covered_display": "100", "missing_lines": 0, "excluded_lines": 0}, "missing_lines": [], "excluded_lines": []}, "CacheKeyManager.team_stats_key": {"executed_lines": [103], "summary": {"covered_lines": 1, "num_statements": 1, "percent_covered": 100.0, "percent_covered_display": "100", "missing_lines": 0, "excluded_lines": 0}, "missing_lines": [], "excluded_lines": []}, "CacheKeyManager.odds_key": {"executed_lines": [108], "summary": {"covered_lines": 1, "num_statements": 1, "percent_covered": 100.0, "percent_covered_display": "100", "missing_lines": 0, "excluded_lines": 0}, "missing_lines": [], "excluded_lines": []}, "CacheKeyManager.prediction_key": {"executed_lines": [113], "summary": {"covered_lines": 1, "num_statements": 1, "percent_covered": 100.0, "percent_covered_display": "100", "missing_lines": 0, "excluded_lines": 0}, "missing_lines": [], "excluded_lines": []}, "RedisManager.__init__": {"executed_lines": [149, 150, 151, 152, 153, 154, 157, 158, 161, 162, 165, 167], "summary": {"covered_lines": 12, "num_statements": 12, "percent_covered": 100.0, "percent_covered_display": "100", "missing_lines": 0, "excluded_lines": 0}, "missing_lines": [], "excluded_lines": []}, "RedisManager._mask_password": {"executed_lines": [173, 175], "summary": {"covered_lines": 2, "num_statements": 2, "percent_covered": 100.0, "percent_covered_display": "100", "missing_lines": 0, "excluded_lines": 0}, "missing_lines": [], "excluded_lines": []}, "RedisManager._init_sync_pool": {"executed_lines": [179, 180, 188, 189], "summary": {"covered_lines": 4, "num_statements": 8, "percent_covered": 50.0, "percent_covered_display": "50", "missing_lines": 4, "excluded_lines": 0}, "missing_lines": [190, 191, 192, 193], "excluded_lines": []}, "RedisManager._init_async_pool": {"executed_lines": [197, 198, 199, 207, 208], "summary": {"covered_lines": 5, "num_statements": 9, "percent_covered": 55.55555555555556, "percent_covered_display": "56", "missing_lines": 4, "excluded_lines": 0}, "missing_lines": [209, 210, 211, 212], "excluded_lines": []}, "RedisManager.sync_client": {"executed_lines": [], "summary": {"covered_lines": 0, "num_statements": 1, "percent_covered": 0.0, "percent_covered_display": "0", "missing_lines": 1, "excluded_lines": 0}, "missing_lines": [217], "excluded_lines": []}, "RedisManager.get_async_client": {"executed_lines": [221, 222, 223], "summary": {"covered_lines": 3, "num_statements": 3, "percent_covered": 100.0, "percent_covered_display": "100", "missing_lines": 0, "excluded_lines": 0}, "missing_lines": [], "excluded_lines": []}, "RedisManager.get": {"executed_lines": [238, 239, 240, 242, 243, 244, 248, 249, 250, 252, 254, 255, 256, 257, 258, 259], "summary": {"covered_lines": 16, "num_statements": 17, "percent_covered": 94.11764705882354, "percent_covered_display": "94", "missing_lines": 1, "excluded_lines": 0}, "missing_lines": [245], "excluded_lines": []}, "RedisManager.set": {"executed_lines": [280, 281, 282, 284, 286, 287, 290, 291, 293, 296, 298, 299, 301, 303, 304, 305], "summary": {"covered_lines": 16, "num_statements": 19, "percent_covered": 84.21052631578948, "percent_covered_display": "84", "missing_lines": 3, "excluded_lines": 0}, "missing_lines": [306, 307, 308], "excluded_lines": []}, "RedisManager.delete": {"executed_lines": [320, 321, 322, 324, 327, 328, 329, 330, 332, 333, 334], "summary": {"covered_lines": 11, "num_statements": 15, "percent_covered": 73.33333333333333, "percent_covered_display": "73", "missing_lines": 4, "excluded_lines": 0}, "missing_lines": [325, 335, 336, 337], "excluded_lines": []}, "RedisManager.exists": {"executed_lines": [349, 353, 356, 357], "summary": {"covered_lines": 4, "num_statements": 13, "percent_covered": 30.76923076923077, "percent_covered_display": "31", "missing_lines": 9, "excluded_lines": 0}, "missing_lines": [350, 351, 354, 358, 359, 360, 361, 362, 363], "excluded_lines": []}, "RedisManager.ttl": {"executed_lines": [375, 379, 380], "summary": {"covered_lines": 3, "num_statements": 11, "percent_covered": 27.272727272727273, "percent_covered_display": "27", "missing_lines": 8, "excluded_lines": 0}, "missing_lines": [376, 377, 381, 382, 383, 384, 385, 386], "excluded_lines": []}, "RedisManager.aget": {"executed_lines": [401, 402, 406, 407, 408, 412, 413, 418, 419, 420, 421, 422, 423], "summary": {"covered_lines": 13, "num_statements": 18, "percent_covered": 72.22222222222223, "percent_covered_display": "72", "missing_lines": 5, "excluded_lines": 0}, "missing_lines": [403, 404, 409, 414, 416], "excluded_lines": []}, "RedisManager.aset": {"executed_lines": [444, 445, 449, 451, 452, 455, 456, 458, 461, 463, 464, 466, 468, 469, 470], "summary": {"covered_lines": 15, "num_statements": 20, "percent_covered": 75.0, "percent_covered_display": "75", "missing_lines": 5, "excluded_lines": 0}, "missing_lines": [446, 447, 471, 472, 473], "excluded_lines": []}, "RedisManager.adelete": {"executed_lines": [485, 486, 490, 493, 494, 495, 496, 498, 499, 500], "summary": {"covered_lines": 10, "num_statements": 16, "percent_covered": 62.5, "percent_covered_display": "62", "missing_lines": 6, "excluded_lines": 0}, "missing_lines": [487, 488, 491, 501, 502, 503], "excluded_lines": []}, "RedisManager.aexists": {"executed_lines": [], "summary": {"covered_lines": 0, "num_statements": 14, "percent_covered": 0.0, "percent_covered_display": "0", "missing_lines": 14, "excluded_lines": 0}, "missing_lines": [515, 516, 517, 518, 520, 521, 523, 524, 525, 526, 527, 528, 529, 530], "excluded_lines": []}, "RedisManager.attl": {"executed_lines": [], "summary": {"covered_lines": 0, "num_statements": 12, "percent_covered": 0.0, "percent_covered_display": "0", "missing_lines": 12, "excluded_lines": 0}, "missing_lines": [542, 543, 544, 545, 547, 548, 549, 550, 551, 552, 553, 554], "excluded_lines": []}, "RedisManager.mget": {"executed_lines": [569, 572, 573, 574, 576, 577, 578, 580, 581, 582, 583, 587], "summary": {"covered_lines": 12, "num_statements": 19, "percent_covered": 63.1578947368421, "percent_covered_display": "63", "missing_lines": 7, "excluded_lines": 0}, "missing_lines": [570, 589, 590, 591, 592, 593, 594], "excluded_lines": []}, "RedisManager.mset": {"executed_lines": [607, 610, 612, 613, 614, 615, 619, 622, 625, 626, 627, 628, 629, 631], "summary": {"covered_lines": 14, "num_statements": 21, "percent_covered": 66.66666666666667, "percent_covered_display": "67", "missing_lines": 7, "excluded_lines": 0}, "missing_lines": [608, 633, 634, 635, 636, 637, 638], "excluded_lines": []}, "RedisManager.amget": {"executed_lines": [651, 652, 655, 656, 657, 659, 670], "summary": {"covered_lines": 7, "num_statements": 20, "percent_covered": 35.0, "percent_covered_display": "35", "missing_lines": 13, "excluded_lines": 0}, "missing_lines": [653, 660, 661, 663, 664, 665, 666, 672, 673, 674, 675, 676, 677], "excluded_lines": []}, "RedisManager.amset": {"executed_lines": [690, 691, 694, 696, 697, 698, 703, 706, 709, 710, 711, 712, 717, 720, 721, 722], "summary": {"covered_lines": 16, "num_statements": 22, "percent_covered": 72.72727272727273, "percent_covered_display": "73", "missing_lines": 6, "excluded_lines": 0}, "missing_lines": [692, 699, 713, 715, 718, 719], "excluded_lines": []}, "RedisManager.ping": {"executed_lines": [733, 736, 737, 738], "summary": {"covered_lines": 4, "num_statements": 8, "percent_covered": 50.0, "percent_covered_display": "50", "missing_lines": 4, "excluded_lines": 0}, "missing_lines": [734, 739, 740, 741], "excluded_lines": []}, "RedisManager.aping": {"executed_lines": [], "summary": {"covered_lines": 0, "num_statements": 9, "percent_covered": 0.0, "percent_covered_display": "0", "missing_lines": 9, "excluded_lines": 0}, "missing_lines": [750, 751, 752, 754, 755, 756, 757, 758, 759], "excluded_lines": []}, "RedisManager.get_info": {"executed_lines": [768, 771, 772, 773], "summary": {"covered_lines": 4, "num_statements": 8, "percent_covered": 50.0, "percent_covered_display": "50", "missing_lines": 4, "excluded_lines": 0}, "missing_lines": [769, 782, 783, 784], "excluded_lines": []}, "RedisManager.close": {"executed_lines": [], "summary": {"covered_lines": 0, "num_statements": 9, "percent_covered": 0.0, "percent_covered_display": "0", "missing_lines": 9, "excluded_lines": 0}, "missing_lines": [788, 789, 790, 791, 792, 793, 794, 795, 796], "excluded_lines": []}, "RedisManager.aclose": {"executed_lines": [], "summary": {"covered_lines": 0, "num_statements": 10, "percent_covered": 0.0, "percent_covered_display": "0", "missing_lines": 10, "excluded_lines": 0}, "missing_lines": [800, 801, 802, 803, 804, 805, 806, 807, 808, 809], "excluded_lines": []}, "RedisManager.sync_context": {"executed_lines": [816, 817, 819], "summary": {"covered_lines": 3, "num_statements": 3, "percent_covered": 100.0, "percent_covered_display": "100", "missing_lines": 0, "excluded_lines": 0}, "missing_lines": [], "excluded_lines": []}, "RedisManager.async_context": {"executed_lines": [824, 825, 827], "summary": {"covered_lines": 3, "num_statements": 3, "percent_covered": 100.0, "percent_covered_display": "100", "missing_lines": 0, "excluded_lines": 0}, "missing_lines": [], "excluded_lines": []}, "get_redis_manager": {"executed_lines": [842, 843, 844], "summary": {"covered_lines": 3, "num_statements": 3, "percent_covered": 100.0, "percent_covered_display": "100", "missing_lines": 0, "excluded_lines": 0}, "missing_lines": [], "excluded_lines": []}, "get_cache": {"executed_lines": [850], "summary": {"covered_lines": 1, "num_statements": 1, "percent_covered": 100.0, "percent_covered_display": "100", "missing_lines": 0, "excluded_lines": 0}, "missing_lines": [], "excluded_lines": []}, "set_cache": {"executed_lines": [857], "summary": {"covered_lines": 1, "num_statements": 1, "percent_covered": 100.0, "percent_covered_display": "100", "missing_lines": 0, "excluded_lines": 0}, "missing_lines": [], "excluded_lines": []}, "delete_cache": {"executed_lines": [862], "summary": {"covered_lines": 1, "num_statements": 1, "percent_covered": 100.0, "percent_covered_display": "100", "missing_lines": 0, "excluded_lines": 0}, "missing_lines": [], "excluded_lines": []}, "aget_cache": {"executed_lines": [867], "summary": {"covered_lines": 1, "num_statements": 1, "percent_covered": 100.0, "percent_covered_display": "100", "missing_lines": 0, "excluded_lines": 0}, "missing_lines": [], "excluded_lines": []}, "aset_cache": {"executed_lines": [874], "summary": {"covered_lines": 1, "num_statements": 1, "percent_covered": 100.0, "percent_covered_display": "100", "missing_lines": 0, "excluded_lines": 0}, "missing_lines": [], "excluded_lines": []}, "adelete_cache": {"executed_lines": [879], "summary": {"covered_lines": 1, "num_statements": 1, "percent_covered": 100.0, "percent_covered_display": "100", "missing_lines": 0, "excluded_lines": 0}, "missing_lines": [], "excluded_lines": []}, "": {"executed_lines": [1, 7, 8, 9, 10, 11, 13, 14, 15, 17, 20, 21, 28, 38, 49, 50, 81, 82, 95, 96, 100, 101, 105, 106, 110, 111, 116, 117, 129, 171, 177, 195, 214, 215, 219, 227, 261, 310, 339, 365, 390, 425, 475, 505, 532, 558, 596, 640, 679, 726, 743, 761, 786, 798, 813, 814, 821, 822, 831, 834, 848, 853, 860, 865, 870, 877], "summary": {"covered_lines": 63, "num_statements": 63, "percent_covered": 100.0, "percent_covered_display": "100", "missing_lines": 0, "excluded_lines": 0}, "missing_lines": [], "excluded_lines": []}}, "classes": {"CacheKeyManager": {"executed_lines": [68, 72, 73, 76, 77, 79, 92, 98, 103, 108, 113], "summary": {"covered_lines": 11, "num_statements": 12, "percent_covered": 91.66666666666667, "percent_covered_display": "92", "missing_lines": 1, "excluded_lines": 0}, "missing_lines": [69], "excluded_lines": []}, "RedisManager": {"executed_lines": [149, 150, 151, 152, 153, 154, 157, 158, 161, 162, 165, 167, 173, 175, 179, 180, 188, 189, 197, 198, 199, 207, 208, 221, 222, 223, 238, 239, 240, 242, 243, 244, 248, 249, 250, 252, 254, 255, 256, 257, 258, 259, 280, 281, 282, 284, 286, 287, 290, 291, 293, 296, 298, 299, 301, 303, 304, 305, 320, 321, 322, 324, 327, 328, 329, 330, 332, 333, 334, 349, 353, 356, 357, 375, 379, 380, 401, 402, 406, 407, 408, 412, 413, 418, 419, 420, 421, 422, 423, 444, 445, 449, 451, 452, 455, 456, 458, 461, 463, 464, 466, 468, 469, 470, 485, 486, 490, 493, 494, 495, 496, 498, 499, 500, 569, 572, 573, 574, 576, 577, 578, 580, 581, 582, 583, 587, 607, 610, 612, 613, 614, 615, 619, 622, 625, 626, 627, 628, 629, 631, 651, 652, 655, 656, 657, 659, 670, 690, 691, 694, 696, 697, 698, 703, 706, 709, 710, 711, 712, 717, 720, 721, 722, 733, 736, 737, 738, 768, 771, 772, 773, 816, 817, 819, 824, 825, 827], "summary": {"covered_lines": 177, "num_statements": 322, "percent_covered": 54.96894409937888, "percent_covered_display": "55", "missing_lines": 145, "excluded_lines": 0}, "missing_lines": [190, 191, 192, 193, 209, 210, 211, 212, 217, 245, 306, 307, 308, 325, 335, 336, 337, 350, 351, 354, 358, 359, 360, 361, 362, 363, 376, 377, 381, 382, 383, 384, 385, 386, 403, 404, 409, 414, 416, 446, 447, 471, 472, 473, 487, 488, 491, 501, 502, 503, 515, 516, 517, 518, 520, 521, 523, 524, 525, 526, 527, 528, 529, 530, 542, 543, 544, 545, 547, 548, 549, 550, 551, 552, 553, 554, 570, 589, 590, 591, 592, 593, 594, 608, 633, 634, 635, 636, 637, 638, 653, 660, 661, 663, 664, 665, 666, 672, 673, 674, 675, 676, 677, 692, 699, 713, 715, 718, 719, 734, 739, 740, 741, 750, 751, 752, 754, 755, 756, 757, 758, 759, 769, 782, 783, 784, 788, 789, 790, 791, 792, 793, 794, 795, 796, 800, 801, 802, 803, 804, 805, 806, 807, 808, 809], "excluded_lines": []}, "": {"executed_lines": [1, 7, 8, 9, 10, 11, 13, 14, 15, 17, 20, 21, 28, 38, 49, 50, 81, 82, 95, 96, 100, 101, 105, 106, 110, 111, 116, 117, 129, 171, 177, 195, 214, 215, 219, 227, 261, 310, 339, 365, 390, 425, 475, 505, 532, 558, 596, 640, 679, 726, 743, 761, 786, 798, 813, 814, 821, 822, 831, 834, 842, 843, 844, 848, 850, 853, 857, 860, 862, 865, 867, 870, 874, 877, 879], "summary": {"covered_lines": 72, "num_statements": 72, "percent_covered": 100.0, "percent_covered_display": "100", "missing_lines": 0, "excluded_lines": 0}, "missing_lines": [], "excluded_lines": []}}}, "src/core/__init__.py": {"executed_lines": [1, 11, 12, 14, 16], "summary": {"covered_lines": 4, "num_statements": 4, "percent_covered": 100.0, "percent_covered_display": "100", "missing_lines": 0, "excluded_lines": 0}, "missing_lines": [], "excluded_lines": [], "functions": {"": {"executed_lines": [1, 11, 12, 14, 16], "summary": {"covered_lines": 4, "num_statements": 4, "percent_covered": 100.0, "percent_covered_display": "100", "missing_lines": 0, "excluded_lines": 0}, "missing_lines": [], "excluded_lines": []}}, "classes": {"": {"executed_lines": [1, 11, 12, 14, 16], "summary": {"covered_lines": 4, "num_statements": 4, "percent_covered": 100.0, "percent_covered_display": "100", "missing_lines": 0, "excluded_lines": 0}, "missing_lines": [], "excluded_lines": []}}}, "src/core/config.py": {"executed_lines": [1, 7, 8, 9, 10, 13, 14, 16, 18, 19, 20, 21, 23, 25, 26, 27, 28, 29, 31, 33, 35, 37, 39, 41, 44, 45, 47, 51], "summary": {"covered_lines": 26, "num_statements": 26, "percent_covered": 100.0, "percent_covered_display": "100", "missing_lines": 0, "excluded_lines": 0}, "missing_lines": [], "excluded_lines": [], "functions": {"Config.__init__": {"executed_lines": [18, 19, 20, 21], "summary": {"covered_lines": 4, "num_statements": 4, "percent_covered": 100.0, "percent_covered_display": "100", "missing_lines": 0, "excluded_lines": 0}, "missing_lines": [], "excluded_lines": []}, "Config._load_config": {"executed_lines": [25, 26, 27, 28, 29, 31], "summary": {"covered_lines": 6, "num_statements": 6, "percent_covered": 100.0, "percent_covered_display": "100", "missing_lines": 0, "excluded_lines": 0}, "missing_lines": [], "excluded_lines": []}, "Config.get": {"executed_lines": [35], "summary": {"covered_lines": 1, "num_statements": 1, "percent_covered": 100.0, "percent_covered_display": "100", "missing_lines": 0, "excluded_lines": 0}, "missing_lines": [], "excluded_lines": []}, "Config.set": {"executed_lines": [39], "summary": {"covered_lines": 1, "num_statements": 1, "percent_covered": 100.0, "percent_covered_display": "100", "missing_lines": 0, "excluded_lines": 0}, "missing_lines": [], "excluded_lines": []}, "Config.save": {"executed_lines": [44, 45, 47], "summary": {"covered_lines": 3, "num_statements": 3, "percent_covered": 100.0, "percent_covered_display": "100", "missing_lines": 0, "excluded_lines": 0}, "missing_lines": [], "excluded_lines": []}, "": {"executed_lines": [1, 7, 8, 9, 10, 13, 14, 16, 23, 33, 37, 41, 51], "summary": {"covered_lines": 11, "num_statements": 11, "percent_covered": 100.0, "percent_covered_display": "100", "missing_lines": 0, "excluded_lines": 0}, "missing_lines": [], "excluded_lines": []}}, "classes": {"Config": {"executed_lines": [18, 19, 20, 21, 25, 26, 27, 28, 29, 31, 35, 39, 44, 45, 47], "summary": {"covered_lines": 15, "num_statements": 15, "percent_covered": 100.0, "percent_covered_display": "100", "missing_lines": 0, "excluded_lines": 0}, "missing_lines": [], "excluded_lines": []}, "": {"executed_lines": [1, 7, 8, 9, 10, 13, 14, 16, 23, 33, 37, 41, 51], "summary": {"covered_lines": 11, "num_statements": 11, "percent_covered": 100.0, "percent_covered_display": "100", "missing_lines": 0, "excluded_lines": 0}, "missing_lines": [], "excluded_lines": []}}}, "src/core/exceptions.py": {"executed_lines": [1, 8, 9, 12, 13, 16, 17, 20, 21, 24, 25], "summary": {"covered_lines": 5, "num_statements": 5, "percent_covered": 100.0, "percent_covered_display": "100", "missing_lines": 0, "excluded_lines": 0}, "missing_lines": [], "excluded_lines": [], "functions": {"": {"executed_lines": [1, 8, 9, 12, 13, 16, 17, 20, 21, 24, 25], "summary": {"covered_lines": 5, "num_statements": 5, "percent_covered": 100.0, "percent_covered_display": "100", "missing_lines": 0, "excluded_lines": 0}, "missing_lines": [], "excluded_lines": []}}, "classes": {"FootballPredictionError": {"executed_lines": [], "summary": {"covered_lines": 0, "num_statements": 0, "percent_covered": 100.0, "percent_covered_display": "100", "missing_lines": 0, "excluded_lines": 0}, "missing_lines": [], "excluded_lines": []}, "ConfigError": {"executed_lines": [], "summary": {"covered_lines": 0, "num_statements": 0, "percent_covered": 100.0, "percent_covered_display": "100", "missing_lines": 0, "excluded_lines": 0}, "missing_lines": [], "excluded_lines": []}, "DataError": {"executed_lines": [], "summary": {"covered_lines": 0, "num_statements": 0, "percent_covered": 100.0, "percent_covered_display": "100", "missing_lines": 0, "excluded_lines": 0}, "missing_lines": [], "excluded_lines": []}, "ModelError": {"executed_lines": [], "summary": {"covered_lines": 0, "num_statements": 0, "percent_covered": 100.0, "percent_covered_display": "100", "missing_lines": 0, "excluded_lines": 0}, "missing_lines": [], "excluded_lines": []}, "PredictionError": {"executed_lines": [], "summary": {"covered_lines": 0, "num_statements": 0, "percent_covered": 100.0, "percent_covered_display": "100", "missing_lines": 0, "excluded_lines": 0}, "missing_lines": [], "excluded_lines": []}, "": {"executed_lines": [1, 8, 9, 12, 13, 16, 17, 20, 21, 24, 25], "summary": {"covered_lines": 5, "num_statements": 5, "percent_covered": 100.0, "percent_covered_display": "100", "missing_lines": 0, "excluded_lines": 0}, "missing_lines": [], "excluded_lines": []}}}, "src/core/logger.py": {"executed_lines": [1, 7, 10, 11, 13, 14, 16, 17, 19, 20, 21, 24, 25, 27, 31], "summary": {"covered_lines": 13, "num_statements": 13, "percent_covered": 100.0, "percent_covered_display": "100", "missing_lines": 0, "excluded_lines": 0}, "missing_lines": [], "excluded_lines": [], "functions": {"Logger.setup_logger": {"executed_lines": [16, 17, 19, 20, 21, 24, 25, 27], "summary": {"covered_lines": 8, "num_statements": 8, "percent_covered": 100.0, "percent_covered_display": "100", "missing_lines": 0, "excluded_lines": 0}, "missing_lines": [], "excluded_lines": []}, "": {"executed_lines": [1, 7, 10, 11, 13, 14, 31], "summary": {"covered_lines": 5, "num_statements": 5, "percent_covered": 100.0, "percent_covered_display": "100", "missing_lines": 0, "excluded_lines": 0}, "missing_lines": [], "excluded_lines": []}}, "classes": {"Logger": {"executed_lines": [16, 17, 19, 20, 21, 24, 25, 27], "summary": {"covered_lines": 8, "num_statements": 8, "percent_covered": 100.0, "percent_covered_display": "100", "missing_lines": 0, "excluded_lines": 0}, "missing_lines": [], "excluded_lines": []}, "": {"executed_lines": [1, 7, 10, 11, 13, 14, 31], "summary": {"covered_lines": 5, "num_statements": 5, "percent_covered": 100.0, "percent_covered_display": "100", "missing_lines": 0, "excluded_lines": 0}, "missing_lines": [], "excluded_lines": []}}}, "src/core/logging.py": {"executed_lines": [1, 7, 8, 10, 13, 24], "summary": {"covered_lines": 5, "num_statements": 5, "percent_covered": 100.0, "percent_covered_display": "100", "missing_lines": 0, "excluded_lines": 0}, "missing_lines": [], "excluded_lines": [], "functions": {"get_logger": {"executed_lines": [24], "summary": {"covered_lines": 1, "num_statements": 1, "percent_covered": 100.0, "percent_covered_display": "100", "missing_lines": 0, "excluded_lines": 0}, "missing_lines": [], "excluded_lines": []}, "": {"executed_lines": [1, 7, 8, 10, 13], "summary": {"covered_lines": 4, "num_statements": 4, "percent_covered": 100.0, "percent_covered_display": "100", "missing_lines": 0, "excluded_lines": 0}, "missing_lines": [], "excluded_lines": []}}, "classes": {"": {"executed_lines": [1, 7, 8, 10, 13, 24], "summary": {"covered_lines": 5, "num_statements": 5, "percent_covered": 100.0, "percent_covered_display": "100", "missing_lines": 0, "excluded_lines": 0}, "missing_lines": [], "excluded_lines": []}}}, "src/data/__init__.py": {"executed_lines": [1, 15, 17], "summary": {"covered_lines": 2, "num_statements": 2, "percent_covered": 100.0, "percent_covered_display": "100", "missing_lines": 0, "excluded_lines": 0}, "missing_lines": [], "excluded_lines": [], "functions": {"": {"executed_lines": [1, 15, 17], "summary": {"covered_lines": 2, "num_statements": 2, "percent_covered": 100.0, "percent_covered_display": "100", "missing_lines": 0, "excluded_lines": 0}, "missing_lines": [], "excluded_lines": []}}, "classes": {"": {"executed_lines": [1, 15, 17], "summary": {"covered_lines": 2, "num_statements": 2, "percent_covered": 100.0, "percent_covered_display": "100", "missing_lines": 0, "excluded_lines": 0}, "missing_lines": [], "excluded_lines": []}}}, "src/data/collectors/__init__.py": {"executed_lines": [1, 13, 14, 15, 16, 18], "summary": {"covered_lines": 5, "num_statements": 5, "percent_covered": 100.0, "percent_covered_display": "100", "missing_lines": 0, "excluded_lines": 0}, "missing_lines": [], "excluded_lines": [], "functions": {"": {"executed_lines": [1, 13, 14, 15, 16, 18], "summary": {"covered_lines": 5, "num_statements": 5, "percent_covered": 100.0, "percent_covered_display": "100", "missing_lines": 0, "excluded_lines": 0}, "missing_lines": [], "excluded_lines": []}}, "classes": {"": {"executed_lines": [1, 13, 14, 15, 16, 18], "summary": {"covered_lines": 5, "num_statements": 5, "percent_covered": 100.0, "percent_covered_display": "100", "missing_lines": 0, "excluded_lines": 0}, "missing_lines": [], "excluded_lines": []}}}, "src/data/collectors/base_collector.py": {"executed_lines": [1, 10, 11, 12, 13, 14, 16, 18, 21, 22, 23, 25, 26, 27, 28, 29, 30, 31, 32, 35, 36, 46, 69, 70, 82, 83, 96, 97, 110, 161, 258, 284, 314, 355], "summary": {"covered_lines": 25, "num_statements": 142, "percent_covered": 17.6056338028169, "percent_covered_display": "18", "missing_lines": 117, "excluded_lines": 38}, "missing_lines": [62, 63, 64, 65, 66, 67, 134, 135, 136, 137, 138, 145, 146, 148, 152, 153, 156, 157, 159, 173, 174, 175, 177, 179, 181, 186, 192, 193, 195, 197, 198, 199, 201, 202, 204, 207, 215, 216, 217, 218, 219, 220, 221, 222, 225, 226, 228, 229, 230, 231, 233, 234, 235, 236, 237, 238, 240, 241, 243, 244, 245, 248, 250, 254, 255, 256, 275, 276, 281, 282, 294, 295, 298, 302, 304, 305, 306, 307, 308, 310, 311, 312, 322, 323, 326, 327, 328, 330, 331, 332, 334, 335, 336, 337, 338, 339, 341, 343, 350, 352, 353, 362, 365, 371, 372, 373, 374, 377, 380, 381, 384, 386, 387, 388, 397, 400, 402], "excluded_lines": [69, 70, 71, 72, 73, 74, 75, 76, 77, 78, 79, 80, 82, 83, 84, 85, 86, 87, 88, 89, 90, 91, 92, 93, 94, 96, 97, 98, 99, 100, 101, 102, 103, 104, 105, 106, 107, 108], "functions": {"DataCollector.__init__": {"executed_lines": [], "summary": {"covered_lines": 0, "num_statements": 6, "percent_covered": 0.0, "percent_covered_display": "0", "missing_lines": 6, "excluded_lines": 0}, "missing_lines": [62, 63, 64, 65, 66, 67], "excluded_lines": []}, "DataCollector.collect_fixtures": {"executed_lines": [], "summary": {"covered_lines": 0, "num_statements": 0, "percent_covered": 100.0, "percent_covered_display": "100", "missing_lines": 0, "excluded_lines": 10}, "missing_lines": [], "excluded_lines": [71, 72, 73, 74, 75, 76, 77, 78, 79, 80]}, "DataCollector.collect_odds": {"executed_lines": [], "summary": {"covered_lines": 0, "num_statements": 0, "percent_covered": 100.0, "percent_covered_display": "100", "missing_lines": 0, "excluded_lines": 11}, "missing_lines": [], "excluded_lines": [84, 85, 86, 87, 88, 89, 90, 91, 92, 93, 94]}, "DataCollector.collect_live_scores": {"executed_lines": [], "summary": {"covered_lines": 0, "num_statements": 0, "percent_covered": 100.0, "percent_covered_display": "100", "missing_lines": 0, "excluded_lines": 11}, "missing_lines": [], "excluded_lines": [98, 99, 100, 101, 102, 103, 104, 105, 106, 107, 108]}, "DataCollector._make_request": {"executed_lines": [], "summary": {"covered_lines": 0, "num_statements": 13, "percent_covered": 0.0, "percent_covered_display": "0", "missing_lines": 13, "excluded_lines": 0}, "missing_lines": [134, 135, 136, 137, 138, 145, 146, 148, 152, 153, 156, 157, 159], "excluded_lines": []}, "DataCollector._save_to_bronze_layer": {"executed_lines": [], "summary": {"covered_lines": 0, "num_statements": 47, "percent_covered": 0.0, "percent_covered_display": "0", "missing_lines": 47, "excluded_lines": 0}, "missing_lines": [173, 174, 175, 177, 179, 181, 186, 192, 193, 195, 197, 198, 199, 201, 202, 204, 207, 215, 216, 217, 218, 219, 220, 221, 222, 225, 226, 228, 229, 230, 231, 233, 234, 235, 236, 237, 238, 240, 241, 243, 244, 245, 248, 250, 254, 255, 256], "excluded_lines": []}, "DataCollector._is_duplicate_record": {"executed_lines": [], "summary": {"covered_lines": 0, "num_statements": 4, "percent_covered": 0.0, "percent_covered_display": "0", "missing_lines": 4, "excluded_lines": 0}, "missing_lines": [275, 276, 281, 282], "excluded_lines": []}, "DataCollector._create_collection_log": {"executed_lines": [], "summary": {"covered_lines": 0, "num_statements": 12, "percent_covered": 0.0, "percent_covered_display": "0", "missing_lines": 12, "excluded_lines": 0}, "missing_lines": [294, 295, 298, 302, 304, 305, 306, 307, 308, 310, 311, 312], "excluded_lines": []}, "DataCollector._update_collection_log": {"executed_lines": [], "summary": {"covered_lines": 0, "num_statements": 19, "percent_covered": 0.0, "percent_covered_display": "0", "missing_lines": 19, "excluded_lines": 0}, "missing_lines": [322, 323, 326, 327, 328, 330, 331, 332, 334, 335, 336, 337, 338, 339, 341, 343, 350, 352, 353], "excluded_lines": []}, "DataCollector.collect_all_data": {"executed_lines": [], "summary": {"covered_lines": 0, "num_statements": 16, "percent_covered": 0.0, "percent_covered_display": "0", "missing_lines": 16, "excluded_lines": 0}, "missing_lines": [362, 365, 371, 372, 373, 374, 377, 380, 381, 384, 386, 387, 388, 397, 400, 402], "excluded_lines": []}, "": {"executed_lines": [1, 10, 11, 12, 13, 14, 16, 18, 21, 22, 23, 25, 26, 27, 28, 29, 30, 31, 32, 35, 36, 46, 69, 70, 82, 83, 96, 97, 110, 161, 258, 284, 314, 355], "summary": {"covered_lines": 25, "num_statements": 25, "percent_covered": 100.0, "percent_covered_display": "100", "missing_lines": 0, "excluded_lines": 6}, "missing_lines": [], "excluded_lines": [69, 70, 82, 83, 96, 97]}}, "classes": {"CollectionResult": {"executed_lines": [], "summary": {"covered_lines": 0, "num_statements": 0, "percent_covered": 100.0, "percent_covered_display": "100", "missing_lines": 0, "excluded_lines": 0}, "missing_lines": [], "excluded_lines": []}, "DataCollector": {"executed_lines": [], "summary": {"covered_lines": 0, "num_statements": 117, "percent_covered": 0.0, "percent_covered_display": "0", "missing_lines": 117, "excluded_lines": 32}, "missing_lines": [62, 63, 64, 65, 66, 67, 134, 135, 136, 137, 138, 145, 146, 148, 152, 153, 156, 157, 159, 173, 174, 175, 177, 179, 181, 186, 192, 193, 195, 197, 198, 199, 201, 202, 204, 207, 215, 216, 217, 218, 219, 220, 221, 222, 225, 226, 228, 229, 230, 231, 233, 234, 235, 236, 237, 238, 240, 241, 243, 244, 245, 248, 250, 254, 255, 256, 275, 276, 281, 282, 294, 295, 298, 302, 304, 305, 306, 307, 308, 310, 311, 312, 322, 323, 326, 327, 328, 330, 331, 332, 334, 335, 336, 337, 338, 339, 341, 343, 350, 352, 353, 362, 365, 371, 372, 373, 374, 377, 380, 381, 384, 386, 387, 388, 397, 400, 402], "excluded_lines": [71, 72, 73, 74, 75, 76, 77, 78, 79, 80, 84, 85, 86, 87, 88, 89, 90, 91, 92, 93, 94, 98, 99, 100, 101, 102, 103, 104, 105, 106, 107, 108]}, "": {"executed_lines": [1, 10, 11, 12, 13, 14, 16, 18, 21, 22, 23, 25, 26, 27, 28, 29, 30, 31, 32, 35, 36, 46, 69, 70, 82, 83, 96, 97, 110, 161, 258, 284, 314, 355], "summary": {"covered_lines": 25, "num_statements": 25, "percent_covered": 100.0, "percent_covered_display": "100", "missing_lines": 0, "excluded_lines": 6}, "missing_lines": [], "excluded_lines": [69, 70, 82, 83, 96, 97]}}}, "src/data/collectors/fixtures_collector.py": {"executed_lines": [1, 16, 17, 18, 20, 23, 24, 31, 55, 189, 200, 211, 234, 254, 295, 316, 359], "summary": {"covered_lines": 15, "num_statements": 109, "percent_covered": 13.761467889908257, "percent_covered_display": "14", "missing_lines": 94, "excluded_lines": 0}, "missing_lines": [46, 47, 48, 51, 53, 83, 84, 85, 86, 88, 90, 91, 92, 93, 96, 97, 99, 105, 108, 109, 110, 115, 116, 118, 119, 120, 121, 124, 125, 126, 127, 128, 130, 131, 133, 134, 135, 136, 138, 139, 140, 141, 144, 147, 148, 151, 152, 153, 154, 155, 157, 159, 170, 175, 177, 178, 179, 191, 202, 218, 221, 230, 231, 232, 246, 249, 250, 251, 252, 271, 272, 273, 277, 283, 289, 291, 292, 293, 306, 313, 314, 329, 331, 332, 335, 339, 353, 355, 356, 357, 373, 380, 385, 386], "excluded_lines": [], "functions": {"FixturesCollector.__init__": {"executed_lines": [], "summary": {"covered_lines": 0, "num_statements": 5, "percent_covered": 0.0, "percent_covered_display": "0", "missing_lines": 5, "excluded_lines": 0}, "missing_lines": [46, 47, 48, 51, 53], "excluded_lines": []}, "FixturesCollector.collect_fixtures": {"executed_lines": [], "summary": {"covered_lines": 0, "num_statements": 52, "percent_covered": 0.0, "percent_covered_display": "0", "missing_lines": 52, "excluded_lines": 0}, "missing_lines": [83, 84, 85, 86, 88, 90, 91, 92, 93, 96, 97, 99, 105, 108, 109, 110, 115, 116, 118, 119, 120, 121, 124, 125, 126, 127, 128, 130, 131, 133, 134, 135, 136, 138, 139, 140, 141, 144, 147, 148, 151, 152, 153, 154, 155, 157, 159, 170, 175, 177, 178, 179], "excluded_lines": []}, "FixturesCollector.collect_odds": {"executed_lines": [], "summary": {"covered_lines": 0, "num_statements": 1, "percent_covered": 0.0, "percent_covered_display": "0", "missing_lines": 1, "excluded_lines": 0}, "missing_lines": [191], "excluded_lines": []}, "FixturesCollector.collect_live_scores": {"executed_lines": [], "summary": {"covered_lines": 0, "num_statements": 1, "percent_covered": 0.0, "percent_covered_display": "0", "missing_lines": 1, "excluded_lines": 0}, "missing_lines": [202], "excluded_lines": []}, "FixturesCollector._get_active_leagues": {"executed_lines": [], "summary": {"covered_lines": 0, "num_statements": 5, "percent_covered": 0.0, "percent_covered_display": "0", "missing_lines": 5, "excluded_lines": 0}, "missing_lines": [218, 221, 230, 231, 232], "excluded_lines": []}, "FixturesCollector._load_existing_matches": {"executed_lines": [], "summary": {"covered_lines": 0, "num_statements": 5, "percent_covered": 0.0, "percent_covered_display": "0", "missing_lines": 5, "excluded_lines": 0}, "missing_lines": [246, 249, 250, 251, 252], "excluded_lines": []}, "FixturesCollector._collect_league_fixtures": {"executed_lines": [], "summary": {"covered_lines": 0, "num_statements": 9, "percent_covered": 0.0, "percent_covered_display": "0", "missing_lines": 9, "excluded_lines": 0}, "missing_lines": [271, 272, 273, 277, 283, 289, 291, 292, 293], "excluded_lines": []}, "FixturesCollector._generate_match_key": {"executed_lines": [], "summary": {"covered_lines": 0, "num_statements": 3, "percent_covered": 0.0, "percent_covered_display": "0", "missing_lines": 3, "excluded_lines": 0}, "missing_lines": [306, 313, 314], "excluded_lines": []}, "FixturesCollector._clean_fixture_data": {"executed_lines": [], "summary": {"covered_lines": 0, "num_statements": 9, "percent_covered": 0.0, "percent_covered_display": "0", "missing_lines": 9, "excluded_lines": 0}, "missing_lines": [329, 331, 332, 335, 339, 353, 355, 356, 357], "excluded_lines": []}, "FixturesCollector._detect_missing_matches": {"executed_lines": [], "summary": {"covered_lines": 0, "num_statements": 4, "percent_covered": 0.0, "percent_covered_display": "0", "missing_lines": 4, "excluded_lines": 0}, "missing_lines": [373, 380, 385, 386], "excluded_lines": []}, "": {"executed_lines": [1, 16, 17, 18, 20, 23, 24, 31, 55, 189, 200, 211, 234, 254, 295, 316, 359], "summary": {"covered_lines": 15, "num_statements": 15, "percent_covered": 100.0, "percent_covered_display": "100", "missing_lines": 0, "excluded_lines": 0}, "missing_lines": [], "excluded_lines": []}}, "classes": {"FixturesCollector": {"executed_lines": [], "summary": {"covered_lines": 0, "num_statements": 94, "percent_covered": 0.0, "percent_covered_display": "0", "missing_lines": 94, "excluded_lines": 0}, "missing_lines": [46, 47, 48, 51, 53, 83, 84, 85, 86, 88, 90, 91, 92, 93, 96, 97, 99, 105, 108, 109, 110, 115, 116, 118, 119, 120, 121, 124, 125, 126, 127, 128, 130, 131, 133, 134, 135, 136, 138, 139, 140, 141, 144, 147, 148, 151, 152, 153, 154, 155, 157, 159, 170, 175, 177, 178, 179, 191, 202, 218, 221, 230, 231, 232, 246, 249, 250, 251, 252, 271, 272, 273, 277, 283, 289, 291, 292, 293, 306, 313, 314, 329, 331, 332, 335, 339, 353, 355, 356, 357, 373, 380, 385, 386], "excluded_lines": []}, "": {"executed_lines": [1, 16, 17, 18, 20, 23, 24, 31, 55, 189, 200, 211, 234, 254, 295, 316, 359], "summary": {"covered_lines": 15, "num_statements": 15, "percent_covered": 100.0, "percent_covered_display": "100", "missing_lines": 0, "excluded_lines": 0}, "missing_lines": [], "excluded_lines": []}}}, "src/data/collectors/odds_collector.py": {"executed_lines": [1, 16, 17, 18, 19, 21, 24, 25, 32, 59, 70, 198, 209, 231, 246, 255, 305, 333, 369], "summary": {"covered_lines": 17, "num_statements": 144, "percent_covered": 11.805555555555555, "percent_covered_display": "12", "missing_lines": 127, "excluded_lines": 0}, "missing_lines": [49, 50, 51, 52, 55, 57, 61, 93, 94, 95, 96, 98, 100, 101, 102, 103, 104, 105, 107, 113, 116, 117, 118, 123, 124, 126, 127, 128, 129, 132, 134, 135, 136, 137, 138, 140, 141, 143, 145, 146, 147, 148, 150, 151, 152, 153, 156, 157, 160, 161, 162, 163, 164, 166, 168, 179, 184, 186, 187, 188, 200, 216, 219, 227, 228, 229, 238, 241, 242, 243, 244, 248, 251, 252, 253, 272, 274, 275, 276, 277, 284, 287, 288, 289, 290, 298, 300, 301, 303, 316, 317, 323, 330, 331, 343, 344, 347, 348, 349, 352, 353, 355, 356, 357, 358, 359, 362, 363, 365, 366, 367, 382, 384, 385, 386, 389, 390, 391, 392, 393, 398, 399, 401, 412, 414, 415, 416], "excluded_lines": [], "functions": {"OddsCollector.__init__": {"executed_lines": [], "summary": {"covered_lines": 0, "num_statements": 6, "percent_covered": 0.0, "percent_covered_display": "0", "missing_lines": 6, "excluded_lines": 0}, "missing_lines": [49, 50, 51, 52, 55, 57], "excluded_lines": []}, "OddsCollector.collect_fixtures": {"executed_lines": [], "summary": {"covered_lines": 0, "num_statements": 1, "percent_covered": 0.0, "percent_covered_display": "0", "missing_lines": 1, "excluded_lines": 0}, "missing_lines": [61], "excluded_lines": []}, "OddsCollector.collect_odds": {"executed_lines": [], "summary": {"covered_lines": 0, "num_statements": 53, "percent_covered": 0.0, "percent_covered_display": "0", "missing_lines": 53, "excluded_lines": 0}, "missing_lines": [93, 94, 95, 96, 98, 100, 101, 102, 103, 104, 105, 107, 113, 116, 117, 118, 123, 124, 126, 127, 128, 129, 132, 134, 135, 136, 137, 138, 140, 141, 143, 145, 146, 147, 148, 150, 151, 152, 153, 156, 157, 160, 161, 162, 163, 164, 166, 168, 179, 184, 186, 187, 188], "excluded_lines": []}, "OddsCollector.collect_live_scores": {"executed_lines": [], "summary": {"covered_lines": 0, "num_statements": 1, "percent_covered": 0.0, "percent_covered_display": "0", "missing_lines": 1, "excluded_lines": 0}, "missing_lines": [200], "excluded_lines": []}, "OddsCollector._get_active_bookmakers": {"executed_lines": [], "summary": {"covered_lines": 0, "num_statements": 5, "percent_covered": 0.0, "percent_covered_display": "0", "missing_lines": 5, "excluded_lines": 0}, "missing_lines": [216, 219, 227, 228, 229], "excluded_lines": []}, "OddsCollector._get_upcoming_matches": {"executed_lines": [], "summary": {"covered_lines": 0, "num_statements": 5, "percent_covered": 0.0, "percent_covered_display": "0", "missing_lines": 5, "excluded_lines": 0}, "missing_lines": [238, 241, 242, 243, 244], "excluded_lines": []}, "OddsCollector._clean_expired_odds_cache": {"executed_lines": [], "summary": {"covered_lines": 0, "num_statements": 4, "percent_covered": 0.0, "percent_covered_display": "0", "missing_lines": 4, "excluded_lines": 0}, "missing_lines": [248, 251, 252, 253], "excluded_lines": []}, "OddsCollector._collect_match_odds": {"executed_lines": [], "summary": {"covered_lines": 0, "num_statements": 14, "percent_covered": 0.0, "percent_covered_display": "0", "missing_lines": 14, "excluded_lines": 0}, "missing_lines": [272, 274, 275, 276, 277, 284, 287, 288, 289, 290, 298, 300, 301, 303], "excluded_lines": []}, "OddsCollector._generate_odds_key": {"executed_lines": [], "summary": {"covered_lines": 0, "num_statements": 5, "percent_covered": 0.0, "percent_covered_display": "0", "missing_lines": 5, "excluded_lines": 0}, "missing_lines": [316, 317, 323, 330, 331], "excluded_lines": []}, "OddsCollector._has_odds_changed": {"executed_lines": [], "summary": {"covered_lines": 0, "num_statements": 17, "percent_covered": 0.0, "percent_covered_display": "0", "missing_lines": 17, "excluded_lines": 0}, "missing_lines": [343, 344, 347, 348, 349, 352, 353, 355, 356, 357, 358, 359, 362, 363, 365, 366, 367], "excluded_lines": []}, "OddsCollector._clean_odds_data": {"executed_lines": [], "summary": {"covered_lines": 0, "num_statements": 16, "percent_covered": 0.0, "percent_covered_display": "0", "missing_lines": 16, "excluded_lines": 0}, "missing_lines": [382, 384, 385, 386, 389, 390, 391, 392, 393, 398, 399, 401, 412, 414, 415, 416], "excluded_lines": []}, "": {"executed_lines": [1, 16, 17, 18, 19, 21, 24, 25, 32, 59, 70, 198, 209, 231, 246, 255, 305, 333, 369], "summary": {"covered_lines": 17, "num_statements": 17, "percent_covered": 100.0, "percent_covered_display": "100", "missing_lines": 0, "excluded_lines": 0}, "missing_lines": [], "excluded_lines": []}}, "classes": {"OddsCollector": {"executed_lines": [], "summary": {"covered_lines": 0, "num_statements": 127, "percent_covered": 0.0, "percent_covered_display": "0", "missing_lines": 127, "excluded_lines": 0}, "missing_lines": [49, 50, 51, 52, 55, 57, 61, 93, 94, 95, 96, 98, 100, 101, 102, 103, 104, 105, 107, 113, 116, 117, 118, 123, 124, 126, 127, 128, 129, 132, 134, 135, 136, 137, 138, 140, 141, 143, 145, 146, 147, 148, 150, 151, 152, 153, 156, 157, 160, 161, 162, 163, 164, 166, 168, 179, 184, 186, 187, 188, 200, 216, 219, 227, 228, 229, 238, 241, 242, 243, 244, 248, 251, 252, 253, 272, 274, 275, 276, 277, 284, 287, 288, 289, 290, 298, 300, 301, 303, 316, 317, 323, 330, 331, 343, 344, 347, 348, 349, 352, 353, 355, 356, 357, 358, 359, 362, 363, 365, 366, 367, 382, 384, 385, 386, 389, 390, 391, 392, 393, 398, 399, 401, 412, 414, 415, 416], "excluded_lines": []}, "": {"executed_lines": [1, 16, 17, 18, 19, 21, 24, 25, 32, 59, 70, 198, 209, 231, 246, 255, 305, 333, 369], "summary": {"covered_lines": 17, "num_statements": 17, "percent_covered": 100.0, "percent_covered_display": "100", "missing_lines": 0, "excluded_lines": 0}, "missing_lines": [], "excluded_lines": []}}}, "src/data/collectors/scores_collector.py": {"executed_lines": [1, 16, 17, 18, 19, 20, 22, 24, 27, 28, 29, 30, 31, 32, 33, 34, 35, 38, 39, 40, 41, 42, 43, 44, 45, 46, 49, 50, 57, 89, 100, 111, 223, 235, 250, 317, 348, 371, 431, 444], "summary": {"covered_lines": 36, "num_statements": 178, "percent_covered": 20.224719101123597, "percent_covered_display": "20", "missing_lines": 142, "excluded_lines": 0}, "missing_lines": [76, 77, 78, 79, 80, 83, 85, 87, 91, 102, 133, 134, 135, 136, 138, 140, 141, 143, 144, 145, 154, 155, 158, 159, 161, 162, 163, 165, 166, 167, 168, 171, 172, 173, 176, 177, 178, 181, 182, 185, 186, 187, 188, 189, 191, 193, 204, 209, 211, 212, 213, 233, 242, 245, 246, 247, 248, 265, 267, 268, 269, 271, 273, 274, 277, 282, 285, 287, 288, 290, 296, 297, 298, 299, 300, 302, 304, 305, 307, 308, 309, 310, 313, 315, 327, 329, 330, 331, 333, 334, 335, 336, 337, 339, 340, 342, 343, 344, 346, 358, 359, 360, 364, 365, 367, 368, 369, 384, 386, 387, 388, 391, 
[...]
"0", "missing_lines": 13, "excluded_lines": 0}, "missing_lines": [25, 26, 28, 29, 32, 33, 34, 36, 45, 49, 50, 52, 54], "excluded_lines": []}, "get_upcoming_matches": {"executed_lines": [], "summary": {"covered_lines": 0, "num_statements": 14, "percent_covered": 0.0, "percent_covered_display": "0", "missing_lines": 14, "excluded_lines": 0}, "missing_lines": [67, 68, 70, 71, 73, 74, 76, 92, 94, 95, 96, 107, 109, 110], "excluded_lines": []}, "is_match_day": {"executed_lines": [], "summary": {"covered_lines": 0, "num_statements": 4, "percent_covered": 0.0, "percent_covered_display": "0", "missing_lines": 4, "excluded_lines": 0}, "missing_lines": [123, 124, 127, 128], "excluded_lines": []}, "get_active_leagues": {"executed_lines": [], "summary": {"covered_lines": 0, "num_statements": 10, "percent_covered": 0.0, "percent_covered_display": "0", "missing_lines": 10, "excluded_lines": 0}, "missing_lines": [138, 139, 141, 142, 145, 155, 156, 158, 160, 162], "excluded_lines": []}, "calculate_next_collection_time": {"executed_lines": [], "summary": {"covered_lines": 0, "num_statements": 19, "percent_covered": 0.0, "percent_covered_display": "0", "missing_lines": 19, "excluded_lines": 0}, "missing_lines": [175, 177, 179, 180, 181, 182, 184, 186, 187, 188, 189, 190, 192, 194, 195, 196, 197, 198, 202], "excluded_lines": []}, "cleanup_stale_tasks": {"executed_lines": [], "summary": {"covered_lines": 0, "num_statements": 10, "percent_covered": 0.0, "percent_covered_display": "0", "missing_lines": 10, "excluded_lines": 0}, "missing_lines": [212, 213, 215, 216, 219, 226, 227, 229, 231, 232], "excluded_lines": []}, "get_task_priority": {"executed_lines": [], "summary": {"covered_lines": 0, "num_statements": 2, "percent_covered": 0.0, "percent_covered_display": "0", "missing_lines": 2, "excluded_lines": 0}, "missing_lines": [245, 251], "excluded_lines": []}, "": {"executed_lines": [], "summary": {"covered_lines": 0, "num_statements": 10, "percent_covered": 0.0, "percent_covered_display": "0", "missing_lines": 10, "excluded_lines": 0}, "missing_lines": [10, 11, 13, 16, 57, 113, 131, 165, 205, 235], "excluded_lines": []}}, "classes": {"": {"executed_lines": [], "summary": {"covered_lines": 0, "num_statements": 82, "percent_covered": 0.0, "percent_covered_display": "0", "missing_lines": 82, "excluded_lines": 0}, "missing_lines": [10, 11, 13, 16, 25, 26, 28, 29, 32, 33, 34, 36, 45, 49, 50, 52, 54, 57, 67, 68, 70, 71, 73, 74, 76, 92, 94, 95, 96, 107, 109, 110, 113, 123, 124, 127, 128, 131, 138, 139, 141, 142, 145, 155, 156, 158, 160, 162, 165, 175, 177, 179, 180, 181, 182, 184, 186, 187, 188, 189, 190, 192, 194, 195, 196, 197, 198, 202, 205, 212, 213, 215, 216, 219, 226, 227, 229, 231, 232, 235, 245, 251], "excluded_lines": []}}}, "src/utils/__init__.py": {"executed_lines": [1, 13, 14, 15, 16, 17, 18, 20], "summary": {"covered_lines": 7, "num_statements": 7, "percent_covered": 100.0, "percent_covered_display": "100", "missing_lines": 0, "excluded_lines": 0}, "missing_lines": [], "excluded_lines": [], "functions": {"": {"executed_lines": [1, 13, 14, 15, 16, 17, 18, 20], "summary": {"covered_lines": 7, "num_statements": 7, "percent_covered": 100.0, "percent_covered_display": "100", "missing_lines": 0, "excluded_lines": 0}, "missing_lines": [], "excluded_lines": []}}, "classes": {"": {"executed_lines": [1, 13, 14, 15, 16, 17, 18, 20], "summary": {"covered_lines": 7, "num_statements": 7, "percent_covered": 100.0, "percent_covered_display": "100", "missing_lines": 0, "excluded_lines": 0}, "missing_lines": [], "excluded_lines": []}}}, "src/utils/crypto_utils.py": {"executed_lines": [1, 7, 8, 9, 12, 13, 15, 16, 20, 21, 25, 26, 35, 36], "summary": {"covered_lines": 12, "num_statements": 23, "percent_covered": 52.17391304347826, "percent_covered_display": "52", "missing_lines": 11, "excluded_lines": 0}, "missing_lines": [18, 23, 28, 29, 30, 31, 33, 38, 39, 41, 42], "excluded_lines": [], "functions": {"CryptoUtils.generate_uuid": {"executed_lines": [], "summary": {"covered_lines": 0, "num_statements": 1, "percent_covered": 0.0, "percent_covered_display": "0", "missing_lines": 1, "excluded_lines": 0}, "missing_lines": [18], "excluded_lines": []}, "CryptoUtils.generate_short_id": {"executed_lines": [], "summary": {"covered_lines": 0, "num_statements": 1, "percent_covered": 0.0, "percent_covered_display": "0", "missing_lines": 1, "excluded_lines": 0}, "missing_lines": [23], "excluded_lines": []}, "CryptoUtils.hash_string": {"executed_lines": [], "summary": {"covered_lines": 0, "num_statements": 5, "percent_covered": 0.0, "percent_covered_display": "0", "missing_lines": 5, "excluded_lines": 0}, "missing_lines": [28, 29, 30, 31, 33], "excluded_lines": []}, "CryptoUtils.hash_password": {"executed_lines": [], "summary": {"covered_lines": 0, "num_statements": 4, "percent_covered": 0.0, "percent_covered_display": "0", "missing_lines": 4, "excluded_lines": 0}, "missing_lines": [38, 39, 41, 42], "excluded_lines": []}, "": {"executed_lines": [1, 7, 8, 9, 12, 13, 15, 16, 20, 21, 25, 26, 35, 36], "summary": {"covered_lines": 12, "num_statements": 12, "percent_covered": 100.0, "percent_covered_display": "100", "missing_lines": 0, "excluded_lines": 0}, "missing_lines": [], "excluded_lines": []}}, "classes": {"CryptoUtils": {"executed_lines": [], "summary": {"covered_lines": 0, "num_statements": 11, "percent_covered": 0.0, "percent_covered_display": "0", "missing_lines": 11, "excluded_lines": 0}, "missing_lines": [18, 23, 28, 29, 30, 31, 33, 38, 39, 41, 42], "excluded_lines": []}, "": {"executed_lines": [1, 7, 8, 9, 12, 13, 15, 16, 20, 21, 25, 26, 35, 36], "summary": {"covered_lines": 12, "num_statements": 12, "percent_covered": 100.0, "percent_covered_display": "100", "missing_lines": 0, "excluded_lines": 0}, "missing_lines": [], "excluded_lines": []}}}, "src/utils/data_validator.py": {"executed_lines": [1, 7, 8, 11, 12, 14, 15, 20, 21, 34, 35, 46, 47], "summary": {"covered_lines": 11, "num_statements": 25, "percent_covered": 44.0, "percent_covered_display": "44", "missing_lines": 14, "excluded_lines": 0}, "missing_lines": [17, 18, 23, 32, 39, 40, 42, 43, 44, 51, 52, 53, 55, 59], "excluded_lines": [], "functions": {"DataValidator.is_valid_email": {"executed_lines": [], "summary": {"covered_lines": 0, "num_statements": 2, "percent_covered": 0.0, "percent_covered_display": "0", "missing_lines": 2, "excluded_lines": 0}, "missing_lines": [17, 18], "excluded_lines": []}, "DataValidator.is_valid_url": {"executed_lines": [], "summary": {"covered_lines": 0, "num_statements": 2, "percent_covered": 0.0, "percent_covered_display": "0", "missing_lines": 2, "excluded_lines": 0}, "missing_lines": [23, 32], "excluded_lines": []}, "DataValidator.validate_required_fields": {"executed_lines": [], "summary": {"covered_lines": 0, "num_statements": 5, "percent_covered": 0.0, "percent_covered_display": "0", "missing_lines": 5, "excluded_lines": 0}, "missing_lines": [39, 40, 42, 43, 44], "excluded_lines": []}, "DataValidator.validate_data_types": {"executed_lines": [], "summary": {"covered_lines": 0, "num_statements": 5, "percent_covered": 0.0, "percent_covered_display": "0", "missing_lines": 5, "excluded_lines": 0}, "missing_lines": [51, 52, 53, 55, 59], "excluded_lines": []}, "": {"executed_lines": [1, 7, 8, 11, 12, 14, 15, 20, 21, 34, 35, 46, 47], "summary": {"covered_lines": 11, "num_statements": 11, "percent_covered": 100.0, "percent_covered_display": "100", "missing_lines": 0, "excluded_lines": 0}, "missing_lines": [], "excluded_lines": []}}, "classes": {"DataValidator": {"executed_lines": [], "summary": {"covered_lines": 0, "num_statements": 14, "percent_covered": 0.0, "percent_covered_display": "0", "missing_lines": 14, "excluded_lines": 0}, "missing_lines": [17, 18, 23, 32, 39, 40, 42, 43, 44, 51, 52, 53, 55, 59], "excluded_lines": []}, "": {"executed_lines": [1, 7, 8, 11, 12, 14, 15, 20, 21, 34, 35, 46, 47], "summary": {"covered_lines": 11, "num_statements": 11, "percent_covered": 100.0, "percent_covered_display": "100", "missing_lines": 0, "excluded_lines": 0}, "missing_lines": [], "excluded_lines": []}}}, "src/utils/dict_utils.py": {"executed_lines": [1, 7, 10, 11, 13, 14, 30, 31, 46, 47], "summary": {"covered_lines": 8, "num_statements": 22, "percent_covered": 36.36363636363637, "percent_covered_display": "36", "missing_lines": 14, "excluded_lines": 0}, "missing_lines": [16, 17, 18, 24, 27, 28, 35, 36, 38, 39, 41, 43, 44, 49], "excluded_lines": [], "functions": {"DictUtils.deep_merge": {"executed_lines": [], "summary": {"covered_lines": 0, "num_statements": 6, "percent_covered": 0.0, "percent_covered_display": "0", "missing_lines": 6, "excluded_lines": 0}, "missing_lines": [16, 17, 18, 24, 27, 28], "excluded_lines": []}, "DictUtils.flatten_dict": {"executed_lines": [], "summary": {"covered_lines": 0, "num_statements": 7, "percent_covered": 0.0, "percent_covered_display": "0", "missing_lines": 7, "excluded_lines": 0}, "missing_lines": [35, 36, 38, 39, 41, 43, 44], "excluded_lines": []}, "DictUtils.filter_none_values": {"executed_lines": [], "summary": {"covered_lines": 0, "num_statements": 1, "percent_covered": 0.0, "percent_covered_display": "0", "missing_lines": 1, "excluded_lines": 0}, "missing_lines": [49], "excluded_lines": []}, "": {"executed_lines": [1, 7, 10, 11, 13, 14, 30, 31, 46, 47], "summary": {"covered_lines": 8, "num_statements": 8, "percent_covered": 100.0, "percent_covered_display": "100", "missing_lines": 0, "excluded_lines": 0}, "missing_lines": [], "excluded_lines": []}}, "classes": {"DictUtils": {"executed_lines": [], "summary": {"covered_lines": 0, "num_statements": 14, "percent_covered": 0.0, "percent_covered_display": "0", "missing_lines": 14, "excluded_lines": 0}, "missing_lines": [16, 17, 18, 24, 27, 28, 35, 36, 38, 39, 41, 43, 44, 49], "excluded_lines": []}, "": {"executed_lines": [1, 7, 10, 11, 13, 14, 30, 31, 46, 47], "summary": {"covered_lines": 8, "num_statements": 8, "percent_covered": 100.0, "percent_covered_display": "100", "missing_lines": 0, "excluded_lines": 0}, "missing_lines": [], "excluded_lines": []}}}, "src/utils/file_utils.py": {"executed_lines": [1, 7, 8, 9, 10, 11, 14, 15, 17, 18, 24, 25, 33, 34, 45, 46, 54, 55], "summary": {"covered_lines": 16, "num_statements": 35, "percent_covered": 45.714285714285715, "percent_covered_display": "46", "missing_lines": 19, "excluded_lines": 0}, "missing_lines": [20, 21, 22, 27, 28, 29, 30, 31, 38, 39, 40, 42, 43, 48, 49, 50, 51, 52, 57], "excluded_lines": [], "functions": {"FileUtils.ensure_dir": {"executed_lines": [], "summary": {"covered_lines": 0, "num_statements": 3, "percent_covered": 0.0, "percent_covered_display": "0", "missing_lines": 3, "excluded_lines": 0}, "missing_lines": [20, 21, 22], "excluded_lines": []}, "FileUtils.read_json": {"executed_lines": [], "summary": {"covered_lines": 0, "num_statements": 5, "percent_covered": 0.0, "percent_covered_display": "0", "missing_lines": 5, "excluded_lines": 0}, "missing_lines": [27, 28, 29, 30, 31], "excluded_lines": []}, "FileUtils.write_json": {"executed_lines": [], "summary": {"covered_lines": 0, "num_statements": 5, "percent_covered": 0.0, "percent_covered_display": "0", "missing_lines": 5, "excluded_lines": 0}, "missing_lines": [38, 39, 40, 42, 43], "excluded_lines": []}, "FileUtils.get_file_hash": {"executed_lines": [], "summary": {"covered_lines": 0, "num_statements": 5, "percent_covered": 0.0, "percent_covered_display": "0", "missing_lines": 5, "excluded_lines": 0}, "missing_lines": [48, 49, 50, 51, 52], "excluded_lines": []}, "FileUtils.get_file_size": {"executed_lines": [], "summary": {"covered_lines": 0, "num_statements": 1, "percent_covered": 0.0, "percent_covered_display": "0", "missing_lines": 1, "excluded_lines": 0}, "missing_lines": [57], "excluded_lines": []}, "": {"executed_lines": [1, 7, 8, 9, 10, 11, 14, 15, 17, 18, 24, 25, 33, 34, 45, 46, 54, 55], "summary": {"covered_lines": 16, "num_statements": 16, "percent_covered": 100.0, "percent_covered_display": "100", "missing_lines": 0, "excluded_lines": 0}, "missing_lines": [], "excluded_lines": []}}, "classes": {"FileUtils": {"executed_lines": [], "summary": {"covered_lines": 0, "num_statements": 19, "percent_covered": 0.0, "percent_covered_display": "0", "missing_lines": 19, "excluded_lines": 0}, "missing_lines": [20, 21, 22, 27, 28, 29, 30, 31, 38, 39, 40, 42, 43, 48, 49, 50, 51, 52, 57], "excluded_lines": []}, "": {"executed_lines": [1, 7, 8, 9, 10, 11, 14, 15, 17, 18, 24, 25, 33, 34, 45, 46, 54, 55], "summary": {"covered_lines": 16, "num_statements": 16, "percent_covered": 100.0, "percent_covered_display": "100", "missing_lines": 0, "excluded_lines": 0}, "missing_lines": [], "excluded_lines": []}}}, "src/utils/response.py": {"executed_lines": [], "summary": {"covered_lines": 0, "num_statements": 22, "percent_covered": 0.0, "percent_covered_display": "0", "missing_lines": 22, "excluded_lines": 0}, "missing_lines": [7, 9, 12, 15, 16, 17, 18, 21, 24, 25, 36, 38, 39, 41, 43, 44, 58, 60, 61, 63, 64, 66], "excluded_lines": [], "functions": {"APIResponse.success": {"executed_lines": [], "summary": {"covered_lines": 0, "num_statements": 4, "percent_covered": 0.0, "percent_covered_display": "0", "missing_lines": 4, "excluded_lines": 0}, "missing_lines": [36, 38, 39, 41], "excluded_lines": []}, "APIResponse.error": {"executed_lines": [], "summary": {"covered_lines": 0, "num_statements": 6, "percent_covered": 0.0, "percent_covered_display": "0", "missing_lines": 6, "excluded_lines": 0}, "missing_lines": [58, 60, 61, 63, 64, 66], "excluded_lines": []}, "": {"executed_lines": [], "summary": {"covered_lines": 0, "num_statements": 12, "percent_covered": 0.0, "percent_covered_display": "0", "missing_lines": 12, "excluded_lines": 0}, "missing_lines": [7, 9, 12, 15, 16, 17, 18, 21, 24, 25, 43, 44], "excluded_lines": []}}, "classes": {"APIResponseModel": {"executed_lines": [], "summary": {"covered_lines": 0, "num_statements": 0, "percent_covered": 100.0, "percent_covered_display": "100", "missing_lines": 0, "excluded_lines": 0}, "missing_lines": [], "excluded_lines": []}, "APIResponse": {"executed_lines": [], "summary": {"covered_lines": 0, "num_statements": 10, "percent_covered": 0.0, "percent_covered_display": "0", "missing_lines": 10, "excluded_lines": 0}, "missing_lines": [36, 38, 39, 41, 58, 60, 61, 63, 64, 66], "excluded_lines": []}, "": {"executed_lines": [], "summary": {"covered_lines": 0, "num_statements": 12, "percent_covered": 0.0, "percent_covered_display": "0", "missing_lines": 12, "excluded_lines": 0}, "missing_lines": [7, 9, 12, 15, 16, 17, 18, 21, 24, 25, 43, 44], "excluded_lines": []}}}, "src/utils/string_utils.py": {"executed_lines": [1, 7, 8, 11, 12, 14, 15, 21, 22, 28, 29, 34, 35, 40, 41, 47, 48], "summary": {"covered_lines": 15, "num_statements": 29, "percent_covered": 51.724137931034484, "percent_covered_display": "52", "missing_lines": 14, "excluded_lines": 0}, "missing_lines": [17, 18, 19, 25, 26, 31, 32, 37, 38, 44, 45, 50, 51, 52], "excluded_lines": [], "functions": {"StringUtils.truncate": {"executed_lines": [], "summary": {"covered_lines": 0, "num_statements": 3, "percent_covered": 0.0, "percent_covered_display": "0", "missing_lines": 3, "excluded_lines": 0}, "missing_lines": [17, 18, 19], "excluded_lines": []}, "StringUtils.slugify": {"executed_lines": [], "summary": {"covered_lines": 0, "num_statements": 2, "percent_covered": 0.0, "percent_covered_display": "0", "missing_lines": 2, "excluded_lines": 0}, "missing_lines": [25, 26], "excluded_lines": []}, "StringUtils.camel_to_snake": {"executed_lines": [], "summary": {"covered_lines": 0, "num_statements": 2, "percent_covered": 0.0, "percent_covered_display": "0", "missing_lines": 2, "excluded_lines": 0}, "missing_lines": [31, 32], "excluded_lines": []}, "StringUtils.snake_to_camel": {"executed_lines": [], "summary": {"covered_lines": 0, "num_statements": 2, "percent_covered": 0.0, "percent_covered_display": "0", "missing_lines": 2, "excluded_lines": 0}, "missing_lines": [37, 38], "excluded_lines": []}, "StringUtils.clean_text": {"executed_lines": [], "summary": {"covered_lines": 0, "num_statements": 2, "percent_covered": 0.0, "percent_covered_display": "0", "missing_lines": 2, "excluded_lines": 0}, "missing_lines": [44, 45], "excluded_lines": []}, "StringUtils.extract_numbers": {"executed_lines": [], "summary": {"covered_lines": 0, "num_statements": 3, "percent_covered": 0.0, "percent_covered_display": "0", "missing_lines": 3, "excluded_lines": 0}, "missing_lines": [50, 51, 52], "excluded_lines": []}, "": {"executed_lines": [1, 7, 8, 11, 12, 14, 15, 21, 22, 28, 29, 34, 35, 40, 41, 47, 48], "summary": {"covered_lines": 15, "num_statements": 15, "percent_covered": 100.0, "percent_covered_display": "100", "missing_lines": 0, "excluded_lines": 0}, "missing_lines": [], "excluded_lines": []}}, "classes": {"StringUtils": {"executed_lines": [], "summary": {"covered_lines": 0, "num_statements": 14, "percent_covered": 0.0, "percent_covered_display": "0", "missing_lines": 14, "excluded_lines": 0}, "missing_lines": [17, 18, 19, 25, 26, 31, 32, 37, 38, 44, 45, 50, 51, 52], "excluded_lines": []}, "": {"executed_lines": [1, 7, 8, 11, 12, 14, 15, 21, 22, 28, 29, 34, 35, 40, 41, 47, 48], "summary": {"covered_lines": 15, "num_statements": 15, "percent_covered": 100.0, "percent_covered_display": "100", "missing_lines": 0, "excluded_lines": 0}, "missing_lines": [], "excluded_lines": []}}}, "src/utils/time_utils.py": {"executed_lines": [1, 7, 10, 11, 13, 14, 18, 19, 23, 24, 28, 29, 33, 34], "summary": {"covered_lines": 12, "num_statements": 17, "percent_covered": 70.58823529411765, "percent_covered_display": "71", "missing_lines": 5, "excluded_lines": 0}, "missing_lines": [16, 21, 26, 31, 38], "excluded_lines": [], "functions": {"TimeUtils.now_utc": {"executed_lines": [], "summary": {"covered_lines": 0, "num_statements": 1, "percent_covered": 0.0, "percent_covered_display": "0", "missing_lines": 1, "excluded_lines": 0}, "missing_lines": [16], "excluded_lines": []}, "TimeUtils.timestamp_to_datetime": {"executed_lines": [], "summary": {"covered_lines": 0, "num_statements": 1, "percent_covered": 0.0, "percent_covered_display": "0", "missing_lines": 1, "excluded_lines": 0}, "missing_lines": [21], "excluded_lines": []}, "TimeUtils.datetime_to_timestamp": {"executed_lines": [], "summary": {"covered_lines": 0, "num_statements": 1, "percent_covered": 0.0, "percent_covered_display": "0", "missing_lines": 1, "excluded_lines": 0}, "missing_lines": [26], "excluded_lines": []}, "TimeUtils.format_datetime": {"executed_lines": [], "summary": {"covered_lines": 0, "num_statements": 1, "percent_covered": 0.0, "percent_covered_display": "0", "missing_lines": 1, "excluded_lines": 0}, "missing_lines": [31], "excluded_lines": []}, "TimeUtils.parse_datetime": {"executed_lines": [], "summary": {"covered_lines": 0, "num_statements": 1, "percent_covered": 0.0, "percent_covered_display": "0", "missing_lines": 1, "excluded_lines": 0}, "missing_lines": [38], "excluded_lines": []}, "": {"executed_lines": [1, 7, 10, 11, 13, 14, 18, 19, 23, 24, 28, 29, 33, 34], "summary": {"covered_lines": 12, "num_statements": 12, "percent_covered": 100.0, "percent_covered_display": "100", "missing_lines": 0, "excluded_lines": 0}, "missing_lines": [], "excluded_lines": []}}, "classes": {"TimeUtils": {"executed_lines": [], "summary": {"covered_lines": 0, "num_statements": 5, "percent_covered": 0.0, "percent_covered_display": "0", "missing_lines": 5, "excluded_lines": 0}, "missing_lines": [16, 21, 26, 31, 38], "excluded_lines": []}, "": {"executed_lines": [1, 7, 10, 11, 13, 14, 18, 19, 23, 24, 28, 29, 33, 34], "summary": {"covered_lines": 12, "num_statements": 12, "percent_covered": 100.0, "percent_covered_display": "100", "missing_lines": 0, "excluded_lines": 0}, "missing_lines": [], "excluded_lines": []}}}}, "totals": {"covered_lines": 1985, "num_statements": 9805, "percent_covered": 20.244773074961753, "percent_covered_display": "20", "missing_lines": 7820, "excluded_lines": 154}}
