{"meta": {"format": 3, "version": "7.10.6", "timestamp": "2025-09-09T00:52:05.849916", "branch_coverage": false, "show_contexts": false}, "files": {"api/__init__.py": {"executed_lines": [1, 7, 9], "summary": {"covered_lines": 2, "num_statements": 2, "percent_covered": 100.0, "percent_covered_display": "100", "missing_lines": 0, "excluded_lines": 0}, "missing_lines": [], "excluded_lines": [], "functions": {"": {"executed_lines": [1, 7, 9], "summary": {"covered_lines": 2, "num_statements": 2, "percent_covered": 100.0, "percent_covered_display": "100", "missing_lines": 0, "excluded_lines": 0}, "missing_lines": [], "excluded_lines": []}}, "classes": {"": {"executed_lines": [1, 7, 9], "summary": {"covered_lines": 2, "num_statements": 2, "percent_covered": 100.0, "percent_covered_display": "100", "missing_lines": 0, "excluded_lines": 0}, "missing_lines": [], "excluded_lines": []}}}, "api/health.py": {"executed_lines": [1, 7, 8, 9, 10, 12, 13, 14, 16, 18, 20, 23, 29, 36, 37, 45, 47, 50, 53, 56, 57, 60, 66, 73, 87, 92, 100, 105, 107, 110, 111, 116, 118, 122, 128, 131, 134, 136, 138, 139, 149, 151, 154, 164, 166, 168, 170, 171, 174], "summary": {"covered_lines": 48, "num_statements": 72, "percent_covered": 66.66666666666667, "percent_covered_display": "67", "missing_lines": 24, "excluded_lines": 0}, "missing_lines": [67, 68, 69, 75, 76, 77, 78, 79, 80, 82, 94, 112, 113, 129, 140, 141, 142, 155, 156, 157, 172, 175, 176, 177], "excluded_lines": [], "functions": {"health_check": {"executed_lines": [36, 37, 45, 47, 50, 53, 56, 57, 60, 66, 73], "summary": {"covered_lines": 11, "num_statements": 21, "percent_covered": 52.38095238095238, "percent_covered_display": "52", "missing_lines": 10, "excluded_lines": 0}, "missing_lines": [67, 68, 69, 75, 76, 77, 78, 79, 80, 82], "excluded_lines": []}, "liveness_check": {"executed_lines": [], "summary": {"covered_lines": 0, "num_statements": 1, "percent_covered": 0.0, "percent_covered_display": "0", "missing_lines": 1, "excluded_lines": 0}, "missing_lines": [94], "excluded_lines": []}, "readiness_check": {"executed_lines": [107, 110, 111, 116, 118, 122, 128, 131], "summary": {"covered_lines": 8, "num_statements": 11, "percent_covered": 72.72727272727273, "percent_covered_display": "73", "missing_lines": 3, "excluded_lines": 0}, "missing_lines": [112, 113, 129], "excluded_lines": []}, "_check_database": {"executed_lines": [136, 138, 139], "summary": {"covered_lines": 3, "num_statements": 6, "percent_covered": 50.0, "percent_covered_display": "50", "missing_lines": 3, "excluded_lines": 0}, "missing_lines": [140, 141, 142], "excluded_lines": []}, "_check_redis": {"executed_lines": [151, 154], "summary": {"covered_lines": 2, "num_statements": 5, "percent_covered": 40.0, "percent_covered_display": "40", "missing_lines": 3, "excluded_lines": 0}, "missing_lines": [155, 156, 157], "excluded_lines": []}, "_check_filesystem": {"executed_lines": [166, 168, 170, 171, 174], "summary": {"covered_lines": 5, "num_statements": 9, "percent_covered": 55.55555555555556, "percent_covered_display": "56", "missing_lines": 4, "excluded_lines": 0}, "missing_lines": [172, 175, 176, 177], "excluded_lines": []}, "": {"executed_lines": [1, 7, 8, 9, 10, 12, 13, 14, 16, 18, 20, 23, 29, 87, 92, 100, 105, 134, 149, 164], "summary": {"covered_lines": 19, "num_statements": 19, "percent_covered": 100.0, "percent_covered_display": "100", "missing_lines": 0, "excluded_lines": 0}, "missing_lines": [], "excluded_lines": []}}, "classes": {"": {"executed_lines": [1, 7, 8, 9, 10, 12, 13, 14, 16, 18, 20, 23, 29, 36, 37, 45, 47, 50, 53, 56, 57, 60, 66, 73, 87, 92, 100, 105, 107, 110, 111, 116, 118, 122, 128, 131, 134, 136, 138, 139, 149, 151, 154, 164, 166, 168, 170, 171, 174], "summary": {"covered_lines": 48, "num_statements": 72, "percent_covered": 66.66666666666667, "percent_covered_display": "67", "missing_lines": 24, "excluded_lines": 0}, "missing_lines": [67, 68, 69, 75, 76, 77, 78, 79, 80, 82, 94, 112, 113, 129, 140, 141, 142, 155, 156, 157, 172, 175, 176, 177], "excluded_lines": []}}}, "core/__init__.py": {"executed_lines": [1, 11, 12, 13, 16, 17, 19, 21, 22, 23, 24, 26, 28, 29, 31, 32, 33, 34, 36, 38, 40, 42, 44, 46, 48, 51, 52, 54, 57, 58, 60, 61, 63, 64, 66, 67, 68, 71, 72, 74, 77, 78, 80, 83, 84, 86, 89, 90, 92, 96, 99, 101], "summary": {"covered_lines": 46, "num_statements": 46, "percent_covered": 100.0, "percent_covered_display": "100", "missing_lines": 0, "excluded_lines": 0}, "missing_lines": [], "excluded_lines": [], "functions": {"Config.__init__": {"executed_lines": [21, 22, 23, 24], "summary": {"covered_lines": 4, "num_statements": 4, "percent_covered": 100.0, "percent_covered_display": "100", "missing_lines": 0, "excluded_lines": 0}, "missing_lines": [], "excluded_lines": []}, "Config._load_config": {"executed_lines": [28, 29, 31, 32, 33, 34, 36], "summary": {"covered_lines": 7, "num_statements": 7, "percent_covered": 100.0, "percent_covered_display": "100", "missing_lines": 0, "excluded_lines": 0}, "missing_lines": [], "excluded_lines": []}, "Config.get": {"executed_lines": [40], "summary": {"covered_lines": 1, "num_statements": 1, "percent_covered": 100.0, "percent_covered_display": "100", "missing_lines": 0, "excluded_lines": 0}, "missing_lines": [], "excluded_lines": []}, "Config.set": {"executed_lines": [44], "summary": {"covered_lines": 1, "num_statements": 1, "percent_covered": 100.0, "percent_covered_display": "100", "missing_lines": 0, "excluded_lines": 0}, "missing_lines": [], "excluded_lines": []}, "Config.save": {"executed_lines": [48, 51, 52, 54], "summary": {"covered_lines": 4, "num_statements": 4, "percent_covered": 100.0, "percent_covered_display": "100", "missing_lines": 0, "excluded_lines": 0}, "missing_lines": [], "excluded_lines": []}, "Logger.setup_logger": {"executed_lines": [63, 64, 66, 67, 68, 71, 72, 74], "summary": {"covered_lines": 8, "num_statements": 8, "percent_covered": 100.0, "percent_covered_display": "100", "missing_lines": 0, "excluded_lines": 0}, "missing_lines": [], "excluded_lines": []}, "": {"executed_lines": [1, 11, 12, 13, 16, 17, 19, 26, 38, 42, 46, 57, 58, 60, 61, 77, 78, 80, 83, 84, 86, 89, 90, 92, 96, 99, 101], "summary": {"covered_lines": 21, "num_statements": 21, "percent_covered": 100.0, "percent_covered_display": "100", "missing_lines": 0, "excluded_lines": 0}, "missing_lines": [], "excluded_lines": []}}, "classes": {"Config": {"executed_lines": [21, 22, 23, 24, 28, 29, 31, 32, 33, 34, 36, 40, 44, 48, 51, 52, 54], "summary": {"covered_lines": 17, "num_statements": 17, "percent_covered": 100.0, "percent_covered_display": "100", "missing_lines": 0, "excluded_lines": 0}, "missing_lines": [], "excluded_lines": []}, "Logger": {"executed_lines": [63, 64, 66, 67, 68, 71, 72, 74], "summary": {"covered_lines": 8, "num_statements": 8, "percent_covered": 100.0, "percent_covered_display": "100", "missing_lines": 0, "excluded_lines": 0}, "missing_lines": [], "excluded_lines": []}, "AICultureKitError": {"executed_lines": [], "summary": {"covered_lines": 0, "num_statements": 0, "percent_covered": 100.0, "percent_covered_display": "100", "missing_lines": 0, "excluded_lines": 0}, "missing_lines": [], "excluded_lines": []}, "ConfigError": {"executed_lines": [], "summary": {"covered_lines": 0, "num_statements": 0, "percent_covered": 100.0, "percent_covered_display": "100", "missing_lines": 0, "excluded_lines": 0}, "missing_lines": [], "excluded_lines": []}, "DataError": {"executed_lines": [], "summary": {"covered_lines": 0, "num_statements": 0, "percent_covered": 100.0, "percent_covered_display": "100", "missing_lines": 0, "excluded_lines": 0}, "missing_lines": [], "excluded_lines": []}, "": {"executed_lines": [1, 11, 12, 13, 16, 17, 19, 26, 38, 42, 46, 57, 58, 60, 61, 77, 78, 80, 83, 84, 86, 89, 90, 92, 96, 99, 101], "summary": {"covered_lines": 21, "num_statements": 21, "percent_covered": 100.0, "percent_covered_display": "100", "missing_lines": 0, "excluded_lines": 0}, "missing_lines": [], "excluded_lines": []}}}, "database/__init__.py": {"executed_lines": [1, 7, 8, 9, 11], "summary": {"covered_lines": 4, "num_statements": 4, "percent_covered": 100.0, "percent_covered_display": "100", "missing_lines": 0, "excluded_lines": 0}, "missing_lines": [], "excluded_lines": [], "functions": {"": {"executed_lines": [1, 7, 8, 9, 11], "summary": {"covered_lines": 4, "num_statements": 4, "percent_covered": 100.0, "percent_covered_display": "100", "missing_lines": 0, "excluded_lines": 0}, "missing_lines": [], "excluded_lines": []}}, "classes": {"": {"executed_lines": [1, 7, 8, 9, 11], "summary": {"covered_lines": 4, "num_statements": 4, "percent_covered": 100.0, "percent_covered_display": "100", "missing_lines": 0, "excluded_lines": 0}, "missing_lines": [], "excluded_lines": []}}}, "database/base.py": {"executed_lines": [1, 7, 8, 10, 11, 14, 15, 17, 20, 21, 23, 27, 36, 37, 46, 48, 50, 60, 61, 63, 64, 65, 66, 67, 68, 70, 72, 73, 75, 76, 87, 88, 91, 93, 103, 104, 106, 108, 109, 110, 112, 118], "summary": {"covered_lines": 37, "num_statements": 37, "percent_covered": 100.0, "percent_covered_display": "100", "missing_lines": 0, "excluded_lines": 3}, "missing_lines": [], "excluded_lines": [112, 113, 114], "functions": {"BaseModel.to_dict": {"executed_lines": [60, 61, 63, 64, 65, 66, 67, 68, 70, 72, 73], "summary": {"covered_lines": 11, "num_statements": 11, "percent_covered": 100.0, "percent_covered_display": "100", "missing_lines": 0, "excluded_lines": 0}, "missing_lines": [], "excluded_lines": []}, "BaseModel.from_dict": {"executed_lines": [87, 88, 91], "summary": {"covered_lines": 3, "num_statements": 3, "percent_covered": 100.0, "percent_covered_display": "100", "missing_lines": 0, "excluded_lines": 0}, "missing_lines": [], "excluded_lines": []}, "BaseModel.update_from_dict": {"executed_lines": [103, 104, 106, 108, 109, 110], "summary": {"covered_lines": 6, "num_statements": 6, "percent_covered": 100.0, "percent_covered_display": "100", "missing_lines": 0, "excluded_lines": 0}, "missing_lines": [], "excluded_lines": []}, "BaseModel.__repr__": {"executed_lines": [], "summary": {"covered_lines": 0, "num_statements": 0, "percent_covered": 100.0, "percent_covered_display": "100", "missing_lines": 0, "excluded_lines": 2}, "missing_lines": [], "excluded_lines": [113, 114]}, "": {"executed_lines": [1, 7, 8, 10, 11, 14, 15, 17, 20, 21, 23, 27, 36, 37, 46, 48, 50, 75, 76, 93, 112, 118], "summary": {"covered_lines": 17, "num_statements": 17, "percent_covered": 100.0, "percent_covered_display": "100", "missing_lines": 0, "excluded_lines": 1}, "missing_lines": [], "excluded_lines": [112]}}, "classes": {"Base": {"executed_lines": [], "summary": {"covered_lines": 0, "num_statements": 0, "percent_covered": 100.0, "percent_covered_display": "100", "missing_lines": 0, "excluded_lines": 0}, "missing_lines": [], "excluded_lines": []}, "TimestampMixin": {"executed_lines": [], "summary": {"covered_lines": 0, "num_statements": 0, "percent_covered": 100.0, "percent_covered_display": "100", "missing_lines": 0, "excluded_lines": 0}, "missing_lines": [], "excluded_lines": []}, "BaseModel": {"executed_lines": [60, 61, 63, 64, 65, 66, 67, 68, 70, 72, 73, 87, 88, 91, 103, 104, 106, 108, 109, 110], "summary": {"covered_lines": 20, "num_statements": 20, "percent_covered": 100.0, "percent_covered_display": "100", "missing_lines": 0, "excluded_lines": 2}, "missing_lines": [], "excluded_lines": [113, 114]}, "": {"executed_lines": [1, 7, 8, 10, 11, 14, 15, 17, 20, 21, 23, 27, 36, 37, 46, 48, 50, 75, 76, 93, 112, 118], "summary": {"covered_lines": 17, "num_statements": 17, "percent_covered": 100.0, "percent_covered_display": "100", "missing_lines": 0, "excluded_lines": 1}, "missing_lines": [], "excluded_lines": [112]}}}, "database/config.py": {"executed_lines": [1, 7, 8, 9, 12, 13, 14, 17, 18, 19, 20, 21, 24, 25, 26, 27, 30, 31, 34, 35, 37, 38, 40, 42, 43, 45, 47, 48, 50, 53, 63, 64, 67, 69, 72, 73, 74, 75, 76, 79, 80, 83, 84, 86, 99, 106, 109, 116], "summary": {"covered_lines": 46, "num_statements": 46, "percent_covered": 100.0, "percent_covered_display": "100", "missing_lines": 0, "excluded_lines": 0}, "missing_lines": [], "excluded_lines": [], "functions": {"DatabaseConfig.sync_url": {"executed_lines": [40], "summary": {"covered_lines": 1, "num_statements": 1, "percent_covered": 100.0, "percent_covered_display": "100", "missing_lines": 0, "excluded_lines": 0}, "missing_lines": [], "excluded_lines": []}, "DatabaseConfig.async_url": {"executed_lines": [45], "summary": {"covered_lines": 1, "num_statements": 1, "percent_covered": 100.0, "percent_covered_display": "100", "missing_lines": 0, "excluded_lines": 0}, "missing_lines": [], "excluded_lines": []}, "DatabaseConfig.alembic_url": {"executed_lines": [50], "summary": {"covered_lines": 1, "num_statements": 1, "percent_covered": 100.0, "percent_covered_display": "100", "missing_lines": 0, "excluded_lines": 0}, "missing_lines": [], "excluded_lines": []}, "get_database_config": {"executed_lines": [63, 64, 67, 69, 72, 73, 74, 75, 76, 79, 80, 83, 84, 86], "summary": {"covered_lines": 14, "num_statements": 14, "percent_covered": 100.0, "percent_covered_display": "100", "missing_lines": 0, "excluded_lines": 0}, "missing_lines": [], "excluded_lines": []}, "get_test_database_config": {"executed_lines": [106], "summary": {"covered_lines": 1, "num_statements": 1, "percent_covered": 100.0, "percent_covered_display": "100", "missing_lines": 0, "excluded_lines": 0}, "missing_lines": [], "excluded_lines": []}, "get_production_database_config": {"executed_lines": [116], "summary": {"covered_lines": 1, "num_statements": 1, "percent_covered": 100.0, "percent_covered_display": "100", "missing_lines": 0, "excluded_lines": 0}, "missing_lines": [], "excluded_lines": []}, "": {"executed_lines": [1, 7, 8, 9, 12, 13, 14, 17, 18, 19, 20, 21, 24, 25, 26, 27, 30, 31, 34, 35, 37, 38, 42, 43, 47, 48, 53, 99, 109], "summary": {"covered_lines": 27, "num_statements": 27, "percent_covered": 100.0, "percent_covered_display": "100", "missing_lines": 0, "excluded_lines": 0}, "missing_lines": [], "excluded_lines": []}}, "classes": {"DatabaseConfig": {"executed_lines": [40, 45, 50], "summary": {"covered_lines": 3, "num_statements": 3, "percent_covered": 100.0, "percent_covered_display": "100", "missing_lines": 0, "excluded_lines": 0}, "missing_lines": [], "excluded_lines": []}, "": {"executed_lines": [1, 7, 8, 9, 12, 13, 14, 17, 18, 19, 20, 21, 24, 25, 26, 27, 30, 31, 34, 35, 37, 38, 42, 43, 47, 48, 53, 63, 64, 67, 69, 72, 73, 74, 75, 76, 79, 80, 83, 84, 86, 99, 106, 109, 116], "summary": {"covered_lines": 43, "num_statements": 43, "percent_covered": 100.0, "percent_covered_display": "100", "missing_lines": 0, "excluded_lines": 0}, "missing_lines": [], "excluded_lines": []}}}, "database/connection.py": {"executed_lines": [1, 7, 8, 9, 11, 12, 18, 19, 21, 23, 26, 27, 33, 34, 35, 36, 37, 39, 40, 41, 42, 44, 45, 46, 47, 49, 56, 57, 59, 60, 63, 75, 86, 93, 101, 103, 104, 106, 107, 108, 110, 111, 113, 114, 115, 117, 119, 121, 123, 129, 130, 150, 151, 171, 181, 188, 189, 191, 192, 193, 194, 195, 197, 215, 218, 220, 223, 233, 246], "summary": {"covered_lines": 67, "num_statements": 107, "percent_covered": 62.61682242990654, "percent_covered_display": "63", "missing_lines": 40, "excluded_lines": 0}, "missing_lines": [120, 125, 126, 127, 139, 140, 141, 142, 143, 144, 145, 146, 148, 160, 161, 162, 163, 164, 165, 166, 167, 169, 173, 174, 175, 177, 178, 179, 204, 205, 207, 208, 209, 210, 211, 230, 242, 243, 256, 257], "excluded_lines": [], "functions": {"DatabaseManager.__new__": {"executed_lines": [40, 41, 42], "summary": {"covered_lines": 3, "num_statements": 3, "percent_covered": 100.0, "percent_covered_display": "100", "missing_lines": 0, "excluded_lines": 0}, "missing_lines": [], "excluded_lines": []}, "DatabaseManager.__init__": {"executed_lines": [45, 46, 47], "summary": {"covered_lines": 3, "num_statements": 3, "percent_covered": 100.0, "percent_covered_display": "100", "missing_lines": 0, "excluded_lines": 0}, "missing_lines": [], "excluded_lines": []}, "DatabaseManager.initialize": {"executed_lines": [56, 57, 59, 60, 63, 75, 86, 93, 101], "summary": {"covered_lines": 9, "num_statements": 9, "percent_covered": 100.0, "percent_covered_display": "100", "missing_lines": 0, "excluded_lines": 0}, "missing_lines": [], "excluded_lines": []}, "DatabaseManager.sync_engine": {"executed_lines": [106, 107, 108], "summary": {"covered_lines": 3, "num_statements": 3, "percent_covered": 100.0, "percent_covered_display": "100", "missing_lines": 0, "excluded_lines": 0}, "missing_lines": [], "excluded_lines": []}, "DatabaseManager.async_engine": {"executed_lines": [113, 114, 115], "summary": {"covered_lines": 3, "num_statements": 3, "percent_covered": 100.0, "percent_covered_display": "100", "missing_lines": 0, "excluded_lines": 0}, "missing_lines": [], "excluded_lines": []}, "DatabaseManager.create_session": {"executed_lines": [119, 121], "summary": {"covered_lines": 2, "num_statements": 3, "percent_covered": 66.66666666666667, "percent_covered_display": "67", "missing_lines": 1, "excluded_lines": 0}, "missing_lines": [120], "excluded_lines": []}, "DatabaseManager.create_async_session": {"executed_lines": [], "summary": {"covered_lines": 0, "num_statements": 3, "percent_covered": 0.0, "percent_covered_display": "0", "missing_lines": 3, "excluded_lines": 0}, "missing_lines": [125, 126, 127], "excluded_lines": []}, "DatabaseManager.get_session": {"executed_lines": [], "summary": {"covered_lines": 0, "num_statements": 9, "percent_covered": 0.0, "percent_covered_display": "0", "missing_lines": 9, "excluded_lines": 0}, "missing_lines": [139, 140, 141, 142, 143, 144, 145, 146, 148], "excluded_lines": []}, "DatabaseManager.get_async_session": {"executed_lines": [], "summary": {"covered_lines": 0, "num_statements": 9, "percent_covered": 0.0, "percent_covered_display": "0", "missing_lines": 9, "excluded_lines": 0}, "missing_lines": [160, 161, 162, 163, 164, 165, 166, 167, 169], "excluded_lines": []}, "DatabaseManager.close": {"executed_lines": [], "summary": {"covered_lines": 0, "num_statements": 6, "percent_covered": 0.0, "percent_covered_display": "0", "missing_lines": 6, "excluded_lines": 0}, "missing_lines": [173, 174, 175, 177, 178, 179], "excluded_lines": []}, "DatabaseManager.health_check": {"executed_lines": [188, 189, 191, 192, 193, 194, 195], "summary": {"covered_lines": 7, "num_statements": 7, "percent_covered": 100.0, "percent_covered_display": "100", "missing_lines": 0, "excluded_lines": 0}, "missing_lines": [], "excluded_lines": []}, "DatabaseManager.async_health_check": {"executed_lines": [], "summary": {"covered_lines": 0, "num_statements": 7, "percent_covered": 0.0, "percent_covered_display": "0", "missing_lines": 7, "excluded_lines": 0}, "missing_lines": [204, 205, 207, 208, 209, 210, 211], "excluded_lines": []}, "get_database_manager": {"executed_lines": [220], "summary": {"covered_lines": 1, "num_statements": 1, "percent_covered": 100.0, "percent_covered_display": "100", "missing_lines": 0, "excluded_lines": 0}, "missing_lines": [], "excluded_lines": []}, "initialize_database": {"executed_lines": [], "summary": {"covered_lines": 0, "num_statements": 1, "percent_covered": 0.0, "percent_covered_display": "0", "missing_lines": 1, "excluded_lines": 0}, "missing_lines": [230], "excluded_lines": []}, "get_db_session": {"executed_lines": [], "summary": {"covered_lines": 0, "num_statements": 2, "percent_covered": 0.0, "percent_covered_display": "0", "missing_lines": 2, "excluded_lines": 0}, "missing_lines": [242, 243], "excluded_lines": []}, "get_async_db_session": {"executed_lines": [], "summary": {"covered_lines": 0, "num_statements": 2, "percent_covered": 0.0, "percent_covered_display": "0", "missing_lines": 2, "excluded_lines": 0}, "missing_lines": [256, 257], "excluded_lines": []}, "": {"executed_lines": [1, 7, 8, 9, 11, 12, 18, 19, 21, 23, 26, 27, 33, 34, 35, 36, 37, 39, 44, 49, 103, 104, 110, 111, 117, 123, 129, 130, 150, 151, 171, 181, 197, 215, 218, 223, 233, 246], "summary": {"covered_lines": 36, "num_statements": 36, "percent_covered": 100.0, "percent_covered_display": "100", "missing_lines": 0, "excluded_lines": 0}, "missing_lines": [], "excluded_lines": []}}, "classes": {"DatabaseManager": {"executed_lines": [40, 41, 42, 45, 46, 47, 56, 57, 59, 60, 63, 75, 86, 93, 101, 106, 107, 108, 113, 114, 115, 119, 121, 188, 189, 191, 192, 193, 194, 195], "summary": {"covered_lines": 30, "num_statements": 65, "percent_covered": 46.15384615384615, "percent_covered_display": "46", "missing_lines": 35, "excluded_lines": 0}, "missing_lines": [120, 125, 126, 127, 139, 140, 141, 142, 143, 144, 145, 146, 148, 160, 161, 162, 163, 164, 165, 166, 167, 169, 173, 174, 175, 177, 178, 179, 204, 205, 207, 208, 209, 210, 211], "excluded_lines": []}, "": {"executed_lines": [1, 7, 8, 9, 11, 12, 18, 19, 21, 23, 26, 27, 33, 34, 35, 36, 37, 39, 44, 49, 103, 104, 110, 111, 117, 123, 129, 130, 150, 151, 171, 181, 197, 215, 218, 220, 223, 233, 246], "summary": {"covered_lines": 37, "num_statements": 42, "percent_covered": 88.0952380952381, "percent_covered_display": "88", "missing_lines": 5, "excluded_lines": 0}, "missing_lines": [230, 242, 243, 256, 257], "excluded_lines": []}}}, "database/models/__init__.py": {"executed_lines": [1, 7, 8, 9, 10, 11, 12, 15], "summary": {"covered_lines": 7, "num_statements": 7, "percent_covered": 100.0, "percent_covered_display": "100", "missing_lines": 0, "excluded_lines": 0}, "missing_lines": [], "excluded_lines": [], "functions": {"": {"executed_lines": [1, 7, 8, 9, 10, 11, 12, 15], "summary": {"covered_lines": 7, "num_statements": 7, "percent_covered": 100.0, "percent_covered_display": "100", "missing_lines": 0, "excluded_lines": 0}, "missing_lines": [], "excluded_lines": []}}, "classes": {"": {"executed_lines": [1, 7, 8, 9, 10, 11, 12, 15], "summary": {"covered_lines": 7, "num_statements": 7, "percent_covered": 100.0, "percent_covered_display": "100", "missing_lines": 0, "excluded_lines": 0}, "missing_lines": [], "excluded_lines": []}}}, "database/models/features.py": {"executed_lines": [1, 7, 8, 9, 11, 12, 13, 14, 16, 19, 20, 22, 23, 26, 27, 33, 36, 40, 44, 49, 51, 53, 55, 59, 64, 66, 68, 70, 72, 74, 77, 79, 81, 83, 85, 88, 90, 92, 95, 97, 99, 103, 108, 112, 116, 120, 124, 126, 131, 135, 137, 140, 142, 145, 151, 152, 157, 158, 160, 162, 163, 165, 167, 169, 170, 172, 174, 175, 177, 179, 181, 182, 183, 184, 186, 188, 189, 190, 193, 195, 196, 197, 200, 202, 213, 215, 226, 228, 237, 239, 249, 251, 282, 289, 290, 291, 292, 293, 294, 295, 297, 305, 308, 312, 315, 316, 319, 322, 323, 326, 332, 333, 334, 337, 339, 341, 343, 344, 348, 349], "summary": {"covered_lines": 115, "num_statements": 123, "percent_covered": 93.4959349593496, "percent_covered_display": "93", "missing_lines": 8, "excluded_lines": 5}, "missing_lines": [171, 191, 198, 318, 328, 329, 346, 351], "excluded_lines": [151, 152, 153, 154, 155], "functions": {"Features.__repr__": {"executed_lines": [152], "summary": {"covered_lines": 0, "num_statements": 0, "percent_covered": 100.0, "percent_covered_display": "100", "missing_lines": 0, "excluded_lines": 4}, "missing_lines": [], "excluded_lines": [152, 153, 154, 155]}, "Features.is_home_team": {"executed_lines": [160], "summary": {"covered_lines": 1, "num_statements": 1, "percent_covered": 100.0, "percent_covered_display": "100", "missing_lines": 0, "excluded_lines": 0}, "missing_lines": [], "excluded_lines": []}, "Features.recent_5_points": {"executed_lines": [165], "summary": {"covered_lines": 1, "num_statements": 1, "percent_covered": 100.0, "percent_covered_display": "100", "missing_lines": 0, "excluded_lines": 0}, "missing_lines": [], "excluded_lines": []}, "Features.recent_5_win_rate": {"executed_lines": [169, 170, 172], "summary": {"covered_lines": 3, "num_statements": 4, "percent_covered": 75.0, "percent_covered_display": "75", "missing_lines": 1, "excluded_lines": 0}, "missing_lines": [171], "excluded_lines": []}, "Features.recent_5_goal_difference": {"executed_lines": [177], "summary": {"covered_lines": 1, "num_statements": 1, "percent_covered": 100.0, "percent_covered_display": "100", "missing_lines": 0, "excluded_lines": 0}, "missing_lines": [], "excluded_lines": []}, "Features.home_win_rate": {"executed_lines": [181, 182, 183, 184], "summary": {"covered_lines": 4, "num_statements": 4, "percent_covered": 100.0, "percent_covered_display": "100", "missing_lines": 0, "excluded_lines": 0}, "missing_lines": [], "excluded_lines": []}, "Features.away_win_rate": {"executed_lines": [188, 189, 190], "summary": {"covered_lines": 3, "num_statements": 4, "percent_covered": 75.0, "percent_covered_display": "75", "missing_lines": 1, "excluded_lines": 0}, "missing_lines": [191], "excluded_lines": []}, "Features.h2h_win_rate": {"executed_lines": [195, 196, 197], "summary": {"covered_lines": 3, "num_statements": 4, "percent_covered": 75.0, "percent_covered_display": "75", "missing_lines": 1, "excluded_lines": 0}, "missing_lines": [198], "excluded_lines": []}, "Features._get_basic_stats_features": {"executed_lines": [202], "summary": {"covered_lines": 1, "num_statements": 1, "percent_covered": 100.0, "percent_covered_display": "100", "missing_lines": 0, "excluded_lines": 0}, "missing_lines": [], "excluded_lines": []}, "Features._get_home_away_features": {"executed_lines": [215], "summary": {"covered_lines": 1, "num_statements": 1, "percent_covered": 100.0, "percent_covered_display": "100", "missing_lines": 0, "excluded_lines": 0}, "missing_lines": [], "excluded_lines": []}, "Features._get_h2h_features": {"executed_lines": [228], "summary": {"covered_lines": 1, "num_statements": 1, "percent_covered": 100.0, "percent_covered_display": "100", "missing_lines": 0, "excluded_lines": 0}, "missing_lines": [], "excluded_lines": []}, "Features._get_league_features": {"executed_lines": [239], "summary": {"covered_lines": 1, "num_statements": 1, "percent_covered": 100.0, "percent_covered_display": "100", "missing_lines": 0, "excluded_lines": 0}, "missing_lines": [], "excluded_lines": []}, "Features._get_extended_features": {"executed_lines": [251], "summary": {"covered_lines": 1, "num_statements": 1, "percent_covered": 100.0, "percent_covered_display": "100", "missing_lines": 0, "excluded_lines": 0}, "missing_lines": [], "excluded_lines": []}, "Features.get_feature_vector": {"executed_lines": [289, 290, 291, 292, 293, 294, 295], "summary": {"covered_lines": 7, "num_statements": 7, "percent_covered": 100.0, "percent_covered_display": "100", "missing_lines": 0, "excluded_lines": 0}, "missing_lines": [], "excluded_lines": []}, "Features.calculate_team_strength": {"executed_lines": [305, 308, 312, 315, 316, 319, 322, 323, 326, 332, 333, 334, 337, 339, 341], "summary": {"covered_lines": 15, "num_statements": 18, "percent_covered": 83.33333333333333, "percent_covered_display": "83", "missing_lines": 3, "excluded_lines": 0}, "missing_lines": [318, 328, 329], "excluded_lines": []}, "Features.get_match_features": {"executed_lines": [], "summary": {"covered_lines": 0, "num_statements": 1, "percent_covered": 0.0, "percent_covered_display": "0", "missing_lines": 1, "excluded_lines": 0}, "missing_lines": [346], "excluded_lines": []}, "Features.get_team_features": {"executed_lines": [], "summary": {"covered_lines": 0, "num_statements": 1, "percent_covered": 0.0, "percent_covered_display": "0", "missing_lines": 1, "excluded_lines": 0}, "missing_lines": [351], "excluded_lines": []}, "": {"executed_lines": [1, 7, 8, 9, 11, 12, 13, 14, 16, 19, 20, 22, 23, 26, 27, 33, 36, 40, 44, 49, 51, 53, 55, 59, 64, 66, 68, 70, 72, 74, 77, 79, 81, 83, 85, 88, 90, 92, 95, 97, 99, 103, 108, 112, 116, 120, 124, 126, 131, 135, 137, 140, 142, 145, 151, 157, 158, 162, 163, 167, 174, 175, 179, 186, 193, 200, 213, 226, 237, 249, 282, 297, 343, 344, 348, 349], "summary": {"covered_lines": 72, "num_statements": 72, "percent_covered": 100.0, "percent_covered_display": "100", "missing_lines": 0, "excluded_lines": 1}, "missing_lines": [], "excluded_lines": [151]}}, "classes": {"TeamType": {"executed_lines": [], "summary": {"covered_lines": 0, "num_statements": 0, "percent_covered": 100.0, "percent_covered_display": "100", "missing_lines": 0, "excluded_lines": 0}, "missing_lines": [], "excluded_lines": []}, "Features": {"executed_lines": [152, 160, 165, 169, 170, 172, 177, 181, 182, 183, 184, 188, 189, 190, 195, 196, 197, 202, 215, 228, 239, 251, 289, 290, 291, 292, 293, 294, 295, 305, 308, 312, 315, 316, 319, 322, 323, 326, 332, 333, 334, 337, 339, 341], "summary": {"covered_lines": 43, "num_statements": 51, "percent_covered": 84.31372549019608, "percent_covered_display": "84", "missing_lines": 8, "excluded_lines": 4}, "missing_lines": [171, 191, 198, 318, 328, 329, 346, 351], "excluded_lines": [152, 153, 154, 155]}, "": {"executed_lines": [1, 7, 8, 9, 11, 12, 13, 14, 16, 19, 20, 22, 23, 26, 27, 33, 36, 40, 44, 49, 51, 53, 55, 59, 64, 66, 68, 70, 72, 74, 77, 79, 81, 83, 85, 88, 90, 92, 95, 97, 99, 103, 108, 112, 116, 120, 124, 126, 131, 135, 137, 140, 142, 145, 151, 157, 158, 162, 163, 167, 174, 175, 179, 186, 193, 200, 213, 226, 237, 249, 282, 297, 343, 344, 348, 349], "summary": {"covered_lines": 72, "num_statements": 72, "percent_covered": 100.0, "percent_covered_display": "100", "missing_lines": 0, "excluded_lines": 1}, "missing_lines": [], "excluded_lines": [151]}}}, "database/models/league.py": {"executed_lines": [1, 7, 8, 10, 13, 14, 20, 23, 25, 27, 29, 32, 34, 37, 40, 44, 47, 53, 54, 56, 57, 59, 60, 61, 63, 64, 66, 68, 72, 73, 77, 78, 82, 83], "summary": {"covered_lines": 30, "num_statements": 34, "percent_covered": 88.23529411764706, "percent_covered_display": "88", "missing_lines": 4, "excluded_lines": 2}, "missing_lines": [70, 75, 80, 85], "excluded_lines": [53, 54], "functions": {"League.__repr__": {"executed_lines": [54], "summary": {"covered_lines": 0, "num_statements": 0, "percent_covered": 100.0, "percent_covered_display": "100", "missing_lines": 0, "excluded_lines": 1}, "missing_lines": [], "excluded_lines": [54]}, "League.display_name": {"executed_lines": [59, 60, 61], "summary": {"covered_lines": 3, "num_statements": 3, "percent_covered": 100.0, "percent_covered_display": "100", "missing_lines": 0, "excluded_lines": 0}, "missing_lines": [], "excluded_lines": []}, "League.is_top_league": {"executed_lines": [66], "summary": {"covered_lines": 1, "num_statements": 1, "percent_covered": 100.0, "percent_covered_display": "100", "missing_lines": 0, "excluded_lines": 0}, "missing_lines": [], "excluded_lines": []}, "League.get_active_teams_count": {"executed_lines": [], "summary": {"covered_lines": 0, "num_statements": 1, "percent_covered": 0.0, "percent_covered_display": "0", "missing_lines": 1, "excluded_lines": 0}, "missing_lines": [70], "excluded_lines": []}, "League.get_by_code": {"executed_lines": [], "summary": {"covered_lines": 0, "num_statements": 1, "percent_covered": 0.0, "percent_covered_display": "0", "missing_lines": 1, "excluded_lines": 0}, "missing_lines": [75], "excluded_lines": []}, "League.get_by_country": {"executed_lines": [], "summary": {"covered_lines": 0, "num_statements": 1, "percent_covered": 0.0, "percent_covered_display": "0", "missing_lines": 1, "excluded_lines": 0}, "missing_lines": [80], "excluded_lines": []}, "League.get_active_leagues": {"executed_lines": [], "summary": {"covered_lines": 0, "num_statements": 1, "percent_covered": 0.0, "percent_covered_display": "0", "missing_lines": 1, "excluded_lines": 0}, "missing_lines": [85], "excluded_lines": []}, "": {"executed_lines": [1, 7, 8, 10, 13, 14, 20, 23, 25, 27, 29, 32, 34, 37, 40, 44, 47, 53, 56, 57, 63, 64, 68, 72, 73, 77, 78, 82, 83], "summary": {"covered_lines": 26, "num_statements": 26, "percent_covered": 100.0, "percent_covered_display": "100", "missing_lines": 0, "excluded_lines": 1}, "missing_lines": [], "excluded_lines": [53]}}, "classes": {"League": {"executed_lines": [54, 59, 60, 61, 66], "summary": {"covered_lines": 4, "num_statements": 8, "percent_covered": 50.0, "percent_covered_display": "50", "missing_lines": 4, "excluded_lines": 1}, "missing_lines": [70, 75, 80, 85], "excluded_lines": [54]}, "": {"executed_lines": [1, 7, 8, 10, 13, 14, 20, 23, 25, 27, 29, 32, 34, 37, 40, 44, 47, 53, 56, 57, 63, 64, 68, 72, 73, 77, 78, 82, 83], "summary": {"covered_lines": 26, "num_statements": 26, "percent_covered": 100.0, "percent_covered_display": "100", "missing_lines": 0, "excluded_lines": 1}, "missing_lines": [], "excluded_lines": [53]}}}, "database/models/match.py": {"executed_lines": [1, 7, 8, 9, 11, 12, 13, 14, 16, 19, 20, 22, 23, 24, 25, 28, 29, 35, 38, 42, 46, 50, 53, 57, 65, 69, 73, 77, 81, 86, 90, 94, 99, 103, 107, 110, 115, 120, 128, 137, 138, 145, 146, 148, 149, 152, 153, 155, 157, 158, 160, 165, 166, 168, 169, 170, 172, 173, 175, 176, 177, 179, 186, 189, 190, 191, 192, 194, 196, 198, 199, 200, 202, 204, 205, 206, 209, 211, 212, 215, 217, 234, 236, 244, 245, 247, 248, 250, 251, 254, 255, 257, 258, 272, 273, 290, 291, 304, 305], "summary": {"covered_lines": 94, "num_statements": 114, "percent_covered": 82.45614035087719, "percent_covered_display": "82", "missing_lines": 20, "excluded_lines": 7}, "missing_lines": [150, 187, 207, 213, 262, 275, 277, 278, 280, 295, 297, 298, 299, 300, 302, 307, 309, 313, 314, 316], "excluded_lines": [137, 138, 139, 140, 141, 142, 143], "functions": {"Match.__repr__": {"executed_lines": [138], "summary": {"covered_lines": 0, "num_statements": 0, "percent_covered": 100.0, "percent_covered_display": "100", "missing_lines": 0, "excluded_lines": 6}, "missing_lines": [], "excluded_lines": [138, 139, 140, 141, 142, 143]}, "Match.match_name": {"executed_lines": [148, 149], "summary": {"covered_lines": 2, "num_statements": 3, "percent_covered": 66.66666666666667, "percent_covered_display": "67", "missing_lines": 1, "excluded_lines": 0}, "missing_lines": [150], "excluded_lines": []}, "Match.is_finished": {"executed_lines": [155], "summary": {"covered_lines": 1, "num_statements": 1, "percent_covered": 100.0, "percent_covered_display": "100", "missing_lines": 0, "excluded_lines": 0}, "missing_lines": [], "excluded_lines": []}, "Match.is_upcoming": {"executed_lines": [160], "summary": {"covered_lines": 1, "num_statements": 1, "percent_covered": 100.0, "percent_covered_display": "100", "missing_lines": 0, "excluded_lines": 0}, "missing_lines": [], "excluded_lines": []}, "Match.final_score": {"executed_lines": [168, 169, 170], "summary": {"covered_lines": 3, "num_statements": 3, "percent_covered": 100.0, "percent_covered_display": "100", "missing_lines": 0, "excluded_lines": 0}, "missing_lines": [], "excluded_lines": []}, "Match.ht_score": {"executed_lines": [175, 176, 177], "summary": {"covered_lines": 3, "num_statements": 3, "percent_covered": 100.0, "percent_covered_display": "100", "missing_lines": 0, "excluded_lines": 0}, "missing_lines": [], "excluded_lines": []}, "Match.get_result": {"executed_lines": [186, 189, 190, 191, 192, 194], "summary": {"covered_lines": 6, "num_statements": 7, "percent_covered": 85.71428571428571, "percent_covered_display": "86", "missing_lines": 1, "excluded_lines": 0}, "missing_lines": [187], "excluded_lines": []}, "Match.get_total_goals": {"executed_lines": [198, 199, 200], "summary": {"covered_lines": 3, "num_statements": 3, "percent_covered": 100.0, "percent_covered_display": "100", "missing_lines": 0, "excluded_lines": 0}, "missing_lines": [], "excluded_lines": []}, "Match.is_over_2_5_goals": {"executed_lines": [204, 205, 206], "summary": {"covered_lines": 3, "num_statements": 4, "percent_covered": 75.0, "percent_covered_display": "75", "missing_lines": 1, "excluded_lines": 0}, "missing_lines": [207], "excluded_lines": []}, "Match.both_teams_scored": {"executed_lines": [211, 212], "summary": {"covered_lines": 2, "num_statements": 3, "percent_covered": 66.66666666666667, "percent_covered_display": "67", "missing_lines": 1, "excluded_lines": 0}, "missing_lines": [213], "excluded_lines": []}, "Match.get_match_stats": {"executed_lines": [217, 234], "summary": {"covered_lines": 2, "num_statements": 2, "percent_covered": 100.0, "percent_covered_display": "100", "missing_lines": 0, "excluded_lines": 0}, "missing_lines": [], "excluded_lines": []}, "Match.update_score": {"executed_lines": [244, 245, 247, 248, 250, 251, 254, 255], "summary": {"covered_lines": 8, "num_statements": 8, "percent_covered": 100.0, "percent_covered_display": "100", "missing_lines": 0, "excluded_lines": 0}, "missing_lines": [], "excluded_lines": []}, "Match.get_by_teams_and_date": {"executed_lines": [], "summary": {"covered_lines": 0, "num_statements": 1, "percent_covered": 0.0, "percent_covered_display": "0", "missing_lines": 1, "excluded_lines": 0}, "missing_lines": [262], "excluded_lines": []}, "Match.get_upcoming_matches": {"executed_lines": [], "summary": {"covered_lines": 0, "num_statements": 4, "percent_covered": 0.0, "percent_covered_display": "0", "missing_lines": 4, "excluded_lines": 0}, "missing_lines": [275, 277, 278, 280], "excluded_lines": []}, "Match.get_finished_matches": {"executed_lines": [], "summary": {"covered_lines": 0, "num_statements": 6, "percent_covered": 0.0, "percent_covered_display": "0", "missing_lines": 6, "excluded_lines": 0}, "missing_lines": [295, 297, 298, 299, 300, 302], "excluded_lines": []}, "Match.get_team_matches": {"executed_lines": [], "summary": {"covered_lines": 0, "num_statements": 5, "percent_covered": 0.0, "percent_covered_display": "0", "missing_lines": 5, "excluded_lines": 0}, "missing_lines": [307, 309, 313, 314, 316], "excluded_lines": []}, "": {"executed_lines": [1, 7, 8, 9, 11, 12, 13, 14, 16, 19, 20, 22, 23, 24, 25, 28, 29, 35, 38, 42, 46, 50, 53, 57, 65, 69, 73, 77, 81, 86, 90, 94, 99, 103, 107, 110, 115, 120, 128, 137, 145, 146, 152, 153, 157, 158, 165, 166, 172, 173, 179, 196, 202, 209, 215, 236, 257, 258, 272, 273, 290, 291, 304, 305], "summary": {"covered_lines": 60, "num_statements": 60, "percent_covered": 100.0, "percent_covered_display": "100", "missing_lines": 0, "excluded_lines": 1}, "missing_lines": [], "excluded_lines": [137]}}, "classes": {"MatchStatus": {"executed_lines": [], "summary": {"covered_lines": 0, "num_statements": 0, "percent_covered": 100.0, "percent_covered_display": "100", "missing_lines": 0, "excluded_lines": 0}, "missing_lines": [], "excluded_lines": []}, "Match": {"executed_lines": [138, 148, 149, 155, 160, 168, 169, 170, 175, 176, 177, 186, 189, 190, 191, 192, 194, 198, 199, 200, 204, 205, 206, 211, 212, 217, 234, 244, 245, 247, 248, 250, 251, 254, 255], "summary": {"covered_lines": 34, "num_statements": 54, "percent_covered": 62.96296296296296, "percent_covered_display": "63", "missing_lines": 20, "excluded_lines": 6}, "missing_lines": [150, 187, 207, 213, 262, 275, 277, 278, 280, 295, 297, 298, 299, 300, 302, 307, 309, 313, 314, 316], "excluded_lines": [138, 139, 140, 141, 142, 143]}, "": {"executed_lines": [1, 7, 8, 9, 11, 12, 13, 14, 16, 19, 20, 22, 23, 24, 25, 28, 29, 35, 38, 42, 46, 50, 53, 57, 65, 69, 73, 77, 81, 86, 90, 94, 99, 103, 107, 110, 115, 120, 128, 137, 145, 146, 152, 153, 157, 158, 165, 166, 172, 173, 179, 196, 202, 209, 215, 236, 257, 258, 272, 273, 290, 291, 304, 305], "summary": {"covered_lines": 60, "num_statements": 60, "percent_covered": 100.0, "percent_covered_display": "100", "missing_lines": 0, "excluded_lines": 1}, "missing_lines": [], "excluded_lines": [137]}}}, "database/models/odds.py": {"executed_lines": [1, 7, 8, 9, 10, 12, 13, 14, 15, 17, 20, 21, 23, 24, 25, 26, 29, 30, 36, 39, 43, 48, 53, 57, 61, 66, 70, 74, 79, 84, 87, 94, 95, 100, 101, 103, 105, 106, 108, 110, 111, 113, 115, 122, 124, 125, 126, 129, 131, 138, 150, 152, 159, 160, 161, 193, 197, 198, 199, 201, 203, 204, 210, 211, 213, 216, 217, 220, 240, 263, 264, 271, 272, 281, 282, 291, 292], "summary": {"covered_lines": 72, "num_statements": 123, "percent_covered": 58.53658536585366, "percent_covered_display": "59", "missing_lines": 51, "excluded_lines": 5}, "missing_lines": [140, 141, 142, 144, 163, 164, 165, 167, 168, 169, 171, 172, 174, 175, 177, 178, 179, 180, 182, 183, 191, 218, 224, 225, 228, 229, 231, 232, 235, 236, 238, 253, 254, 256, 257, 258, 259, 261, 266, 267, 268, 269, 274, 284, 295, 296, 306, 312, 313, 322, 327], "excluded_lines": [94, 95, 96, 97, 98], "functions": {"Odds.__repr__": {"executed_lines": [95], "summary": {"covered_lines": 0, "num_statements": 0, "percent_covered": 100.0, "percent_covered_display": "100", "missing_lines": 0, "excluded_lines": 4}, "missing_lines": [], "excluded_lines": [95, 96, 97, 98]}, "Odds.is_1x2_market": {"executed_lines": [103], "summary": {"covered_lines": 1, "num_statements": 1, "percent_covered": 100.0, "percent_covered_display": "100", "missing_lines": 0, "excluded_lines": 0}, "missing_lines": [], "excluded_lines": []}, "Odds.is_over_under_market": {"executed_lines": [108], "summary": {"covered_lines": 1, "num_statements": 1, "percent_covered": 100.0, "percent_covered_display": "100", "missing_lines": 0, "excluded_lines": 0}, "missing_lines": [], "excluded_lines": []}, "Odds.is_asian_handicap_market": {"executed_lines": [113], "summary": {"covered_lines": 1, "num_statements": 1, "percent_covered": 100.0, "percent_covered_display": "100", "missing_lines": 0, "excluded_lines": 0}, "missing_lines": [], "excluded_lines": []}, "Odds.get_implied_probabilities": {"executed_lines": [122, 124, 125, 126, 129, 131, 138, 150], "summary": {"covered_lines": 8, "num_statements": 12, "percent_covered": 66.66666666666667, "percent_covered_display": "67", "missing_lines": 4, "excluded_lines": 0}, "missing_lines": [140, 141, 142, 144], "excluded_lines": []}, "Odds.get_best_value_bet": {"executed_lines": [159, 160, 161], "summary": {"covered_lines": 3, "num_statements": 20, "percent_covered": 15.0, "percent_covered_display": "15", "missing_lines": 17, "excluded_lines": 0}, "missing_lines": [163, 164, 165, 167, 168, 169, 171, 172, 174, 175, 177, 178, 179, 180, 182, 183, 191], "excluded_lines": []}, "Odds._calculate_percentage_change": {"executed_lines": [197, 198, 199], "summary": {"covered_lines": 3, "num_statements": 3, "percent_covered": 100.0, "percent_covered_display": "100", "missing_lines": 0, "excluded_lines": 0}, "missing_lines": [], "excluded_lines": []}, "Odds._check_1x2_movement": {"executed_lines": [203, 204, 210, 211, 213, 216, 217], "summary": {"covered_lines": 7, "num_statements": 8, "percent_covered": 87.5, "percent_covered_display": "88", "missing_lines": 1, "excluded_lines": 0}, "missing_lines": [218], "excluded_lines": []}, "Odds._check_over_under_movement": {"executed_lines": [], "summary": {"covered_lines": 0, "num_statements": 9, "percent_covered": 0.0, "percent_covered_display": "0", "missing_lines": 9, "excluded_lines": 0}, "missing_lines": [224, 225, 228, 229, 231, 232, 235, 236, 238], "excluded_lines": []}, "Odds.is_odds_movement_significant": {"executed_lines": [], "summary": {"covered_lines": 0, "num_statements": 7, "percent_covered": 0.0, "percent_covered_display": "0", "missing_lines": 7, "excluded_lines": 0}, "missing_lines": [253, 254, 256, 257, 258, 259, 261], "excluded_lines": []}, "Odds.get_latest_odds": {"executed_lines": [], "summary": {"covered_lines": 0, "num_statements": 4, "percent_covered": 0.0, "percent_covered_display": "0", "missing_lines": 4, "excluded_lines": 0}, "missing_lines": [266, 267, 268, 269], "excluded_lines": []}, "Odds.get_odds_history": {"executed_lines": [], "summary": {"covered_lines": 0, "num_statements": 1, "percent_covered": 0.0, "percent_covered_display": "0", "missing_lines": 1, "excluded_lines": 0}, "missing_lines": [274], "excluded_lines": []}, "Odds.get_bookmaker_odds": {"executed_lines": [], "summary": {"covered_lines": 0, "num_statements": 1, "percent_covered": 0.0, "percent_covered_display": "0", "missing_lines": 1, "excluded_lines": 0}, "missing_lines": [284], "excluded_lines": []}, "Odds.get_market_average_odds": {"executed_lines": [], "summary": {"covered_lines": 0, "num_statements": 7, "percent_covered": 0.0, "percent_covered_display": "0", "missing_lines": 7, "excluded_lines": 0}, "missing_lines": [295, 296, 306, 312, 313, 322, 327], "excluded_lines": []}, "": {"executed_lines": [1, 7, 8, 9, 10, 12, 13, 14, 15, 17, 20, 21, 23, 24, 25, 26, 29, 30, 36, 39, 43, 48, 53, 57, 61, 66, 70, 74, 79, 84, 87, 94, 100, 101, 105, 106, 110, 111, 115, 152, 193, 201, 220, 240, 263, 264, 271, 272, 281, 282, 291, 292], "summary": {"covered_lines": 48, "num_statements": 48, "percent_covered": 100.0, "percent_covered_display": "100", "missing_lines": 0, "excluded_lines": 1}, "missing_lines": [], "excluded_lines": [94]}}, "classes": {"MarketType": {"executed_lines": [], "summary": {"covered_lines": 0, "num_statements": 0, "percent_covered": 100.0, "percent_covered_display": "100", "missing_lines": 0, "excluded_lines": 0}, "missing_lines": [], "excluded_lines": []}, "Odds": {"executed_lines": [95, 103, 108, 113, 122, 124, 125, 126, 129, 131, 138, 150, 159, 160, 161, 197, 198, 199, 203, 204, 210, 211, 213, 216, 217], "summary": {"covered_lines": 24, "num_statements": 75, "percent_covered": 32.0, "percent_covered_display": "32", "missing_lines": 51, "excluded_lines": 4}, "missing_lines": [140, 141, 142, 144, 163, 164, 165, 167, 168, 169, 171, 172, 174, 175, 177, 178, 179, 180, 182, 183, 191, 218, 224, 225, 228, 229, 231, 232, 235, 236, 238, 253, 254, 256, 257, 258, 259, 261, 266, 267, 268, 269, 274, 284, 295, 296, 306, 312, 313, 322, 327], "excluded_lines": [95, 96, 97, 98]}, "": {"executed_lines": [1, 7, 8, 9, 10, 12, 13, 14, 15, 17, 20, 21, 23, 24, 25, 26, 29, 30, 36, 39, 43, 48, 53, 57, 61, 66, 70, 74, 79, 84, 87, 94, 100, 101, 105, 106, 110, 111, 115, 152, 193, 201, 220, 240, 263, 264, 271, 272, 281, 282, 291, 292], "summary": {"covered_lines": 48, "num_statements": 48, "percent_covered": 100.0, "percent_covered_display": "100", "missing_lines": 0, "excluded_lines": 1}, "missing_lines": [], "excluded_lines": [94]}}}, "database/models/predictions.py": {"executed_lines": [1, 7, 8, 9, 10, 11, 12, 14, 15, 16, 17, 19, 22, 23, 25, 26, 27, 30, 31, 37, 40, 47, 49, 54, 58, 62, 66, 71, 75, 79, 83, 87, 92, 97, 102, 105, 111, 112, 117, 118, 120, 127, 129, 131, 132, 134, 140, 141, 143, 145, 146, 147, 148, 150, 152, 154, 160, 162, 167, 169, 171, 172, 173, 182, 192, 193, 197, 201, 210, 221, 224, 227, 230, 231, 233, 234, 235, 236, 238, 246, 258, 259, 261, 262, 263, 266, 269, 270, 271, 275, 288, 291, 293, 295, 323, 324, 333, 334, 343, 344, 354, 355], "summary": {"covered_lines": 97, "num_statements": 136, "percent_covered": 71.32352941176471, "percent_covered_display": "71", "missing_lines": 39, "excluded_lines": 5}, "missing_lines": [166, 175, 180, 194, 273, 297, 298, 300, 321, 326, 338, 339, 340, 341, 346, 367, 369, 371, 374, 376, 389, 390, 392, 393, 394, 395, 397, 398, 399, 401, 402, 403, 404, 406, 407, 409, 410, 411, 413], "excluded_lines": [111, 112, 113, 114, 115], "functions": {"Predictions.__repr__": {"executed_lines": [112], "summary": {"covered_lines": 0, "num_statements": 0, "percent_covered": 100.0, "percent_covered_display": "100", "missing_lines": 0, "excluded_lines": 4}, "missing_lines": [], "excluded_lines": [112, 113, 114, 115]}, "Predictions.prediction_summary": {"executed_lines": [120, 127, 129], "summary": {"covered_lines": 3, "num_statements": 3, "percent_covered": 100.0, "percent_covered_display": "100", "missing_lines": 0, "excluded_lines": 0}, "missing_lines": [], "excluded_lines": []}, "Predictions.max_probability": {"executed_lines": [134], "summary": {"covered_lines": 1, "num_statements": 1, "percent_covered": 100.0, "percent_covered_display": "100", "missing_lines": 0, "excluded_lines": 0}, "missing_lines": [], "excluded_lines": []}, "Predictions.prediction_confidence_level": {"executed_lines": [143, 145, 146, 147, 148, 150], "summary": {"covered_lines": 6, "num_statements": 6, "percent_covered": 100.0, "percent_covered_display": "100", "missing_lines": 0, "excluded_lines": 0}, "missing_lines": [], "excluded_lines": []}, "Predictions.get_probabilities_dict": {"executed_lines": [154], "summary": {"covered_lines": 1, "num_statements": 1, "percent_covered": 100.0, "percent_covered_display": "100", "missing_lines": 0, "excluded_lines": 0}, "missing_lines": [], "excluded_lines": []}, "Predictions.get_predicted_score": {"executed_lines": [162, 167], "summary": {"covered_lines": 2, "num_statements": 3, "percent_covered": 66.66666666666667, "percent_covered_display": "67", "missing_lines": 1, "excluded_lines": 0}, "missing_lines": [166], "excluded_lines": []}, "Predictions.get_feature_importance_dict": {"executed_lines": [171, 172, 173], "summary": {"covered_lines": 3, "num_statements": 5, "percent_covered": 60.0, "percent_covered_display": "60", "missing_lines": 2, "excluded_lines": 0}, "missing_lines": [175, 180], "excluded_lines": []}, "Predictions.get_top_features": {"executed_lines": [192, 193, 197, 201], "summary": {"covered_lines": 4, "num_statements": 5, "percent_covered": 80.0, "percent_covered_display": "80", "missing_lines": 1, "excluded_lines": 0}, "missing_lines": [194], "excluded_lines": []}, "Predictions.calculate_accuracy": {"executed_lines": [221, 224, 227, 230, 231, 233, 234, 235, 236, 238], "summary": {"covered_lines": 10, "num_statements": 10, "percent_covered": 100.0, "percent_covered_display": "100", "missing_lines": 0, "excluded_lines": 0}, "missing_lines": [], "excluded_lines": []}, "Predictions.get_betting_recommendations": {"executed_lines": [258, 259, 261, 262, 263, 266, 269, 270, 271, 275, 288, 291, 293], "summary": {"covered_lines": 13, "num_statements": 14, "percent_covered": 92.85714285714286, "percent_covered_display": "93", "missing_lines": 1, "excluded_lines": 0}, "missing_lines": [273], "excluded_lines": []}, "Predictions.generate_explanation": {"executed_lines": [], "summary": {"covered_lines": 0, "num_statements": 4, "percent_covered": 0.0, "percent_covered_display": "0", "missing_lines": 4, "excluded_lines": 0}, "missing_lines": [297, 298, 300, 321], "excluded_lines": []}, "Predictions.get_match_predictions": {"executed_lines": [], "summary": {"covered_lines": 0, "num_statements": 1, "percent_covered": 0.0, "percent_covered_display": "0", "missing_lines": 1, "excluded_lines": 0}, "missing_lines": [326], "excluded_lines": []}, "Predictions.get_latest_prediction": {"executed_lines": [], "summary": {"covered_lines": 0, "num_statements": 4, "percent_covered": 0.0, "percent_covered_display": "0", "missing_lines": 4, "excluded_lines": 0}, "missing_lines": [338, 339, 340, 341], "excluded_lines": []}, "Predictions.get_model_predictions": {"executed_lines": [], "summary": {"covered_lines": 0, "num_statements": 1, "percent_covered": 0.0, "percent_covered_display": "0", "missing_lines": 1, "excluded_lines": 0}, "missing_lines": [346], "excluded_lines": []}, "Predictions.calculate_model_accuracy": {"executed_lines": [], "summary": {"covered_lines": 0, "num_statements": 24, "percent_covered": 0.0, "percent_covered_display": "0", "missing_lines": 24, "excluded_lines": 0}, "missing_lines": [367, 369, 371, 374, 376, 389, 390, 392, 393, 394, 395, 397, 398, 399, 401, 402, 403, 404, 406, 407, 409, 410, 411, 413], "excluded_lines": []}, "": {"executed_lines": [1, 7, 8, 9, 10, 11, 12, 14, 15, 16, 17, 19, 22, 23, 25, 26, 27, 30, 31, 37, 40, 47, 49, 54, 58, 62, 66, 71, 75, 79, 83, 87, 92, 97, 102, 105, 111, 117, 118, 131, 132, 140, 141, 152, 160, 169, 182, 210, 246, 295, 323, 324, 333, 334, 343, 344, 354, 355], "summary": {"covered_lines": 54, "num_statements": 54, "percent_covered": 100.0, "percent_covered_display": "100", "missing_lines": 0, "excluded_lines": 1}, "missing_lines": [], "excluded_lines": [111]}}, "classes": {"PredictedResult": {"executed_lines": [], "summary": {"covered_lines": 0, "num_statements": 0, "percent_covered": 100.0, "percent_covered_display": "100", "missing_lines": 0, "excluded_lines": 0}, "missing_lines": [], "excluded_lines": []}, "Predictions": {"executed_lines": [112, 120, 127, 129, 134, 143, 145, 146, 147, 148, 150, 154, 162, 167, 171, 172, 173, 192, 193, 197, 201, 221, 224, 227, 230, 231, 233, 234, 235, 236, 238, 258, 259, 261, 262, 263, 266, 269, 270, 271, 275, 288, 291, 293], "summary": {"covered_lines": 43, "num_statements": 82, "percent_covered": 52.4390243902439, "percent_covered_display": "52", "missing_lines": 39, "excluded_lines": 4}, "missing_lines": [166, 175, 180, 194, 273, 297, 298, 300, 321, 326, 338, 339, 340, 341, 346, 367, 369, 371, 374, 376, 389, 390, 392, 393, 394, 395, 397, 398, 399, 401, 402, 403, 404, 406, 407, 409, 410, 411, 413], "excluded_lines": [112, 113, 114, 115]}, "": {"executed_lines": [1, 7, 8, 9, 10, 11, 12, 14, 15, 16, 17, 19, 22, 23, 25, 26, 27, 30, 31, 37, 40, 47, 49, 54, 58, 62, 66, 71, 75, 79, 83, 87, 92, 97, 102, 105, 111, 117, 118, 131, 132, 140, 141, 152, 160, 169, 182, 210, 246, 295, 323, 324, 333, 334, 343, 344, 354, 355], "summary": {"covered_lines": 54, "num_statements": 54, "percent_covered": 100.0, "percent_covered_display": "100", "missing_lines": 0, "excluded_lines": 1}, "missing_lines": [], "excluded_lines": [111]}}}, "database/models/team.py": {"executed_lines": [1, 7, 8, 10, 13, 14, 20, 23, 25, 27, 30, 35, 37, 40, 43, 46, 54, 62, 67, 73, 74, 76, 77, 79, 80, 81, 83, 86, 88, 90, 92, 94, 106, 125, 144, 182, 184, 185, 187, 188, 194, 196, 197, 199, 200, 206, 207, 211, 212, 216, 217], "summary": {"covered_lines": 47, "num_statements": 79, "percent_covered": 59.49367088607595, "percent_covered_display": "59", "missing_lines": 32, "excluded_lines": 2}, "missing_lines": [108, 110, 114, 115, 116, 118, 127, 129, 133, 134, 135, 137, 146, 148, 150, 162, 171, 172, 173, 175, 177, 178, 180, 189, 190, 192, 201, 202, 204, 209, 214, 219], "excluded_lines": [73, 74], "functions": {"Team.__repr__": {"executed_lines": [74], "summary": {"covered_lines": 0, "num_statements": 0, "percent_covered": 100.0, "percent_covered_display": "100", "missing_lines": 0, "excluded_lines": 1}, "missing_lines": [], "excluded_lines": [74]}, "Team.display_name": {"executed_lines": [79, 80, 81], "summary": {"covered_lines": 3, "num_statements": 3, "percent_covered": 100.0, "percent_covered_display": "100", "missing_lines": 0, "excluded_lines": 0}, "missing_lines": [], "excluded_lines": []}, "Team.get_all_matches": {"executed_lines": [86], "summary": {"covered_lines": 1, "num_statements": 1, "percent_covered": 100.0, "percent_covered_display": "100", "missing_lines": 0, "excluded_lines": 0}, "missing_lines": [], "excluded_lines": []}, "Team.get_recent_matches": {"executed_lines": [90, 92, 94], "summary": {"covered_lines": 3, "num_statements": 3, "percent_covered": 100.0, "percent_covered_display": "100", "missing_lines": 0, "excluded_lines": 0}, "missing_lines": [], "excluded_lines": []}, "Team.get_home_record": {"executed_lines": [], "summary": {"covered_lines": 0, "num_statements": 6, "percent_covered": 0.0, "percent_covered_display": "0", "missing_lines": 6, "excluded_lines": 0}, "missing_lines": [108, 110, 114, 115, 116, 118], "excluded_lines": []}, "Team.get_away_record": {"executed_lines": [], "summary": {"covered_lines": 0, "num_statements": 6, "percent_covered": 0.0, "percent_covered_display": "0", "missing_lines": 6, "excluded_lines": 0}, "missing_lines": [127, 129, 133, 134, 135, 137], "excluded_lines": []}, "Team.get_season_stats": {"executed_lines": [], "summary": {"covered_lines": 0, "num_statements": 11, "percent_covered": 0.0, "percent_covered_display": "0", "missing_lines": 11, "excluded_lines": 0}, "missing_lines": [146, 148, 150, 162, 171, 172, 173, 175, 177, 178, 180], "excluded_lines": []}, "Team._process_home_match": {"executed_lines": [184, 185, 187, 188], "summary": {"covered_lines": 4, "num_statements": 7, "percent_covered": 57.142857142857146, "percent_covered_display": "57", "missing_lines": 3, "excluded_lines": 0}, "missing_lines": [189, 190, 192], "excluded_lines": []}, "Team._process_away_match": {"executed_lines": [196, 197, 199, 200], "summary": {"covered_lines": 4, "num_statements": 7, "percent_covered": 57.142857142857146, "percent_covered_display": "57", "missing_lines": 3, "excluded_lines": 0}, "missing_lines": [201, 202, 204], "excluded_lines": []}, "Team.get_by_code": {"executed_lines": [], "summary": {"covered_lines": 0, "num_statements": 1, "percent_covered": 0.0, "percent_covered_display": "0", "missing_lines": 1, "excluded_lines": 0}, "missing_lines": [209], "excluded_lines": []}, "Team.get_by_league": {"executed_lines": [], "summary": {"covered_lines": 0, "num_statements": 1, "percent_covered": 0.0, "percent_covered_display": "0", "missing_lines": 1, "excluded_lines": 0}, "missing_lines": [214], "excluded_lines": []}, "Team.get_active_teams": {"executed_lines": [], "summary": {"covered_lines": 0, "num_statements": 1, "percent_covered": 0.0, "percent_covered_display": "0", "missing_lines": 1, "excluded_lines": 0}, "missing_lines": [219], "excluded_lines": []}, "": {"executed_lines": [1, 7, 8, 10, 13, 14, 20, 23, 25, 27, 30, 35, 37, 40, 43, 46, 54, 62, 67, 73, 76, 77, 83, 88, 106, 125, 144, 182, 194, 206, 207, 211, 212, 216, 217], "summary": {"covered_lines": 32, "num_statements": 32, "percent_covered": 100.0, "percent_covered_display": "100", "missing_lines": 0, "excluded_lines": 1}, "missing_lines": [], "excluded_lines": [73]}}, "classes": {"Team": {"executed_lines": [74, 79, 80, 81, 86, 90, 92, 94, 184, 185, 187, 188, 196, 197, 199, 200], "summary": {"covered_lines": 15, "num_statements": 47, "percent_covered": 31.914893617021278, "percent_covered_display": "32", "missing_lines": 32, "excluded_lines": 1}, "missing_lines": [108, 110, 114, 115, 116, 118, 127, 129, 133, 134, 135, 137, 146, 148, 150, 162, 171, 172, 173, 175, 177, 178, 180, 189, 190, 192, 201, 202, 204, 209, 214, 219], "excluded_lines": [74]}, "": {"executed_lines": [1, 7, 8, 10, 13, 14, 20, 23, 25, 27, 30, 35, 37, 40, 43, 46, 54, 62, 67, 73, 76, 77, 83, 88, 106, 125, 144, 182, 194, 206, 207, 211, 212, 216, 217], "summary": {"covered_lines": 32, "num_statements": 32, "percent_covered": 100.0, "percent_covered_display": "100", "missing_lines": 0, "excluded_lines": 1}, "missing_lines": [], "excluded_lines": [73]}}}, "models/__init__.py": {"executed_lines": [1, 11, 12, 13, 14, 17, 18, 20, 21, 22, 23, 24, 27, 28, 30, 31, 32, 33, 36, 37, 38, 40, 41, 42, 43, 44, 45, 47, 49, 59, 60, 61, 63, 64, 65, 66, 67, 68, 69, 70, 71, 73, 88, 89, 90, 92, 93, 94, 95, 96, 97, 98, 100, 102, 113, 114, 115, 117, 118, 119, 120, 121, 123, 125, 134], "summary": {"covered_lines": 58, "num_statements": 59, "percent_covered": 98.30508474576271, "percent_covered_display": "98", "missing_lines": 1, "excluded_lines": 0}, "missing_lines": [75], "excluded_lines": [], "functions": {"User.to_dict": {"executed_lines": [49], "summary": {"covered_lines": 1, "num_statements": 1, "percent_covered": 100.0, "percent_covered_display": "100", "missing_lines": 0, "excluded_lines": 0}, "missing_lines": [], "excluded_lines": []}, "Content.to_dict": {"executed_lines": [], "summary": {"covered_lines": 0, "num_statements": 1, "percent_covered": 0.0, "percent_covered_display": "0", "missing_lines": 1, "excluded_lines": 0}, "missing_lines": [75], "excluded_lines": []}, "AnalysisResult.to_dict": {"executed_lines": [102], "summary": {"covered_lines": 1, "num_statements": 1, "percent_covered": 100.0, "percent_covered_display": "100", "missing_lines": 0, "excluded_lines": 0}, "missing_lines": [], "excluded_lines": []}, "UserProfile.to_dict": {"executed_lines": [125], "summary": {"covered_lines": 1, "num_statements": 1, "percent_covered": 100.0, "percent_covered_display": "100", "missing_lines": 0, "excluded_lines": 0}, "missing_lines": [], "excluded_lines": []}, "": {"executed_lines": [1, 11, 12, 13, 14, 17, 18, 20, 21, 22, 23, 24, 27, 28, 30, 31, 32, 33, 36, 37, 38, 40, 41, 42, 43, 44, 45, 47, 59, 60, 61, 63, 64, 65, 66, 67, 68, 69, 70, 71, 73, 88, 89, 90, 92, 93, 94, 95, 96, 97, 98, 100, 113, 114, 115, 117, 118, 119, 120, 121, 123, 134], "summary": {"covered_lines": 55, "num_statements": 55, "percent_covered": 100.0, "percent_covered_display": "100", "missing_lines": 0, "excluded_lines": 0}, "missing_lines": [], "excluded_lines": []}}, "classes": {"ContentType": {"executed_lines": [], "summary": {"covered_lines": 0, "num_statements": 0, "percent_covered": 100.0, "percent_covered_display": "100", "missing_lines": 0, "excluded_lines": 0}, "missing_lines": [], "excluded_lines": []}, "UserRole": {"executed_lines": [], "summary": {"covered_lines": 0, "num_statements": 0, "percent_covered": 100.0, "percent_covered_display": "100", "missing_lines": 0, "excluded_lines": 0}, "missing_lines": [], "excluded_lines": []}, "User": {"executed_lines": [49], "summary": {"covered_lines": 1, "num_statements": 1, "percent_covered": 100.0, "percent_covered_display": "100", "missing_lines": 0, "excluded_lines": 0}, "missing_lines": [], "excluded_lines": []}, "Content": {"executed_lines": [], "summary": {"covered_lines": 0, "num_statements": 1, "percent_covered": 0.0, "percent_covered_display": "0", "missing_lines": 1, "excluded_lines": 0}, "missing_lines": [75], "excluded_lines": []}, "AnalysisResult": {"executed_lines": [102], "summary": {"covered_lines": 1, "num_statements": 1, "percent_covered": 100.0, "percent_covered_display": "100", "missing_lines": 0, "excluded_lines": 0}, "missing_lines": [], "excluded_lines": []}, "UserProfile": {"executed_lines": [125], "summary": {"covered_lines": 1, "num_statements": 1, "percent_covered": 100.0, "percent_covered_display": "100", "missing_lines": 0, "excluded_lines": 0}, "missing_lines": [], "excluded_lines": []}, "": {"executed_lines": [1, 11, 12, 13, 14, 17, 18, 20, 21, 22, 23, 24, 27, 28, 30, 31, 32, 33, 36, 37, 38, 40, 41, 42, 43, 44, 45, 47, 59, 60, 61, 63, 64, 65, 66, 67, 68, 69, 70, 71, 73, 88, 89, 90, 92, 93, 94, 95, 96, 97, 98, 100, 113, 114, 115, 117, 118, 119, 120, 121, 123, 134], "summary": {"covered_lines": 55, "num_statements": 55, "percent_covered": 100.0, "percent_covered_display": "100", "missing_lines": 0, "excluded_lines": 0}, "missing_lines": [], "excluded_lines": []}}}, "services/__init__.py": {"executed_lines": [1, 11, 12, 14, 15, 18, 19, 21, 22, 23, 25, 26, 30, 31, 36, 37, 39, 40, 41, 43, 45, 47, 48, 50, 52, 53, 55, 57, 58, 60, 64, 71, 79, 81, 82, 83, 84, 85, 86, 89, 90, 92, 93, 94, 96, 98, 100, 102, 104, 105, 107, 109, 112, 119, 120, 122, 124, 126, 130, 131, 132, 135, 136, 137, 139, 142, 143, 145, 146, 148, 150, 151, 153, 155, 157, 160, 166, 168, 169, 170, 171, 172, 173, 176, 177, 179, 180, 181, 183, 185, 186, 188, 190, 191, 193, 194, 196, 197, 198, 199, 200, 202, 203, 205, 207, 209, 211, 212, 213, 214, 216, 218, 220, 224, 227, 228, 229, 231], "summary": {"covered_lines": 108, "num_statements": 108, "percent_covered": 100.0, "percent_covered_display": "100", "missing_lines": 0, "excluded_lines": 8}, "missing_lines": [], "excluded_lines": [25, 26, 27, 28, 30, 31, 32, 33], "functions": {"BaseService.__init__": {"executed_lines": [22, 23], "summary": {"covered_lines": 2, "num_statements": 2, "percent_covered": 100.0, "percent_covered_display": "100", "missing_lines": 0, "excluded_lines": 0}, "missing_lines": [], "excluded_lines": []}, "BaseService.initialize": {"executed_lines": [], "summary": {"covered_lines": 0, "num_statements": 0, "percent_covered": 100.0, "percent_covered_display": "100", "missing_lines": 0, "excluded_lines": 2}, "missing_lines": [], "excluded_lines": [27, 28]}, "BaseService.shutdown": {"executed_lines": [], "summary": {"covered_lines": 0, "num_statements": 0, "percent_covered": 100.0, "percent_covered_display": "100", "missing_lines": 0, "excluded_lines": 2}, "missing_lines": [], "excluded_lines": [32, 33]}, "ContentAnalysisService.__init__": {"executed_lines": [40, 41], "summary": {"covered_lines": 2, "num_statements": 2, "percent_covered": 100.0, "percent_covered_display": "100", "missing_lines": 0, "excluded_lines": 0}, "missing_lines": [], "excluded_lines": []}, "ContentAnalysisService.initialize": {"executed_lines": [45, 47, 48], "summary": {"covered_lines": 3, "num_statements": 3, "percent_covered": 100.0, "percent_covered_display": "100", "missing_lines": 0, "excluded_lines": 0}, "missing_lines": [], "excluded_lines": []}, "ContentAnalysisService.shutdown": {"executed_lines": [52, 53], "summary": {"covered_lines": 2, "num_statements": 2, "percent_covered": 100.0, "percent_covered_display": "100", "missing_lines": 0, "excluded_lines": 0}, "missing_lines": [], "excluded_lines": []}, "ContentAnalysisService.analyze_content": {"executed_lines": [57, 58, 60, 64, 71], "summary": {"covered_lines": 5, "num_statements": 5, "percent_covered": 100.0, "percent_covered_display": "100", "missing_lines": 0, "excluded_lines": 0}, "missing_lines": [], "excluded_lines": []}, "ContentAnalysisService.batch_analyze": {"executed_lines": [81, 82, 83, 84, 85, 86], "summary": {"covered_lines": 6, "num_statements": 6, "percent_covered": 100.0, "percent_covered_display": "100", "missing_lines": 0, "excluded_lines": 0}, "missing_lines": [], "excluded_lines": []}, "UserProfileService.__init__": {"executed_lines": [93, 94], "summary": {"covered_lines": 2, "num_statements": 2, "percent_covered": 100.0, "percent_covered_display": "100", "missing_lines": 0, "excluded_lines": 0}, "missing_lines": [], "excluded_lines": []}, "UserProfileService.initialize": {"executed_lines": [98, 100], "summary": {"covered_lines": 2, "num_statements": 2, "percent_covered": 100.0, "percent_covered_display": "100", "missing_lines": 0, "excluded_lines": 0}, "missing_lines": [], "excluded_lines": []}, "UserProfileService.shutdown": {"executed_lines": [104, 105], "summary": {"covered_lines": 2, "num_statements": 2, "percent_covered": 100.0, "percent_covered_display": "100", "missing_lines": 0, "excluded_lines": 0}, "missing_lines": [], "excluded_lines": []}, "UserProfileService.generate_profile": {"executed_lines": [109, 112, 119, 120], "summary": {"covered_lines": 4, "num_statements": 4, "percent_covered": 100.0, "percent_covered_display": "100", "missing_lines": 0, "excluded_lines": 0}, "missing_lines": [], "excluded_lines": []}, "UserProfileService.get_profile": {"executed_lines": [124], "summary": {"covered_lines": 1, "num_statements": 1, "percent_covered": 100.0, "percent_covered_display": "100", "missing_lines": 0, "excluded_lines": 0}, "missing_lines": [], "excluded_lines": []}, "UserProfileService.update_profile": {"executed_lines": [130, 131, 132, 135, 136, 137, 139], "summary": {"covered_lines": 7, "num_statements": 7, "percent_covered": 100.0, "percent_covered_display": "100", "missing_lines": 0, "excluded_lines": 0}, "missing_lines": [], "excluded_lines": []}, "DataProcessingService.__init__": {"executed_lines": [146], "summary": {"covered_lines": 1, "num_statements": 1, "percent_covered": 100.0, "percent_covered_display": "100", "missing_lines": 0, "excluded_lines": 0}, "missing_lines": [], "excluded_lines": []}, "DataProcessingService.initialize": {"executed_lines": [150, 151], "summary": {"covered_lines": 2, "num_statements": 2, "percent_covered": 100.0, "percent_covered_display": "100", "missing_lines": 0, "excluded_lines": 0}, "missing_lines": [], "excluded_lines": []}, "DataProcessingService.shutdown": {"executed_lines": [155], "summary": {"covered_lines": 1, "num_statements": 1, "percent_covered": 100.0, "percent_covered_display": "100", "missing_lines": 0, "excluded_lines": 0}, "missing_lines": [], "excluded_lines": []}, "DataProcessingService.process_text": {"executed_lines": [160], "summary": {"covered_lines": 1, "num_statements": 1, "percent_covered": 100.0, "percent_covered_display": "100", "missing_lines": 0, "excluded_lines": 0}, "missing_lines": [], "excluded_lines": []}, "DataProcessingService.process_batch": {"executed_lines": [168, 169, 170, 171, 172, 173], "summary": {"covered_lines": 6, "num_statements": 6, "percent_covered": 100.0, "percent_covered_display": "100", "missing_lines": 0, "excluded_lines": 0}, "missing_lines": [], "excluded_lines": []}, "ServiceManager.__init__": {"executed_lines": [180, 181], "summary": {"covered_lines": 2, "num_statements": 2, "percent_covered": 100.0, "percent_covered_display": "100", "missing_lines": 0, "excluded_lines": 0}, "missing_lines": [], "excluded_lines": []}, "ServiceManager.register_service": {"executed_lines": [185, 186], "summary": {"covered_lines": 2, "num_statements": 2, "percent_covered": 100.0, "percent_covered_display": "100", "missing_lines": 0, "excluded_lines": 0}, "missing_lines": [], "excluded_lines": []}, "ServiceManager.initialize_all": {"executed_lines": [190, 191, 193, 194, 196, 197, 198, 199, 200, 202, 203, 205], "summary": {"covered_lines": 12, "num_statements": 12, "percent_covered": 100.0, "percent_covered_display": "100", "missing_lines": 0, "excluded_lines": 0}, "missing_lines": [], "excluded_lines": []}, "ServiceManager.shutdown_all": {"executed_lines": [209, 211, 212, 213, 214, 216], "summary": {"covered_lines": 6, "num_statements": 6, "percent_covered": 100.0, "percent_covered_display": "100", "missing_lines": 0, "excluded_lines": 0}, "missing_lines": [], "excluded_lines": []}, "ServiceManager.get_service": {"executed_lines": [220], "summary": {"covered_lines": 1, "num_statements": 1, "percent_covered": 100.0, "percent_covered_display": "100", "missing_lines": 0, "excluded_lines": 0}, "missing_lines": [], "excluded_lines": []}, "": {"executed_lines": [1, 11, 12, 14, 15, 18, 19, 21, 25, 26, 30, 31, 36, 37, 39, 43, 50, 55, 79, 89, 90, 92, 96, 102, 107, 122, 126, 142, 143, 145, 148, 153, 157, 166, 176, 177, 179, 183, 188, 207, 218, 224, 227, 228, 229, 231], "summary": {"covered_lines": 36, "num_statements": 36, "percent_covered": 100.0, "percent_covered_display": "100", "missing_lines": 0, "excluded_lines": 4}, "missing_lines": [], "excluded_lines": [25, 26, 30, 31]}}, "classes": {"BaseService": {"executed_lines": [22, 23], "summary": {"covered_lines": 2, "num_statements": 2, "percent_covered": 100.0, "percent_covered_display": "100", "missing_lines": 0, "excluded_lines": 4}, "missing_lines": [], "excluded_lines": [27, 28, 32, 33]}, "ContentAnalysisService": {"executed_lines": [40, 41, 45, 47, 48, 52, 53, 57, 58, 60, 64, 71, 81, 82, 83, 84, 85, 86], "summary": {"covered_lines": 18, "num_statements": 18, "percent_covered": 100.0, "percent_covered_display": "100", "missing_lines": 0, "excluded_lines": 0}, "missing_lines": [], "excluded_lines": []}, "UserProfileService": {"executed_lines": [93, 94, 98, 100, 104, 105, 109, 112, 119, 120, 124, 130, 131, 132, 135, 136, 137, 139], "summary": {"covered_lines": 18, "num_statements": 18, "percent_covered": 100.0, "percent_covered_display": "100", "missing_lines": 0, "excluded_lines": 0}, "missing_lines": [], "excluded_lines": []}, "DataProcessingService": {"executed_lines": [146, 150, 151, 155, 160, 168, 169, 170, 171, 172, 173], "summary": {"covered_lines": 11, "num_statements": 11, "percent_covered": 100.0, "percent_covered_display": "100", "missing_lines": 0, "excluded_lines": 0}, "missing_lines": [], "excluded_lines": []}, "ServiceManager": {"executed_lines": [180, 181, 185, 186, 190, 191, 193, 194, 196, 197, 198, 199, 200, 202, 203, 205, 209, 211, 212, 213, 214, 216, 220], "summary": {"covered_lines": 23, "num_statements": 23, "percent_covered": 100.0, "percent_covered_display": "100", "missing_lines": 0, "excluded_lines": 0}, "missing_lines": [], "excluded_lines": []}, "": {"executed_lines": [1, 11, 12, 14, 15, 18, 19, 21, 25, 26, 30, 31, 36, 37, 39, 43, 50, 55, 79, 89, 90, 92, 96, 102, 107, 122, 126, 142, 143, 145, 148, 153, 157, 166, 176, 177, 179, 183, 188, 207, 218, 224, 227, 228, 229, 231], "summary": {"covered_lines": 36, "num_statements": 36, "percent_covered": 100.0, "percent_covered_display": "100", "missing_lines": 0, "excluded_lines": 4}, "missing_lines": [], "excluded_lines": [25, 26, 30, 31]}}}, "utils/__init__.py": {"executed_lines": [1, 12, 13, 14, 15, 16, 17, 18, 19, 22, 23, 25, 26, 28, 29, 30, 32, 33, 35, 36, 37, 38, 39, 41, 42, 46, 47, 48, 50, 51, 53, 54, 56, 57, 58, 59, 60, 62, 63, 65, 68, 69, 71, 72, 74, 75, 77, 78, 80, 89, 91, 92, 96, 97, 99, 100, 101, 103, 104, 108, 109, 110, 112, 116, 119, 120, 122, 123, 125, 127, 128, 130, 132, 133, 135, 137, 138, 140, 142, 143, 147, 150, 151, 153, 154, 156, 158, 159, 161, 163, 164, 166, 167, 168, 169, 171, 173, 174, 176, 177, 179, 180, 183, 184, 186, 187, 189, 190, 191, 193, 194, 197, 198, 200, 201, 203, 204, 206, 207, 209, 210, 212, 213, 216, 217, 219, 220, 222, 223, 224, 227, 228, 230, 231, 233, 234, 235, 241, 244, 245, 247, 248, 252, 253, 255, 256, 258, 260, 261, 263, 264, 266, 269], "summary": {"covered_lines": 146, "num_statements": 146, "percent_covered": 100.0, "percent_covered_display": "100", "missing_lines": 0, "excluded_lines": 0}, "missing_lines": [], "excluded_lines": [], "functions": {"FileUtils.ensure_dir": {"executed_lines": [28, 29, 30], "summary": {"covered_lines": 3, "num_statements": 3, "percent_covered": 100.0, "percent_covered_display": "100", "missing_lines": 0, "excluded_lines": 0}, "missing_lines": [], "excluded_lines": []}, "FileUtils.read_json": {"executed_lines": [35, 36, 37, 38, 39], "summary": {"covered_lines": 5, "num_statements": 5, "percent_covered": 100.0, "percent_covered_display": "100", "missing_lines": 0, "excluded_lines": 0}, "missing_lines": [], "excluded_lines": []}, "FileUtils.write_json": {"executed_lines": [46, 47, 48, 50, 51], "summary": {"covered_lines": 5, "num_statements": 5, "percent_covered": 100.0, "percent_covered_display": "100", "missing_lines": 0, "excluded_lines": 0}, "missing_lines": [], "excluded_lines": []}, "FileUtils.get_file_hash": {"executed_lines": [56, 57, 58, 59, 60], "summary": {"covered_lines": 5, "num_statements": 5, "percent_covered": 100.0, "percent_covered_display": "100", "missing_lines": 0, "excluded_lines": 0}, "missing_lines": [], "excluded_lines": []}, "FileUtils.get_file_size": {"executed_lines": [65], "summary": {"covered_lines": 1, "num_statements": 1, "percent_covered": 100.0, "percent_covered_display": "100", "missing_lines": 0, "excluded_lines": 0}, "missing_lines": [], "excluded_lines": []}, "DataValidator.is_valid_email": {"executed_lines": [74, 75], "summary": {"covered_lines": 2, "num_statements": 2, "percent_covered": 100.0, "percent_covered_display": "100", "missing_lines": 0, "excluded_lines": 0}, "missing_lines": [], "excluded_lines": []}, "DataValidator.is_valid_url": {"executed_lines": [80, 89], "summary": {"covered_lines": 2, "num_statements": 2, "percent_covered": 100.0, "percent_covered_display": "100", "missing_lines": 0, "excluded_lines": 0}, "missing_lines": [], "excluded_lines": []}, "DataValidator.validate_required_fields": {"executed_lines": [96, 97, 99, 100, 101], "summary": {"covered_lines": 5, "num_statements": 5, "percent_covered": 100.0, "percent_covered_display": "100", "missing_lines": 0, "excluded_lines": 0}, "missing_lines": [], "excluded_lines": []}, "DataValidator.validate_data_types": {"executed_lines": [108, 109, 110, 112, 116], "summary": {"covered_lines": 5, "num_statements": 5, "percent_covered": 100.0, "percent_covered_display": "100", "missing_lines": 0, "excluded_lines": 0}, "missing_lines": [], "excluded_lines": []}, "TimeUtils.now_utc": {"executed_lines": [125], "summary": {"covered_lines": 1, "num_statements": 1, "percent_covered": 100.0, "percent_covered_display": "100", "missing_lines": 0, "excluded_lines": 0}, "missing_lines": [], "excluded_lines": []}, "TimeUtils.timestamp_to_datetime": {"executed_lines": [130], "summary": {"covered_lines": 1, "num_statements": 1, "percent_covered": 100.0, "percent_covered_display": "100", "missing_lines": 0, "excluded_lines": 0}, "missing_lines": [], "excluded_lines": []}, "TimeUtils.datetime_to_timestamp": {"executed_lines": [135], "summary": {"covered_lines": 1, "num_statements": 1, "percent_covered": 100.0, "percent_covered_display": "100", "missing_lines": 0, "excluded_lines": 0}, "missing_lines": [], "excluded_lines": []}, "TimeUtils.format_datetime": {"executed_lines": [140], "summary": {"covered_lines": 1, "num_statements": 1, "percent_covered": 100.0, "percent_covered_display": "100", "missing_lines": 0, "excluded_lines": 0}, "missing_lines": [], "excluded_lines": []}, "TimeUtils.parse_datetime": {"executed_lines": [147], "summary": {"covered_lines": 1, "num_statements": 1, "percent_covered": 100.0, "percent_covered_display": "100", "missing_lines": 0, "excluded_lines": 0}, "missing_lines": [], "excluded_lines": []}, "CryptoUtils.generate_uuid": {"executed_lines": [156], "summary": {"covered_lines": 1, "num_statements": 1, "percent_covered": 100.0, "percent_covered_display": "100", "missing_lines": 0, "excluded_lines": 0}, "missing_lines": [], "excluded_lines": []}, "CryptoUtils.generate_short_id": {"executed_lines": [161], "summary": {"covered_lines": 1, "num_statements": 1, "percent_covered": 100.0, "percent_covered_display": "100", "missing_lines": 0, "excluded_lines": 0}, "missing_lines": [], "excluded_lines": []}, "CryptoUtils.hash_string": {"executed_lines": [166, 167, 168, 169, 171], "summary": {"covered_lines": 5, "num_statements": 5, "percent_covered": 100.0, "percent_covered_display": "100", "missing_lines": 0, "excluded_lines": 0}, "missing_lines": [], "excluded_lines": []}, "CryptoUtils.hash_password": {"executed_lines": [176, 177, 179, 180], "summary": {"covered_lines": 4, "num_statements": 4, "percent_covered": 100.0, "percent_covered_display": "100", "missing_lines": 0, "excluded_lines": 0}, "missing_lines": [], "excluded_lines": []}, "StringUtils.truncate": {"executed_lines": [189, 190, 191], "summary": {"covered_lines": 3, "num_statements": 3, "percent_covered": 100.0, "percent_covered_display": "100", "missing_lines": 0, "excluded_lines": 0}, "missing_lines": [], "excluded_lines": []}, "StringUtils.slugify": {"executed_lines": [197, 198], "summary": {"covered_lines": 2, "num_statements": 2, "percent_covered": 100.0, "percent_covered_display": "100", "missing_lines": 0, "excluded_lines": 0}, "missing_lines": [], "excluded_lines": []}, "StringUtils.camel_to_snake": {"executed_lines": [203, 204], "summary": {"covered_lines": 2, "num_statements": 2, "percent_covered": 100.0, "percent_covered_display": "100", "missing_lines": 0, "excluded_lines": 0}, "missing_lines": [], "excluded_lines": []}, "StringUtils.snake_to_camel": {"executed_lines": [209, 210], "summary": {"covered_lines": 2, "num_statements": 2, "percent_covered": 100.0, "percent_covered_display": "100", "missing_lines": 0, "excluded_lines": 0}, "missing_lines": [], "excluded_lines": []}, "StringUtils.clean_text": {"executed_lines": [216, 217], "summary": {"covered_lines": 2, "num_statements": 2, "percent_covered": 100.0, "percent_covered_display": "100", "missing_lines": 0, "excluded_lines": 0}, "missing_lines": [], "excluded_lines": []}, "StringUtils.extract_numbers": {"executed_lines": [222, 223, 224], "summary": {"covered_lines": 3, "num_statements": 3, "percent_covered": 100.0, "percent_covered_display": "100", "missing_lines": 0, "excluded_lines": 0}, "missing_lines": [], "excluded_lines": []}, "DictUtils.deep_merge": {"executed_lines": [233, 234, 235, 241, 244, 245], "summary": {"covered_lines": 6, "num_statements": 6, "percent_covered": 100.0, "percent_covered_display": "100", "missing_lines": 0, "excluded_lines": 0}, "missing_lines": [], "excluded_lines": []}, "DictUtils.flatten_dict": {"executed_lines": [252, 253, 255, 256, 258, 260, 261], "summary": {"covered_lines": 7, "num_statements": 7, "percent_covered": 100.0, "percent_covered_display": "100", "missing_lines": 0, "excluded_lines": 0}, "missing_lines": [], "excluded_lines": []}, "DictUtils.filter_none_values": {"executed_lines": [266], "summary": {"covered_lines": 1, "num_statements": 1, "percent_covered": 100.0, "percent_covered_display": "100", "missing_lines": 0, "excluded_lines": 0}, "missing_lines": [], "excluded_lines": []}, "": {"executed_lines": [1, 12, 13, 14, 15, 16, 17, 18, 19, 22, 23, 25, 26, 32, 33, 41, 42, 53, 54, 62, 63, 68, 69, 71, 72, 77, 78, 91, 92, 103, 104, 119, 120, 122, 123, 127, 128, 132, 133, 137, 138, 142, 143, 150, 151, 153, 154, 158, 159, 163, 164, 173, 174, 183, 184, 186, 187, 193, 194, 200, 201, 206, 207, 212, 213, 219, 220, 227, 228, 230, 231, 247, 248, 263, 264, 269], "summary": {"covered_lines": 69, "num_statements": 69, "percent_covered": 100.0, "percent_covered_display": "100", "missing_lines": 0, "excluded_lines": 0}, "missing_lines": [], "excluded_lines": []}}, "classes": {"FileUtils": {"executed_lines": [28, 29, 30, 35, 36, 37, 38, 39, 46, 47, 48, 50, 51, 56, 57, 58, 59, 60, 65], "summary": {"covered_lines": 19, "num_statements": 19, "percent_covered": 100.0, "percent_covered_display": "100", "missing_lines": 0, "excluded_lines": 0}, "missing_lines": [], "excluded_lines": []}, "DataValidator": {"executed_lines": [74, 75, 80, 89, 96, 97, 99, 100, 101, 108, 109, 110, 112, 116], "summary": {"covered_lines": 14, "num_statements": 14, "percent_covered": 100.0, "percent_covered_display": "100", "missing_lines": 0, "excluded_lines": 0}, "missing_lines": [], "excluded_lines": []}, "TimeUtils": {"executed_lines": [125, 130, 135, 140, 147], "summary": {"covered_lines": 5, "num_statements": 5, "percent_covered": 100.0, "percent_covered_display": "100", "missing_lines": 0, "excluded_lines": 0}, "missing_lines": [], "excluded_lines": []}, "CryptoUtils": {"executed_lines": [156, 161, 166, 167, 168, 169, 171, 176, 177, 179, 180], "summary": {"covered_lines": 11, "num_statements": 11, "percent_covered": 100.0, "percent_covered_display": "100", "missing_lines": 0, "excluded_lines": 0}, "missing_lines": [], "excluded_lines": []}, "StringUtils": {"executed_lines": [189, 190, 191, 197, 198, 203, 204, 209, 210, 216, 217, 222, 223, 224], "summary": {"covered_lines": 14, "num_statements": 14, "percent_covered": 100.0, "percent_covered_display": "100", "missing_lines": 0, "excluded_lines": 0}, "missing_lines": [], "excluded_lines": []}, "DictUtils": {"executed_lines": [233, 234, 235, 241, 244, 245, 252, 253, 255, 256, 258, 260, 261, 266], "summary": {"covered_lines": 14, "num_statements": 14, "percent_covered": 100.0, "percent_covered_display": "100", "missing_lines": 0, "excluded_lines": 0}, "missing_lines": [], "excluded_lines": []}, "": {"executed_lines": [1, 12, 13, 14, 15, 16, 17, 18, 19, 22, 23, 25, 26, 32, 33, 41, 42, 53, 54, 62, 63, 68, 69, 71, 72, 77, 78, 91, 92, 103, 104, 119, 120, 122, 123, 127, 128, 132, 133, 137, 138, 142, 143, 150, 151, 153, 154, 158, 159, 163, 164, 173, 174, 183, 184, 186, 187, 193, 194, 200, 201, 206, 207, 212, 213, 219, 220, 227, 228, 230, 231, 247, 248, 263, 264, 269], "summary": {"covered_lines": 69, "num_statements": 69, "percent_covered": 100.0, "percent_covered_display": "100", "missing_lines": 0, "excluded_lines": 0}, "missing_lines": [], "excluded_lines": []}}}}, "totals": {"covered_lines": 1024, "num_statements": 1243, "percent_covered": 82.38133547868061, "percent_covered_display": "82", "missing_lines": 219, "excluded_lines": 37}}
