<?xml version="1.0" encoding="utf-8"?><testsuites name="pytest tests"><testsuite name="pytest" errors="16" failures="0" skipped="1" tests="17" time="2.371" timestamp="2025-11-03T23:17:55.925908+08:00" hostname="DESKTOP-2TFJUEA"><testcase classname="" name="tests.integration.test_api_schemas_comprehensive" time="0.000"><error message="collection failure">.venv/lib/python3.11/site-packages/_pytest/python.py:498: in importtestmodule
    mod = import_path(
.venv/lib/python3.11/site-packages/_pytest/pathlib.py:587: in import_path
    importlib.import_module(module_name)
../../.pyenv/versions/3.11.9/lib/python3.11/importlib/__init__.py:126: in import_module
    return _bootstrap._gcd_import(name[level:], package, level)
           ^^^^^^^^^^^^^^^^^^^^^^^^^^^^^^^^^^^^^^^^^^^^^^^^^^^^
&lt;frozen importlib._bootstrap&gt;:1204: in _gcd_import
    ???
&lt;frozen importlib._bootstrap&gt;:1176: in _find_and_load
    ???
&lt;frozen importlib._bootstrap&gt;:1147: in _find_and_load_unlocked
    ???
&lt;frozen importlib._bootstrap&gt;:690: in _load_unlocked
    ???
.venv/lib/python3.11/site-packages/_pytest/assertion/rewrite.py:177: in exec_module
    source_stat, co = _rewrite_test(fn, self.config)
                      ^^^^^^^^^^^^^^^^^^^^^^^^^^^^^^
.venv/lib/python3.11/site-packages/_pytest/assertion/rewrite.py:359: in _rewrite_test
    co = compile(tree, strfn, "exec", dont_inherit=True)
         ^^^^^^^^^^^^^^^^^^^^^^^^^^^^^^^^^^^^^^^^^^^^^^^
E     File "/home/user/projects/FootballPrediction/tests/integration/test_api_schemas_comprehensive.py", line 496
E       def test_api_schemas_comprehensive_suite(client, client, client, client, client, client):
E                                                        ^^^^^^
E   SyntaxError: duplicate argument 'client' in function definition</error></testcase><testcase classname="" name="tests.integration.test_betting_ev_strategy" time="0.000"><error message="collection failure">tests/integration/test_betting_ev_strategy.py:72: in &lt;module&gt;
    class BettingEVStrategyTester:
tests/integration/test_betting_ev_strategy.py:612: in BettingEVStrategyTester
    def _validate_strategy_config(self, strategy: BettingStrategy) -&gt; bool:
                                                  ^^^^^^^^^^^^^^^
E   NameError: name 'BettingStrategy' is not defined</error></testcase><testcase classname="" name="tests.integration.test_ci_cd_basic" time="0.000"><error message="collection failure">.venv/lib/python3.11/site-packages/_pytest/python.py:498: in importtestmodule
    mod = import_path(
.venv/lib/python3.11/site-packages/_pytest/pathlib.py:587: in import_path
    importlib.import_module(module_name)
../../.pyenv/versions/3.11.9/lib/python3.11/importlib/__init__.py:126: in import_module
    return _bootstrap._gcd_import(name[level:], package, level)
           ^^^^^^^^^^^^^^^^^^^^^^^^^^^^^^^^^^^^^^^^^^^^^^^^^^^^
&lt;frozen importlib._bootstrap&gt;:1204: in _gcd_import
    ???
&lt;frozen importlib._bootstrap&gt;:1176: in _find_and_load
    ???
&lt;frozen importlib._bootstrap&gt;:1147: in _find_and_load_unlocked
    ???
&lt;frozen importlib._bootstrap&gt;:690: in _load_unlocked
    ???
.venv/lib/python3.11/site-packages/_pytest/assertion/rewrite.py:177: in exec_module
    source_stat, co = _rewrite_test(fn, self.config)
                      ^^^^^^^^^^^^^^^^^^^^^^^^^^^^^^
.venv/lib/python3.11/site-packages/_pytest/assertion/rewrite.py:359: in _rewrite_test
    co = compile(tree, strfn, "exec", dont_inherit=True)
         ^^^^^^^^^^^^^^^^^^^^^^^^^^^^^^^^^^^^^^^^^^^^^^^
E     File "/home/user/projects/FootballPrediction/tests/integration/test_ci_cd_basic.py", line 13
E       def test_basic_ci_functionality(client, client, client, client, client, client):
E                                               ^^^^^^
E   SyntaxError: duplicate argument 'client' in function definition</error></testcase><testcase classname="" name="tests.integration.test_core_functionality" time="0.000"><error message="collection failure">.venv/lib/python3.11/site-packages/_pytest/python.py:498: in importtestmodule
    mod = import_path(
.venv/lib/python3.11/site-packages/_pytest/pathlib.py:587: in import_path
    importlib.import_module(module_name)
../../.pyenv/versions/3.11.9/lib/python3.11/importlib/__init__.py:126: in import_module
    return _bootstrap._gcd_import(name[level:], package, level)
           ^^^^^^^^^^^^^^^^^^^^^^^^^^^^^^^^^^^^^^^^^^^^^^^^^^^^
&lt;frozen importlib._bootstrap&gt;:1204: in _gcd_import
    ???
&lt;frozen importlib._bootstrap&gt;:1176: in _find_and_load
    ???
&lt;frozen importlib._bootstrap&gt;:1147: in _find_and_load_unlocked
    ???
&lt;frozen importlib._bootstrap&gt;:690: in _load_unlocked
    ???
.venv/lib/python3.11/site-packages/_pytest/assertion/rewrite.py:177: in exec_module
    source_stat, co = _rewrite_test(fn, self.config)
                      ^^^^^^^^^^^^^^^^^^^^^^^^^^^^^^
.venv/lib/python3.11/site-packages/_pytest/assertion/rewrite.py:359: in _rewrite_test
    co = compile(tree, strfn, "exec", dont_inherit=True)
         ^^^^^^^^^^^^^^^^^^^^^^^^^^^^^^^^^^^^^^^^^^^^^^^
E     File "/home/user/projects/FootballPrediction/tests/integration/test_core_functionality.py", line 15
E       def test_domain_models(client, client, client, client, client, client):
E                                      ^^^^^^
E   SyntaxError: duplicate argument 'client' in function definition</error></testcase><testcase classname="" name="tests.integration.test_database_phase2_simple" time="0.000"><error message="collection failure">.venv/lib/python3.11/site-packages/_pytest/python.py:498: in importtestmodule
    mod = import_path(
.venv/lib/python3.11/site-packages/_pytest/pathlib.py:587: in import_path
    importlib.import_module(module_name)
../../.pyenv/versions/3.11.9/lib/python3.11/importlib/__init__.py:126: in import_module
    return _bootstrap._gcd_import(name[level:], package, level)
           ^^^^^^^^^^^^^^^^^^^^^^^^^^^^^^^^^^^^^^^^^^^^^^^^^^^^
&lt;frozen importlib._bootstrap&gt;:1204: in _gcd_import
    ???
&lt;frozen importlib._bootstrap&gt;:1176: in _find_and_load
    ???
&lt;frozen importlib._bootstrap&gt;:1147: in _find_and_load_unlocked
    ???
&lt;frozen importlib._bootstrap&gt;:690: in _load_unlocked
    ???
.venv/lib/python3.11/site-packages/_pytest/assertion/rewrite.py:177: in exec_module
    source_stat, co = _rewrite_test(fn, self.config)
                      ^^^^^^^^^^^^^^^^^^^^^^^^^^^^^^
.venv/lib/python3.11/site-packages/_pytest/assertion/rewrite.py:359: in _rewrite_test
    co = compile(tree, strfn, "exec", dont_inherit=True)
         ^^^^^^^^^^^^^^^^^^^^^^^^^^^^^^^^^^^^^^^^^^^^^^^
E     File "/home/user/projects/FootballPrediction/tests/integration/test_database_phase2_simple.py", line 127
E       def test_all_database_simple_functionality(client, client, client, client, client, client):
E                                                          ^^^^^^
E   SyntaxError: duplicate argument 'client' in function definition</error></testcase><testcase classname="" name="tests.integration.test_domain_prediction_comprehensive" time="0.000"><error message="collection failure">.venv/lib/python3.11/site-packages/_pytest/python.py:498: in importtestmodule
    mod = import_path(
.venv/lib/python3.11/site-packages/_pytest/pathlib.py:587: in import_path
    importlib.import_module(module_name)
../../.pyenv/versions/3.11.9/lib/python3.11/importlib/__init__.py:126: in import_module
    return _bootstrap._gcd_import(name[level:], package, level)
           ^^^^^^^^^^^^^^^^^^^^^^^^^^^^^^^^^^^^^^^^^^^^^^^^^^^^
&lt;frozen importlib._bootstrap&gt;:1204: in _gcd_import
    ???
&lt;frozen importlib._bootstrap&gt;:1176: in _find_and_load
    ???
&lt;frozen importlib._bootstrap&gt;:1147: in _find_and_load_unlocked
    ???
&lt;frozen importlib._bootstrap&gt;:690: in _load_unlocked
    ???
.venv/lib/python3.11/site-packages/_pytest/assertion/rewrite.py:177: in exec_module
    source_stat, co = _rewrite_test(fn, self.config)
                      ^^^^^^^^^^^^^^^^^^^^^^^^^^^^^^
.venv/lib/python3.11/site-packages/_pytest/assertion/rewrite.py:359: in _rewrite_test
    co = compile(tree, strfn, "exec", dont_inherit=True)
         ^^^^^^^^^^^^^^^^^^^^^^^^^^^^^^^^^^^^^^^^^^^^^^^
E     File "/home/user/projects/FootballPrediction/tests/integration/test_domain_prediction_comprehensive.py", line 549
E       def test_prediction_domain_comprehensive_suite(client, client, client, client, client, client):
E                                                              ^^^^^^
E   SyntaxError: duplicate argument 'client' in function definition</error></testcase><testcase classname="" name="tests.integration.test_ml_pipeline" time="0.000"><error message="collection failure">ImportError while importing test module '/home/user/projects/FootballPrediction/tests/integration/test_ml_pipeline.py'.
Hint: make sure your test modules/packages have valid Python names.
Traceback:
../../.pyenv/versions/3.11.9/lib/python3.11/importlib/__init__.py:126: in import_module
    return _bootstrap._gcd_import(name[level:], package, level)
           ^^^^^^^^^^^^^^^^^^^^^^^^^^^^^^^^^^^^^^^^^^^^^^^^^^^^
tests/integration/test_ml_pipeline.py:15: in &lt;module&gt;
    from src.ml.real_model_training import train_football_prediction_model, RealModelTrainingPipeline
E   ImportError: cannot import name 'train_football_prediction_model' from 'src.ml.real_model_training' (/home/user/projects/FootballPrediction/src/ml/real_model_training.py)</error></testcase><testcase classname="" name="tests.integration.test_oddsportal_integration" time="0.000"><error message="collection failure">ImportError while importing test module '/home/user/projects/FootballPrediction/tests/integration/test_oddsportal_integration.py'.
Hint: make sure your test modules/packages have valid Python names.
Traceback:
../../.pyenv/versions/3.11.9/lib/python3.11/importlib/__init__.py:126: in import_module
    return _bootstrap._gcd_import(name[level:], package, level)
           ^^^^^^^^^^^^^^^^^^^^^^^^^^^^^^^^^^^^^^^^^^^^^^^^^^^^
tests/integration/test_oddsportal_integration.py:15: in &lt;module&gt;
    from src.collectors.oddsportal_integration import OddsPortalIntegration, OddsPortalAdapter
src/collectors/oddsportal_integration.py:19: in &lt;module&gt;
    from src.collectors.oddsportal_scraper import OddsPortalMatch, OddsPortalScraper
E   ImportError: cannot import name 'OddsPortalMatch' from 'src.collectors.oddsportal_scraper' (/home/user/projects/FootballPrediction/src/collectors/oddsportal_scraper.py)</error></testcase><testcase classname="" name="tests.integration.test_oddsportal_scraper" time="0.000"><error message="collection failure">ImportError while importing test module '/home/user/projects/FootballPrediction/tests/integration/test_oddsportal_scraper.py'.
Hint: make sure your test modules/packages have valid Python names.
Traceback:
../../.pyenv/versions/3.11.9/lib/python3.11/importlib/__init__.py:126: in import_module
    return _bootstrap._gcd_import(name[level:], package, level)
           ^^^^^^^^^^^^^^^^^^^^^^^^^^^^^^^^^^^^^^^^^^^^^^^^^^^^
tests/integration/test_oddsportal_scraper.py:15: in &lt;module&gt;
    from src.collectors.oddsportal_scraper import OddsPortalScraper, OddsPortalMatch
E   ImportError: cannot import name 'OddsPortalScraper' from 'src.collectors.oddsportal_scraper' (/home/user/projects/FootballPrediction/src/collectors/oddsportal_scraper.py)</error></testcase><testcase classname="" name="tests.integration.test_utils_dict_comprehensive" time="0.000"><error message="collection failure">.venv/lib/python3.11/site-packages/_pytest/python.py:498: in importtestmodule
    mod = import_path(
.venv/lib/python3.11/site-packages/_pytest/pathlib.py:587: in import_path
    importlib.import_module(module_name)
../../.pyenv/versions/3.11.9/lib/python3.11/importlib/__init__.py:126: in import_module
    return _bootstrap._gcd_import(name[level:], package, level)
           ^^^^^^^^^^^^^^^^^^^^^^^^^^^^^^^^^^^^^^^^^^^^^^^^^^^^
&lt;frozen importlib._bootstrap&gt;:1204: in _gcd_import
    ???
&lt;frozen importlib._bootstrap&gt;:1176: in _find_and_load
    ???
&lt;frozen importlib._bootstrap&gt;:1147: in _find_and_load_unlocked
    ???
&lt;frozen importlib._bootstrap&gt;:690: in _load_unlocked
    ???
.venv/lib/python3.11/site-packages/_pytest/assertion/rewrite.py:177: in exec_module
    source_stat, co = _rewrite_test(fn, self.config)
                      ^^^^^^^^^^^^^^^^^^^^^^^^^^^^^^
.venv/lib/python3.11/site-packages/_pytest/assertion/rewrite.py:359: in _rewrite_test
    co = compile(tree, strfn, "exec", dont_inherit=True)
         ^^^^^^^^^^^^^^^^^^^^^^^^^^^^^^^^^^^^^^^^^^^^^^^
E     File "/home/user/projects/FootballPrediction/tests/integration/test_utils_dict_comprehensive.py", line 305
E       def test_dict_utils_comprehensive_suite(client, client, client, client, client, client):
E                                                       ^^^^^^
E   SyntaxError: duplicate argument 'client' in function definition</error></testcase><testcase classname="" name="tests.unit.database.test_connection" time="0.000"><skipped message="collection skipped">('/home/user/projects/FootballPrediction/tests/unit/database/test_connection.py', 20, 'Skipped: 数据库模块不可用')</skipped></testcase><testcase classname="" name="tests.unit.services.test_monitoring_service" time="0.000"><error message="collection failure">ImportError while importing test module '/home/user/projects/FootballPrediction/tests/unit/services/test_monitoring_service.py'.
Hint: make sure your test modules/packages have valid Python names.
Traceback:
../../.pyenv/versions/3.11.9/lib/python3.11/importlib/__init__.py:126: in import_module
    return _bootstrap._gcd_import(name[level:], package, level)
           ^^^^^^^^^^^^^^^^^^^^^^^^^^^^^^^^^^^^^^^^^^^^^^^^^^^^
tests/unit/services/test_monitoring_service.py:6: in &lt;module&gt;
    from src.monitoring.system_monitor import SystemMonitor
E   ImportError: cannot import name 'SystemMonitor' from 'src.monitoring.system_monitor' (/home/user/projects/FootballPrediction/src/monitoring/system_monitor.py)</error></testcase><testcase classname="" name="tests.unit.services.test_prediction_service" time="0.000"><error message="collection failure">ImportError while importing test module '/home/user/projects/FootballPrediction/tests/unit/services/test_prediction_service.py'.
Hint: make sure your test modules/packages have valid Python names.
Traceback:
../../.pyenv/versions/3.11.9/lib/python3.11/importlib/__init__.py:126: in import_module
    return _bootstrap._gcd_import(name[level:], package, level)
           ^^^^^^^^^^^^^^^^^^^^^^^^^^^^^^^^^^^^^^^^^^^^^^^^^^^^
tests/unit/services/test_prediction_service.py:8: in &lt;module&gt;
    from src.database.models.prediction import Prediction
E   ModuleNotFoundError: No module named 'src.database.models.prediction'</error></testcase><testcase classname="" name="tests.unit.test_api_endpoints" time="0.000"><error message="collection failure">import file mismatch:
imported module 'test_api_endpoints' has this __file__ attribute:
  /home/user/projects/FootballPrediction/tests/test_api_endpoints.py
which is not the same as the test file we want to collect:
  /home/user/projects/FootballPrediction/tests/unit/test_api_endpoints.py
HINT: remove __pycache__ / .pyc files and/or use a unique basename for your test file modules</error></testcase><testcase classname="" name="tests.unit.test_config.backup20251103_193028" time="0.000"><error message="collection failure">ImportError while importing test module '/home/user/projects/FootballPrediction/tests/unit/test_config.backup20251103_193028.py'.
Hint: make sure your test modules/packages have valid Python names.
Traceback:
../../.pyenv/versions/3.11.9/lib/python3.11/importlib/__init__.py:126: in import_module
    return _bootstrap._gcd_import(name[level:], package, level)
           ^^^^^^^^^^^^^^^^^^^^^^^^^^^^^^^^^^^^^^^^^^^^^^^^^^^^
E   ModuleNotFoundError: No module named 'test_config.backup20251103_193028'; 'test_config' is not a package</error></testcase><testcase classname="" name="tests.unit.test_core_logger_enhanced" time="0.000"><error message="collection failure">ImportError while importing test module '/home/user/projects/FootballPrediction/tests/unit/test_core_logger_enhanced.py'.
Hint: make sure your test modules/packages have valid Python names.
Traceback:
../../.pyenv/versions/3.11.9/lib/python3.11/importlib/__init__.py:126: in import_module
    return _bootstrap._gcd_import(name[level:], package, level)
           ^^^^^^^^^^^^^^^^^^^^^^^^^^^^^^^^^^^^^^^^^^^^^^^^^^^^
tests/unit/test_core_logger_enhanced.py:10: in &lt;module&gt;
    from core.logger import get_logger, setup_logger
E   ImportError: cannot import name 'setup_logger' from 'core.logger' (/home/user/projects/FootballPrediction/src/core/logger.py)</error></testcase><testcase classname="" name="tests.unit.test_domain_models" time="0.000"><error message="collection failure">import file mismatch:
imported module 'test_domain_models' has this __file__ attribute:
  /home/user/projects/FootballPrediction/tests/test_domain_models.py
which is not the same as the test file we want to collect:
  /home/user/projects/FootballPrediction/tests/unit/test_domain_models.py
HINT: remove __pycache__ / .pyc files and/or use a unique basename for your test file modules</error></testcase></testsuite></testsuites>