{
  "timestamp": "2025-10-28T01:27:53.394436",
  "gate_status": "warning",
  "summary": {
    "total_checks": 3,
    "passed": 2,
    "failed": 1,
    "errors": 0,
    "timeouts": 0
  },
  "metrics": {
    "overall_score": 5.53,
    "coverage": 10.9,
    "tests_passed": 84,
    "tests_failed": 10
  },
  "checks": [
    {
      "check_name": "syntax_check",
      "status": "pass",
      "errors_fixed": 0,
      "details": "  ✅ 修复语法错误: 0 个\n\n============================================================\n📊 智能质量修复摘要\n============================================================\n修复时间: 2025-10-28T01:27:25.756600\n处理文件数: 0\n总修复数: 0\n\n🔧 修复详情:\n\n============================================================\n",
      "recommendations": []
    },
    {
      "check_name": "quality_check",
      "status": "pass",
      "details": "🛡️ 质量守护系统\n============================================================\n📊 执行全面质量检查...\n\n1️⃣ 收集质量指标...\n2️⃣ 分析代码质量...\n3️⃣ 检查测试健康度...\n4️⃣ 执行安全性检查...\n5️⃣ 综合质量评估...\n6️⃣ 生成质量报告...\n7️⃣ 生成行动建议...\n\n✅ 质量检查完成！\n\n============================================================\n📊 质量检查摘要\n============================================================\n📈 综合质量分数: 5.53/10\n🧪 测试覆盖率: 10.9%\n🔍 代码质量分数: 8.8/10\n🛡️ 安全分数: 10.0/10\n\n🎯 关键指标:\n  - Ruff错误: 5\n  - MyPy错误: 0\n  - 文件数量: 519\n\n💡 主要建议:\n  • 提升测试覆盖率\n  • 建立质量门禁\n  • 定期质量监控\n\n📋 高优先级行动项:\n  🚨 提升测试覆盖率: 当前覆盖率10.9%，建议优先为核心模块添加测试\n\n============================================================\n",
      "metrics": {
        "overall_score": 5.53,
        "coverage": 10.9
      },
      "recommendations": [
        "整体质量分数偏低，建议优先解决关键问题"
      ]
    },
    {
      "check_name": "test_coverage",
      "status": "fail",
      "details": "============================= test session starts ==============================\nplatform linux -- Python 3.11.9, pytest-8.4.2, pluggy-1.6.0\nrootdir: /home/user/projects/FootballPrediction\nconfigfile: pytest.ini\nplugins: asyncio-1.2.0, typeguard-4.4.4, Faker-37.11.0, anyio-4.11.0, cov-7.0.0, mock-3.15.1\nasyncio: mode=Mode.AUTO, debug=False, asyncio_default_fixture_loop_scope=None, asyncio_default_test_loop_scope=function\n\n----------------------------- live log collection ------------------------------\n2025-10-28 01:27:49 [    INFO] footballprediction: 已注册服务: ContentAnalysisService\n2025-10-28 01:27:49 [    INFO] footballprediction: 已注册服务: UserProfileService\n2025-10-28 01:27:49 [    INFO] footballprediction: 已注册服务: DataProcessingService\ncollected 3920 items\n\ntests/unit/utils/config_loader_test.py::TestUtilsConfigLoader::test_module_imports PASSED [  0%]\ntests/unit/utils/config_loader_test.py::TestUtilsConfigLoader::test_basic_functionality PASSED [  0%]\ntests/unit/utils/config_loader_test.py::TestUtilsConfigLoader::test_business_logic PASSED [  0%]\ntests/unit/utils/config_loader_test.py::TestUtilsConfigLoader::test_error_handling PASSED [  0%]\ntests/unit/utils/config_loader_test.py::TestUtilsConfigLoader::test_edge_cases PASSED [  0%]\ntests/unit/utils/data_processor_test.py::TestUtilsDataProcessor::test_module_imports SKIPPED [  0%]\ntests/unit/utils/data_processor_test.py::TestUtilsDataProcessor::test_basic_functionality SKIPPED [  0%]\ntests/unit/utils/data_processor_test.py::TestUtilsDataProcessor::test_business_logic SKIPPED [  0%]\ntests/unit/utils/data_processor_test.py::TestUtilsDataProcessor::test_error_handling SKIPPED [  0%]\ntests/unit/utils/data_processor_test.py::TestUtilsDataProcessor::test_edge_cases SKIPPED [  0%]\ntests/unit/utils/data_validator_test.py::TestUtilsDataValidatorReal::test_module_imports_real PASSED [  0%]\ntests/unit/utils/data_validator_test.py::TestUtilsDataValidatorReal::test_is_valid_email_function SKIPPED [  0%]\ntests/unit/utils/data_validator_test.py::TestUtilsDataValidatorReal::test_is_valid_url_function SKIPPED [  0%]\ntests/unit/utils/data_validator_test.py::TestUtilsDataValidatorReal::test_validate_required_fields_function SKIPPED [  0%]\ntests/unit/utils/data_validator_test.py::TestUtilsDataValidatorReal::test_validate_data_types_function SKIPPED [  0%]\ntests/unit/utils/data_validator_test.py::TestUtilsDataValidatorReal::test_sanitize_input_function SKIPPED [  0%]\ntests/unit/utils/data_validator_test.py::TestUtilsDataValidatorReal::test_DataValidator_class PASSED [  0%]\ntests/unit/utils/data_validator_test.py::TestUtilsDataValidatorReal::test_datavalidator_is_valid_email SKIPPED [  0%]\ntests/unit/utils/data_validator_test.py::TestUtilsDataValidatorReal::test_datavalidator_is_valid_url SKIPPED [  0%]\ntests/unit/utils/data_validator_test.py::TestUtilsDataValidatorReal::test_integration_scenario PASSED [  0%]\ntests/unit/utils/test_actual_functions.py::TestCryptoUtils::test_generate_uuid PASSED [  0%]\ntests/unit/utils/test_actual_functions.py::TestCryptoUtils::test_generate_short_id PASSED [  0%]\ntests/unit/utils/test_actual_functions.py::TestCryptoUtils::test_hash_string PASSED [  0%]\ntests/unit/utils/test_actual_functions.py::TestCryptoUtils::test_base64_operations PASSED [  0%]\ntests/unit/utils/test_actual_functions.py::TestCryptoUtils::test_password_operations PASSED [  0%]\ntests/unit/utils/test_actual_functions.py::TestCryptoUtils::test_token_and_salt_generation PASSED [  0%]\ntests/unit/utils/test_actual_functions.py::TestDictUtils::test_deep_merge PASSED [  0%]\ntests/unit/utils/test_actual_functions.py::TestDictUtils::test_flatten_dict PASSED [  0%]\ntests/unit/utils/test_actual_functions.py::TestDictUtils::test_filter_none_values PASSED [  0%]\ntests/unit/utils/test_actual_functions.py::TestStringUtils::test_clean_string PASSED [  0%]\ntests/unit/utils/test_actual_functions.py::TestStringUtils::test_truncate PASSED [  0%]\ntests/unit/utils/test_actual_functions.py::TestStringUtils::test_validate_email PASSED [  0%]\ntests/unit/utils/test_actual_functions.py::TestStringUtils::test_slugify PASSED [  0%]\ntests/unit/utils/test_actual_functions.py::TestStringUtils::test_camel_snake_conversion PASSED [  0%]\ntests/unit/utils/test_actual_functions.py::TestStringUtils::test_phone_validation PASSED [  0%]\ntests/unit/utils/test_actual_functions.py::TestStringUtils::test_extract_numbers PASSED [  0%]\ntests/unit/utils/test_actual_functions.py::TestStringUtils::test_mask_sensitive_data PASSED [  0%]\ntests/unit/utils/test_actual_functions.py::TestStringUtils::test_format_bytes PASSED [  0%]\ntests/unit/utils/test_actual_functions.py::TestValidatorFunctions::test_is_valid_email PASSED [  0%]\ntests/unit/utils/test_actual_functions.py::TestValidatorFunctions::test_is_valid_phone SKIPPED [  1%]\ntests/unit/utils/test_actual_functions.py::TestValidatorFunctions::test_is_valid_url PASSED [  1%]\ntests/unit/utils/test_actual_functions.py::TestValidatorFunctions::test_validate_required_fields PASSED [  1%]\ntests/unit/utils/test_actual_functions.py::TestValidatorFunctions::test_validate_data_types PASSED [  1%]\ntests/unit/utils/test_actual_functions.py::TestHelperFunctions::test_generate_uuid PASSED [  1%]\ntests/unit/utils/test_actual_functions.py::TestHelperFunctions::test_generate_hash PASSED [  1%]\ntests/unit/utils/test_actual_functions.py::TestHelperFunctions::test_safe_get PASSED [  1%]\ntests/unit/utils/test_actual_functions.py::TestHelperFunctions::test_format_timestamp PASSED [  1%]\ntests/unit/utils/test_actual_functions.py::TestHelperFunctions::test_sanitize_string PASSED [  1%]\ntests/unit/utils/test_actual_functions.py::TestAPIResponse::test_success_response PASSED [  1%]\ntests/unit/utils/test_actual_functions.py::TestAPIResponse::test_error_response PASSED [  1%]\ntests/unit/utils/test_actual_functions.py::TestFileOperations::test_ensure_dir PASSED [  1%]\ntests/unit/utils/test_actual_functions.py::TestFileOperations::test_json_operations PASSED [  1%]\ntests/unit/utils/test_actual_functions.py::TestFileOperations::test_file_hash_and_size PASSED [  1%]\ntests/unit/utils/test_actual_functions.py::TestFileOperations::test_cleanup_old_files PASSED [  1%]\ntests/unit/utils/test_actual_functions.py::TestTimeUtils::test_time_utils_class PASSED [  1%]\ntests/unit/utils/test_actual_functions.py::TestTimeUtils::test_format_and_parse_datetime PASSED [  1%]\ntests/unit/utils/test_actual_functions.py::TestTimeUtils::test_backward_compatibility_functions PASSED [  1%]\ntests/unit/utils/test_actual_functions.py::TestIntegratedUtils::test_data_processing_pipeline PASSED [  1%]\ntests/unit/utils/test_actual_functions.py::TestIntegratedUtils::test_security_pipeline PASSED [  1%]\ntests/unit/utils/test_actual_functions.py::TestIntegratedUtils::test_api_response_pipeline PASSED [  1%]\ntests/unit/utils/test_alert_manager.py::TestAlertManager::test_alert_manager_initialization PASSED [  1%]\ntests/unit/utils/test_alert_manager.py::TestAlertManager::test_create_alert \n-------------------------------- live log call ---------------------------------\n2025-10-28 01:27:52 [    INFO] src.monitoring.alert_manager: Created alert: alert-0 - Test error\nPASSED                                                                   [  1%]\ntests/unit/utils/test_alert_manager.py::TestAlertManager::test_alert_severity_levels PASSED [  1%]\ntests/unit/utils/test_alert_manager.py::TestAlertManager::test_alert_types PASSED [  1%]\ntests/unit/utils/test_alert_manager.py::TestAlertManager::test_send_alert PASSED [  1%]\ntests/unit/utils/test_alert_manager.py::TestAlertManager::test_send_alert_multiple_notifiers PASSED [  1%]\ntests/unit/utils/test_alert_manager.py::TestAlertManager::test_send_alert_failure PASSED [  1%]\ntests/unit/utils/test_alert_manager.py::TestAlertManager::test_add_alert_to_active PASSED [  1%]\ntests/unit/utils/test_alert_manager.py::TestAlertManager::test_remove_alert_from_active PASSED [  1%]\ntests/unit/utils/test_alert_manager.py::TestAlertManager::test_acknowledge_alert PASSED [  1%]\ntests/unit/utils/test_alert_manager.py::TestAlertManager::test_get_active_alerts \n-------------------------------- live log call ---------------------------------\n2025-10-28 01:27:52 [    INFO] src.monitoring.alert_manager: Created alert: alert-0 - Error 0\n2025-10-28 01:27:52 [    INFO] src.monitoring.alert_manager: Created alert: alert-1 - Error 1\n2025-10-28 01:27:52 [    INFO] src.monitoring.alert_manager: Created alert: alert-2 - Error 2\n2025-10-28 01:27:52 [    INFO] src.monitoring.alert_manager: Created alert: alert-3 - Error 3\n2025-10-28 01:27:52 [    INFO] src.monitoring.alert_manager: Created alert: alert-4 - Error 4\nPASSED                                                                   [  1%]\ntests/unit/utils/test_alert_manager.py::TestAlertManager::test_get_alerts_by_severity \n-------------------------------- live log call ---------------------------------\n2025-10-28 01:27:52 [    INFO] src.monitoring.alert_manager: Created alert: alert-0 - Low severity\n2025-10-28 01:27:52 [    INFO] src.monitoring.alert_manager: Created alert: alert-1 - High severity\n2025-10-28 01:27:52 [    INFO] src.monitoring.alert_manager: Created alert: alert-2 - Another high severity\nPASSED                                                                   [  1%]\ntests/unit/utils/test_alert_manager.py::TestAlertManager::test_get_alerts_by_type \n-------------------------------- live log call ---------------------------------\n2025-10-28 01:27:52 [    INFO] src.monitoring.alert_manager: Created alert: alert-0 - Error message\n2025-10-28 01:27:52 [    INFO] src.monitoring.alert_manager: Created alert: alert-1 - Warning message\n2025-10-28 01:27:52 [    INFO] src.monitoring.alert_manager: Created alert: alert-2 - Another error\nPASSED                                                                   [  1%]\ntests/unit/utils/test_alert_manager.py::TestAlertManager::test_archive_old_alerts \n-------------------------------- live log call ---------------------------------\n2025-10-28 01:27:52 [    INFO] src.monitoring.alert_manager: Created alert: alert-0 - Old alert\n2025-10-28 01:27:52 [    INFO] src.monitoring.alert_manager: Created alert: alert-1 - Recent alert\n2025-10-28 01:27:52 [    INFO] src.monitoring.alert_manager: Archived alert alert-1 with timestamp 2025-10-26 16:27:52.338493\nPASSED                                                                   [  1%]\ntests/unit/utils/test_alert_manager.py::TestAlertManager::test_check_alert_rate_limiting \n-------------------------------- live log call ---------------------------------\n2025-10-28 01:27:52 [    INFO] src.monitoring.alert_manager: Created alert: alert-0 - Database error\n2025-10-28 01:27:52 [    INFO] src.monitoring.alert_manager: Created alert: alert-1 - Database error\n2025-10-28 01:27:52 [    INFO] src.monitoring.alert_manager: Created alert: alert-2 - Database error\n2025-10-28 01:27:52 [    INFO] src.monitoring.alert_manager: Created alert: alert-3 - Database error\n2025-10-28 01:27:52 [    INFO] src.monitoring.alert_manager: Created alert: alert-4 - Database error\n2025-10-28 01:27:52 [    INFO] src.monitoring.alert_manager: Created alert: alert-5 - Database error\n2025-10-28 01:27:52 [    INFO] src.monitoring.alert_manager: Created alert: alert-6 - Database error\n2025-10-28 01:27:52 [    INFO] src.monitoring.alert_manager: Created alert: alert-7 - Database error\n2025-10-28 01:27:52 [    INFO] src.monitoring.alert_manager: Created alert: alert-8 - Database error\n2025-10-28 01:27:52 [    INFO] src.monitoring.alert_manager: Created alert: alert-9 - Database error\nPASSED                                                                   [  1%]\ntests/unit/utils/test_alert_manager.py::TestAlertManager::test_monitor_system_health \n-------------------------------- live log call ---------------------------------\n2025-10-28 01:27:52 [    INFO] src.monitoring.alert_manager: Created alert: alert-0 - High CPU usage detected: 95.5%\n2025-10-28 01:27:52 [    INFO] src.monitoring.alert_manager: Created alert: alert-1 - High memory usage detected: 85.2%\n2025-10-28 01:27:52 [    INFO] src.monitoring.alert_manager: Created alert: alert-2 - High error rate detected: 10.0%\nPASSED                                                                   [  1%]\ntests/unit/utils/test_alert_manager.py::TestAlertManager::test_monitor_database_connection \n-------------------------------- live log call ---------------------------------\n2025-10-28 01:27:52 [    INFO] src.monitoring.alert_manager: Created alert: alert-0 - Database connection failed\nPASSED                                                                   [  1%]\ntests/unit/utils/test_alert_manager.py::TestAlertManager::test_monitor_api_response_time \n-------------------------------- live log call ---------------------------------\n2025-10-28 01:27:52 [    INFO] src.monitoring.alert_manager: Created alert: alert-0 - API response time is slow: 5.5s\nPASSED                                                                   [  1%]\ntests/unit/utils/test_alert_manager.py::TestAlertManager::test_alert_aggregation \n-------------------------------- live log call ---------------------------------\n2025-10-28 01:27:52 [    INFO] src.monitoring.alert_manager: Created alert: alert-0 - Database connection failed\n2025-10-28 01:27:52 [    INFO] src.monitoring.alert_manager: Created alert: alert-1 - Database connection failed\n2025-10-28 01:27:52 [    INFO] src.monitoring.alert_manager: Created alert: alert-2 - Database connection failed\n2025-10-28 01:27:52 [    INFO] src.monitoring.alert_manager: Created alert: alert-3 - Database connection failed\n2025-10-28 01:27:52 [    INFO] src.monitoring.alert_manager: Created alert: alert-4 - Database connection failed\nPASSED                                                                   [  2%]\ntests/unit/utils/test_alert_manager.py::TestAlertManager::test_alert_suppression_rules \n-------------------------------- live log call ---------------------------------\n2025-10-28 01:27:52 [    INFO] src.monitoring.alert_manager: Created alert: alert-0 - Info message\n2025-10-28 01:27:52 [    INFO] src.monitoring.alert_manager: Alert suppressed by rule: maintenance_window\nPASSED                                                                   [  2%]\ntests/unit/utils/test_alert_manager.py::TestAlertManager::test_send_digest_alert \n-------------------------------- live log call ---------------------------------\n2025-10-28 01:27:52 [    INFO] src.monitoring.alert_manager: Created alert: alert-0 - Error 0\n2025-10-28 01:27:52 [    INFO] src.monitoring.alert_manager: Created alert: alert-1 - Error 1\n2025-10-28 01:27:52 [    INFO] src.monitoring.alert_manager: Created alert: alert-2 - Error 2\n2025-10-28 01:27:52 [    INFO] src.monitoring.alert_manager: Created alert: alert-3 - Error 3\n2025-10-28 01:27:52 [    INFO] src.monitoring.alert_manager: Created alert: alert-4 - Error 4\nPASSED                                                                   [  2%]\ntests/unit/utils/test_alert_manager.py::TestAlertManager::test_get_alert_statistics \n-------------------------------- live log call ---------------------------------\n2025-10-28 01:27:52 [    INFO] src.monitoring.alert_manager: Created alert: alert-0 - Error 1\n2025-10-28 01:27:52 [    INFO] src.monitoring.alert_manager: Created alert: alert-1 - Error 2\n2025-10-28 01:27:52 [    INFO] src.monitoring.alert_manager: Created alert: alert-2 - Warning 1\nPASSED                                                                   [  2%]\ntests/unit/utils/test_alert_manager.py::TestAlertManager::test_auto_resolve_alerts \n-------------------------------- live log call ---------------------------------\n2025-10-28 01:27:52 [    INFO] src.monitoring.alert_manager: Created alert: alert-0 - Service down\nPASSED                                                                   [  2%]\ntests/unit/utils/test_alert_manager.py::TestAlertManager::test_alert_export_format PASSED [  2%]\ntests/unit/utils/test_alert_manager.py::TestAlertManager::test_test_alert_system \n-------------------------------- live log call ---------------------------------\n2025-10-28 01:27:52 [    INFO] src.monitoring.alert_manager: Created alert: test_alert - Test alert message\nPASSED                                                                   [  2%]\ntests/unit/utils/test_all_utils.py::TestStringUtils::test_slugify FAILED [  2%]\ntests/unit/utils/test_all_utils.py::TestStringUtils::test_truncate_text FAILED [  2%]\ntests/unit/utils/test_all_utils.py::TestStringUtils::test_extract_numbers PASSED [  2%]\ntests/unit/utils/test_all_utils.py::TestStringUtils::test_generate_random_string FAILED [  2%]\ntests/unit/utils/test_all_utils.py::TestStringUtils::test_is_email_valid FAILED [  2%]\ntests/unit/utils/test_all_utils.py::TestTimeUtils::test_format_duration PASSED [  2%]\ntests/unit/utils/test_all_utils.py::TestTimeUtils::test_time_ago PASSED  [  2%]\ntests/unit/utils/test_all_utils.py::TestTimeUtils::test_is_business_hours PASSED [  2%]\ntests/unit/utils/test_all_utils.py::TestFileUtils::test_get_file_extension FAILED [  2%]\ntests/unit/utils/test_all_utils.py::TestFileUtils::test_safe_filename PASSED [  2%]\ntests/unit/utils/test_all_utils.py::TestFileUtils::test_calculate_file_hash FAILED [  2%]\ntests/unit/utils/test_all_utils.py::TestFileUtils::test_create_temp_file PASSED [  2%]\ntests/unit/utils/test_all_utils.py::TestDataConversion::test_bytes_to_human PASSED [  2%]\ntests/unit/utils/test_all_utils.py::TestDataConversion::test_parse_query_string PASSED [  2%]\ntests/unit/utils/test_all_utils.py::TestDataConversion::test_deep_merge_dicts FAILED [  2%]\ntests/unit/utils/test_all_utils.py::TestDataConversion::test_flatten_dict PASSED [  2%]\ntests/unit/utils/test_all_utils.py::TestCryptoUtils::test_generate_token PASSED [  2%]\ntests/unit/utils/test_all_utils.py::TestCryptoUtils::test_hash_password FAILED [  2%]\ntests/unit/utils/test_all_utils.py::TestCryptoUtils::test_generate_uuid PASSED [  2%]\ntests/unit/utils/test_all_utils.py::TestCryptoUtils::test_base64_encode_decode PASSED [  2%]\ntests/unit/utils/test_anomaly_detector.py::TestAnomalyDetector::test_detector_initialization FAILED [  2%]\ntests/unit/utils/test_anomaly_detector.py::TestAnomalyDetector::test_detect_statistical_outliers FAILED [  2%]\n==================================================\n🧪 测试会话结束\n📊 总测试数: 3920\n❌ 有 10 个测试失败\n==================================================\n\n\n=================================== FAILURES ===================================\n_________________________ TestStringUtils.test_slugify _________________________\ntests/unit/utils/test_all_utils.py:48: in test_slugify\n    assert _result == expected\nE   AssertionError: assert 'specialcharacters' == 'special-characters'\nE     \nE     - special-characters\nE     ?        -\nE     + specialcharacters\n______________________ TestStringUtils.test_truncate_text ______________________\ntests/unit/utils/test_all_utils.py:69: in test_truncate_text\n    assert _result == expected\nE   AssertionError: assert 'Hello W...' == 'Hello...'\nE     \nE     - Hello...\nE     + Hello W...\nE     ?      ++\n_________________ TestStringUtils.test_generate_random_string __________________\ntests/unit/utils/test_all_utils.py:111: in test_generate_random_string\n    assert len(result) == length\n               ^^^^^^\nE   NameError: name 'result' is not defined\n_____________________ TestStringUtils.test_is_email_valid ______________________\ntests/unit/utils/test_all_utils.py:141: in test_is_email_valid\n    assert is_valid_email(email) is True\nE   AssertionError: assert False is True\nE    +  where False = <function TestStringUtils.test_is_email_valid.<locals>.is_valid_email at 0x736cfb2faf20>('a@b.c')\n____________________ TestFileUtils.test_get_file_extension _____________________\ntests/unit/utils/test_all_utils.py:276: in test_get_file_extension\n    assert _result == expected\nE   AssertionError: assert '' == '.env'\nE     \nE     - .env\n____________________ TestFileUtils.test_calculate_file_hash ____________________\ntests/unit/utils/test_all_utils.py:317: in test_calculate_file_hash\n    assert _result == expected_md5\nE   AssertionError: assert '65a8e27d8879...664bd8b7f0ad4' == '65a8e2798833...1c2d4a1b56f1b'\nE     \nE     - 65a8e279883337fed1b1c2d4a1b56f1b\nE     + 65a8e27d8879283831b664bd8b7f0ad4\n___________________ TestDataConversion.test_deep_merge_dicts ___________________\ntests/unit/utils/test_all_utils.py:456: in test_deep_merge_dicts\n    _result = deep_merge(dict1, dict2)\n              ^^^^^^^^^^^^^^^^^^^^^^^^\ntests/unit/utils/test_all_utils.py:441: in deep_merge\n    key in result\n           ^^^^^^\nE   NameError: name 'result' is not defined\n______________________ TestCryptoUtils.test_hash_password ______________________\ntests/unit/utils/test_all_utils.py:520: in test_hash_password\n    def hash_password(password: str, salt: Optional[str] = None) -> Tuple[str, str]:\n                                                                    ^^^^^\nE   NameError: name 'Tuple' is not defined\n_______________ TestAnomalyDetector.test_detector_initialization _______________\ntests/unit/utils/test_anomaly_detector.py:86: in test_detector_initialization\n    assert hasattr(detector, \"threshold\")\nE   AssertionError: assert False\nE    +  where False = hasattr(<src.data.quality.anomaly_detector.StatisticalAnomalyDetector object at 0x736cfb3a4e90>, 'threshold')\n_____________ TestAnomalyDetector.test_detect_statistical_outliers _____________\ntests/unit/utils/test_anomaly_detector.py:91: in test_detect_statistical_outliers\n    anomalies = detector.detect_statistical_outliers(\nE   TypeError: AnomalyDetector.detect_statistical_outliers() got an unexpected keyword argument 'columns'\n============================= slowest 10 durations =============================\n1.09s call     tests/unit/utils/test_actual_functions.py::TestCryptoUtils::test_password_operations\n0.31s call     tests/unit/utils/test_actual_functions.py::TestIntegratedUtils::test_security_pipeline\n0.02s setup    tests/unit/utils/config_loader_test.py::TestUtilsConfigLoader::test_module_imports\n\n(7 durations < 0.005s hidden.  Use -vv to show these durations.)\n=========================== short test summary info ============================\nFAILED tests/unit/utils/test_all_utils.py::TestStringUtils::test_slugify - As...\nFAILED tests/unit/utils/test_all_utils.py::TestStringUtils::test_truncate_text\nFAILED tests/unit/utils/test_all_utils.py::TestStringUtils::test_generate_random_string\nFAILED tests/unit/utils/test_all_utils.py::TestStringUtils::test_is_email_valid\nFAILED tests/unit/utils/test_all_utils.py::TestFileUtils::test_get_file_extension\nFAILED tests/unit/utils/test_all_utils.py::TestFileUtils::test_calculate_file_hash\nFAILED tests/unit/utils/test_all_utils.py::TestDataConversion::test_deep_merge_dicts\nFAILED tests/unit/utils/test_all_utils.py::TestCryptoUtils::test_hash_password\nFAILED tests/unit/utils/test_anomaly_detector.py::TestAnomalyDetector::test_detector_initialization\nFAILED tests/unit/utils/test_anomaly_detector.py::TestAnomalyDetector::test_detect_statistical_outliers\n!!!!!!!!!!!!!!!!!!!!!!!!!! stopping after 10 failures !!!!!!!!!!!!!!!!!!!!!!!!!!\n============ 10 failed, 84 passed, 13 skipped, 9 warnings in 5.77s =============\n",
      "metrics": {
        "tests_passed": 84,
        "tests_failed": 10
      },
      "recommendations": [
        "覆盖率0.0%低于目标10.0%，继续执行Issue #94计划"
      ]
    }
  ],
  "recommendations": [
    "整体质量分数偏低，建议优先解决关键问题",
    "覆盖率0.0%低于目标10.0%，继续执行Issue #94计划"
  ],
  "next_steps": [
    "继续Issue #94覆盖率提升计划，重点关注utils模块"
  ],
  "integration_notes": {
    "issue_94_support": "支持Issue #94覆盖率提升计划",
    "issue_98_methodology": "基于Issue #98智能质量修复方法论",
    "issue_89_objective": "为Issue #89 CI/CD优化提供自动化支持"
  }
}