ERROR tests/unit/cache/test_redis_manager.py::TestPerformanceOptimization::test_batch_operations_performance
ERROR tests/unit/cache/test_redis_manager.py::TestPerformanceOptimization::test_connection_pooling
ERROR tests/unit/cache/test_redis_manager.py::TestPerformanceOptimization::test_key_expiration_strategies
ERROR tests/unit/cache/test_redis_manager.py::TestRedisManagerIntegration::test_cache_hit_miss_logic
ERROR tests/unit/cache/test_redis_manager.py::TestRedisManagerIntegration::test_end_to_end_workflow
ERROR tests/unit/cache/test_redis_manager.py::TestRedisManagerIntegration::test_error_handling
ERROR tests/unit/cache/test_redis_manager.py::TestRedisManagerIntegration::test_retry_mechanism
ERROR tests/unit/cqrs/test_handlers.py::TestCreateMatchHandler::test_handle_success
ERROR tests/unit/cqrs/test_handlers.py::TestGetMatchPredictionsHandler::test_handle_empty_result
ERROR tests/unit/cqrs/test_handlers.py::TestGetMatchPredictionsHandler::test_handle_success
ERROR tests/unit/database/test_connection_enhanced.py::TestConnectionPooling::test_connection_pool_configuration
ERROR tests/unit/database/test_connection_enhanced.py::TestConnectionPooling::test_engine_dispose
ERROR tests/unit/database/test_connection_enhanced.py::TestDatabaseManager::test_database_url_construction
ERROR tests/unit/database/test_connection_enhanced.py::TestDatabaseManager::test_database_url_from_env
ERROR tests/unit/database/test_connection_enhanced.py::TestDatabaseManager::test_engine_configuration
ERROR tests/unit/database/test_connection_enhanced.py::TestDatabaseManager::test_real_manager_initialization
ERROR tests/unit/database/test_connection_enhanced.py::TestDatabaseManager::test_session_configuration
ERROR tests/unit/database/test_connection_enhanced.py::TestErrorHandling::test_connection_failure
ERROR tests/unit/database/test_connection_enhanced.py::TestErrorHandling::test_session_creation_failure
ERROR tests/unit/database/test_connection_enhanced.py::TestErrorHandling::test_uninitialized_operations
ERROR tests/unit/database/test_connection_enhanced.py::TestMultiUserDatabaseManager::test_admin_session_creation
ERROR tests/unit/database/test_connection_enhanced.py::TestMultiUserDatabaseManager::test_multi_user_initialization
ERROR tests/unit/database/test_connection_enhanced.py::TestMultiUserDatabaseManager::test_user_permissions
ERROR tests/unit/database/test_connection_enhanced.py::TestMultiUserDatabaseManager::test_user_session_creation
ERROR tests/unit/database/test_connection_enhanced.py::TestPerformanceAndScalability::test_concurrent_sessions
ERROR tests/unit/database/test_connection_enhanced.py::TestPerformanceAndScalability::test_session_cleanup
ERROR tests/unit/database/test_connection_new.py::TestConfigurationOptions::test_async_url_conversion
ERROR tests/unit/database/test_connection_new.py::TestConfigurationOptions::test_pool_configuration
ERROR tests/unit/database/test_connection_new.py::TestConfigurationOptions::test_session_factory_configuration
ERROR tests/unit/database/test_connection_new.py::TestErrorHandling::test_async_connection_failure
ERROR tests/unit/database/test_connection_new.py::TestErrorHandling::test_database_connection_failure
ERROR tests/unit/database/test_connection_new.py::TestFactoryFunctions::test_initialize_database
ERROR tests/unit/database/test_connection_new.py::TestIntegrationScenarios::test_async_session_context_manager
ERROR tests/unit/database/test_connection_new.py::TestIntegrationScenarios::test_full_workflow_simulation
ERROR tests/unit/database/test_connection_new.py::TestIntegrationScenarios::test_multiple_session_creation
ERROR tests/unit/database/test_connection_new.py::TestMultiUserDatabaseManager::test_multi_user_initialization
ERROR tests/unit/data/test_collectors.py::TestFixturesCollector::test_collect_fixtures_empty_response
ERROR tests/unit/data/test_collectors.py::TestFixturesCollector::test_collect_fixtures_success
ERROR tests/unit/data/test_collectors.py::TestFixturesCollector::test_deduplicate_matches
ERROR tests/unit/data/test_collectors.py::TestFixturesCollector::test_fixtures_collector_initialization
ERROR tests/unit/data/test_collectors.py::TestFixturesCollector::test_process_league_data
ERROR tests/unit/data/test_collectors.py::TestFixturesCollector::test_validate_match_data
ERROR tests/unit/data/test_collectors.py::TestScoresCollector::test_collect_live_scores
ERROR tests/unit/data/test_collectors.py::TestScoresCollector::test_process_match_events
ERROR tests/unit/data/test_collectors.py::TestScoresCollector::test_scores_collector_initialization
ERROR tests/unit/data/test_collectors.py::TestScoresCollector::test_validate_score_data
ERROR tests/unit/data/test_collectors.py::TestStreamingCollector::test_handle_streaming_errors
ERROR tests/unit/data/test_collectors.py::TestStreamingCollector::test_process_streaming_data
ERROR tests/unit/data/test_collectors.py::TestStreamingCollector::test_start_streaming
ERROR tests/unit/data/test_collectors.py::TestStreamingCollector::test_stop_streaming
ERROR tests/unit/data/test_collectors.py::TestStreamingCollector::test_streaming_collector_initialization
FAILED tests/unit/adapters/test_factory_simple.py::TestIntegrationWithRealAdapters::test_end_to_end_workflow
FAILED tests/unit/api/test_api_simple.py::TestIntegrationScenarios::test_chained_mock_calls
FAILED tests/unit/api/test_api_simple.py::TestIntegrationScenarios::test_error_handling
FAILED tests/unit/api/test_api_simple.py::TestIntegrationScenarios::test_full_test_flow
FAILED tests/unit/api/test_api_simple.py::TestMockFunctionality::test_mock_class_bool
FAILED tests/unit/api/test_api_simple.py::TestMockFunctionality::test_mock_class_iteration
FAILED tests/unit/api/test_auth_comprehensive.py::TestAuthContext::test_auth_context_logout_all_sessions
FAILED tests/unit/api/test_auth_comprehensive.py::TestAuthContext::test_auth_context_logout_user
FAILED tests/unit/api/test_auth_comprehensive.py::TestAuthDependencies::test_get_client_ip_direct_connection
FAILED tests/unit/api/test_auth_comprehensive.py::TestAuthDependencies::test_get_client_ip_unknown
FAILED tests/unit/api/test_auth_comprehensive.py::TestAuthDependencies::test_get_client_ip_with_forwarded_header
FAILED tests/unit/api/test_auth_comprehensive.py::TestAuthDependencies::test_get_client_ip_with_real_ip_header
FAILED tests/unit/api/test_auth_comprehensive.py::TestAuthDependencies::test_require_roles_insufficient_permissions
FAILED tests/unit/api/test_auth_comprehensive.py::TestAuthDependencies::test_require_roles_success
FAILED tests/unit/api/test_auth_comprehensive.py::TestJWTTokenManagement::test_password_hashing_and_verification
FAILED tests/unit/api/test_auth_comprehensive.py::TestRateLimiting::test_rate_limit_login_allowed
FAILED tests/unit/api/test_auth_comprehensive.py::TestRateLimiting::test_rate_limit_login_blocked
FAILED tests/unit/api/test_auth_comprehensive.py::TestSecurityFeatures::test_mock_users_data_structure
FAILED tests/unit/api/test_auth_comprehensive.py::TestSecurityFeatures::test_token_data_model
FAILED tests/unit/api/test_auth_comprehensive.py::TestSecurityFeatures::test_user_auth_data_model
FAILED tests/unit/api/test_auth_dependencies_fixed.py::TestAuthenticationDependencies::test_get_admin_user_success
FAILED tests/unit/api/test_auth_dependencies_fixed.py::TestAuthenticationDependencies::test_get_admin_user_unauthorized
FAILED tests/unit/api/test_auth_dependencies.py::TestGetCurrentUserOptional::test_get_current_user_optional_exception_handling
FAILED tests/unit/api/test_auth_dependencies.py::TestGetCurrentUserOptional::test_get_current_user_optional_malformed_token
FAILED tests/unit/api/test_auth_dependencies.py::TestGetCurrentUserOptional::test_get_current_user_optional_success
FAILED tests/unit/api/test_auth_dependencies.py::TestGetCurrentUser::test_get_current_user_different_credentials
FAILED tests/unit/api/test_auth_dependencies.py::TestGetCurrentUser::test_get_current_user_exception_handling
FAILED tests/unit/api/test_auth_dependencies.py::TestGetCurrentUser::test_get_current_user_success
FAILED tests/unit/api/test_auth_dependencies.py::TestIntegrationScenarios::test_error_handling_consistency
FAILED tests/unit/api/test_auth_dependencies.py::TestIntegrationScenarios::test_full_authentication_flow
FAILED tests/unit/api/test_auth_dependencies.py::TestIntegrationScenarios::test_optional_authentication_scenarios
FAILED tests/unit/api/test_auth_dependencies.py::TestRequireAdmin::test_require_admin_case_sensitive
FAILED tests/unit/api/test_auth_dependencies.py::TestRequireAdmin::test_require_admin_moderator_denied
FAILED tests/unit/api/test_auth_dependencies.py::TestRequireAdmin::test_require_admin_no_role
FAILED tests/unit/api/test_auth_dependencies.py::TestRequireAdmin::test_require_admin_regular_user_denied
FAILED tests/unit/api/test_auth_dependencies.py::TestTokenData::test_token_data_creation_default
FAILED tests/unit/api/test_auth_dependencies.py::TestTokenData::test_token_data_creation_partial
FAILED tests/unit/api/test_auth_simple.py::TestAuthAPI::test_get_current_user_no_auth_header
FAILED tests/unit/api/test_auth_simple.py::TestAuthAPI::test_get_current_user_success
FAILED tests/unit/api/test_auth_simple.py::TestAuthAPI::test_get_user_by_id_success
FAILED tests/unit/api/test_auth_simple.py::TestAuthAPI::test_login_empty_request
FAILED tests/unit/api/test_auth_simple.py::TestAuthAPI::test_login_success - ...
FAILED tests/unit/api/test_auth_simple.py::TestAuthAPI::test_login_with_form_data
FAILED tests/unit/api/test_auth_simple.py::TestAuthAPI::test_logout_success
FAILED tests/unit/api/test_auth_simple.py::TestAuthAPI::test_mock_users_structure
FAILED tests/unit/api/test_auth_simple.py::TestAuthAPI::test_router_configuration
FAILED tests/unit/api/test_auth_simple.py::TestAuthAPI::test_security_scheme
FAILED tests/unit/api/test_database_optimization.py::TestConnectionPoolOptimizer::test_pool_registration
FAILED tests/unit/api/test_database_optimization.py::TestConnectionPoolOptimizer::test_pool_status_retrieval
FAILED tests/unit/api/test_database_optimization.py::TestDatabasePerformanceMiddleware::test_current_performance_analysis
FAILED tests/unit/api/test_database_optimization.py::TestDatabasePerformanceMiddleware::test_real_time_metrics
FAILED tests/unit/api/test_database_optimization.py::TestDatabasePerformanceMiddleware::test_start_stop_monitoring
FAILED tests/unit/api/test_database_optimization.py::TestIntegration::test_full_optimization_workflow
FAILED tests/unit/api/test_database_optimization.py::TestQueryMetrics::test_execution_recording
FAILED tests/unit/api/test_database_optimization.py::TestQueryOptimizationAdvisor::test_advisor_initialization
FAILED tests/unit/api/test_features_new.py::TestAPIFeatures::test_batch_feature_calculation
FAILED tests/unit/api/test_features_new.py::TestAPIFeatures::test_calculate_features
FAILED tests/unit/api/test_features_new.py::TestAPIFeatures::test_feature_validation
FAILED tests/unit/api/test_features_new.py::TestAPIFeatures::test_get_feature_importance
FAILED tests/unit/api/test_features_new.py::TestAPIFeatures::test_get_features_list
FAILED tests/unit/api/test_health_api.py::TestHealthAPIDocumentation::test_health_endpoint_path
FAILED tests/unit/api/test_health_endpoints_comprehensive.py::TestDetailedHealthCheck::test_detailed_health_check_success
FAILED tests/unit/api/test_health_endpoints_comprehensive.py::TestHealthCheckReliability::test_component_status_persistence
FAILED tests/unit/api/test_health_extended.py::TestAPIHealthExtended::test_health_check_all_components
FAILED tests/unit/api/test_health_extended.py::TestAPIHealthExtended::test_health_check_database_failure
FAILED tests/unit/api/test_health_extended.py::TestAPIHealthExtended::test_health_check_with_middleware
FAILED tests/unit/api/test_health_extended.py::TestAPIHealthExtended::test_health_metrics
FAILED tests/unit/api/test_jwt_auth_core.py::TestEdgeCases::test_create_token_with_empty_data
FAILED tests/unit/api/test_jwt_auth_core.py::TestEdgeCases::test_create_token_with_none_data
FAILED tests/unit/api/test_jwt_auth_core.py::TestEdgeCases::test_hash_empty_password
FAILED tests/unit/api/test_jwt_auth_core.py::TestPasswordManagement::test_hash_different_passwords_different_hashes
FAILED tests/unit/api/test_jwt_auth_core.py::TestPasswordManagement::test_hash_password
FAILED tests/unit/api/test_jwt_auth_core.py::TestPasswordManagement::test_hash_same_password_different_hashes
FAILED tests/unit/api/test_jwt_auth_core.py::TestPasswordManagement::test_verify_correct_password
FAILED tests/unit/api/test_jwt_auth_core.py::TestPasswordManagement::test_verify_empty_password
FAILED tests/unit/api/test_jwt_auth_core.py::TestPasswordManagement::test_verify_incorrect_password
FAILED tests/unit/api/test_jwt_auth_core.py::TestTokenCreation::test_token_data_includes_required_fields
FAILED tests/unit/api/test_jwt_auth_core.py::TestTokenVerification::test_verify_token_wrong_algorithm
FAILED tests/unit/api/test_jwt_auth_core.py::TestTokenVerification::test_verify_valid_refresh_token
FAILED tests/unit/api/test_monitoring_new_fixed.py::TestAPIMonitoring::test_get_metrics
FAILED tests/unit/api/test_monitoring_new_fixed.py::TestAPIMonitoring::test_get_stats
FAILED tests/unit/api/test_monitoring_new_fixed.py::TestAPIMonitoring::test_get_status
FAILED tests/unit/api/test_monitoring_new.py::TestAPIMonitoring::test_acknowledge_alert
FAILED tests/unit/api/test_monitoring_new.py::TestAPIMonitoring::test_get_alerts
FAILED tests/unit/api/test_monitoring_new.py::TestAPIMonitoring::test_get_metrics
FAILED tests/unit/api/test_monitoring_new.py::TestAPIMonitoring::test_get_performance_stats
FAILED tests/unit/api/test_monitoring_new.py::TestAPIMonitoring::test_health_check_with_metrics
FAILED tests/unit/api/test_monitoring_new.py::TestAPIMonitoring::test_trigger_alert
FAILED tests/unit/api/test_monitoring_simple.py::TestAPIMonitoring::test_get_metrics
FAILED tests/unit/api/test_monitoring_simple.py::TestAPIMonitoring::test_get_status
FAILED tests/unit/api/test_predictions_fixed.py::TestPredictionsAPI::test_get_prediction_by_id
FAILED tests/unit/api/test_predictions_fixed.py::TestPredictionsAPI::test_prediction_result_validation
FAILED tests/unit/api/test_predictions_new.py::TestAPIPredictions::test_create_prediction
FAILED tests/unit/api/test_predictions_new.py::TestAPIPredictions::test_get_prediction_by_id
FAILED tests/unit/api/test_predictions_new.py::TestAPIPredictions::test_get_predictions_list
FAILED tests/unit/api/test_predictions_new.py::TestAPIPredictions::test_invalid_prediction_data
FAILED tests/unit/api/test_predictions_new.py::TestAPIPredictions::test_prediction_not_found
FAILED tests/unit/api/test_predictions_new.py::TestAPIPredictions::test_unauthorized_access
FAILED tests/unit/api/test_predictions_simple.py::TestPredictionAPIEndpoints::test_get_prediction_valid_match_id
FAILED tests/unit/api/test_predictions_simple.py::TestPredictionAPIEndpoints::test_get_prediction_with_custom_params
FAILED tests/unit/cache/test_cache_optimization.py::TestAccessPatternAnalyzer::test_predict_next_access
FAILED tests/unit/cache/test_cache_optimization.py::TestIntegration::test_cache_workflow_integration
FAILED tests/unit/cache/test_cache_optimization.py::TestRedisClusterManager::test_add_node_success
FAILED tests/unit/cache/test_cache_optimization.py::TestRedisClusterManager::test_remove_node
FAILED tests/unit/cache/test_football_data_cache.py::TestFootballDataCache::test_api_response_caching
FAILED tests/unit/cache/test_football_data_cache.py::TestFootballDataCache::test_cache_invalidation
FAILED tests/unit/cache/test_football_data_cache.py::TestFootballDataCache::test_cache_key_generation
FAILED tests/unit/cache/test_football_data_cache.py::TestFootballDataCache::test_complex_data_serialization
FAILED tests/unit/cache/test_football_data_cache.py::TestFootballDataCache::test_error_handling_logging
FAILED tests/unit/cache/test_football_data_cache.py::TestFootballDataCache::test_error_handling_redis_failure
FAILED tests/unit/cache/test_football_data_cache.py::TestFootballDataCache::test_get_cached_api_response
FAILED tests/unit/cache/test_football_data_cache.py::TestFootballDataCache::test_get_cached_league
FAILED tests/unit/cache/test_football_data_cache.py::TestFootballDataCache::test_get_cached_league_not_found
FAILED tests/unit/cache/test_football_data_cache.py::TestFootballDataCache::test_league_data_caching
FAILED tests/unit/cache/test_football_data_cache.py::TestFootballDataCache::test_league_data_caching_missing_id
FAILED tests/unit/cache/test_football_data_cache.py::TestFootballDataCache::test_match_data_caching
FAILED tests/unit/cache/test_football_data_cache.py::TestFootballDataCache::test_team_data_caching
FAILED tests/unit/cache/test_redis_manager_new.py::TestBatchOperations::test_async_batch_operations
FAILED tests/unit/cache/test_redis_manager_new.py::TestCacheKeyManager::test_generate_key_with_version
FAILED tests/unit/cache/test_redis_manager_new.py::TestCacheKeyManager::test_key_manager_initialization
FAILED tests/unit/cache/test_redis_manager_new.py::TestCacheKeyManager::test_normalize_key
FAILED tests/unit/cache/test_redis_manager_new.py::TestCacheKeyManager::test_validate_key_invalid
FAILED tests/unit/cache/test_redis_manager_new.py::TestCacheKeyManager::test_validate_key_valid
FAILED tests/unit/cache/test_redis_manager_new.py::TestConvenienceFunctions::test_ttl_function
FAILED tests/unit/cache/test_redis_manager_new.py::TestIntegrationScenarios::test_cache_with_versioning_pattern
FAILED tests/unit/cache/test_redis_manager_new.py::TestRedisManager::test_manager_auto_detect_mock
FAILED tests/unit/cache/test_redis_manager_new.py::TestRedisOperations::test_async_delete
FAILED tests/unit/cache/test_redis_manager_new.py::TestRedisOperations::test_async_exists
FAILED tests/unit/cache/test_redis_manager_new.py::TestRedisOperations::test_async_set_and_get
FAILED tests/unit/cache/test_redis_manager_new.py::TestRedisOperations::test_async_set_with_ttl
FAILED tests/unit/cache/test_redis_manager.py::TestCacheKeyManager::test_async_operations
FAILED tests/unit/cache/test_redis_manager.py::TestCacheKeyManager::test_build_key_success
FAILED tests/unit/cache/test_redis_manager.py::TestCacheKeyManager::test_build_key_with_different_params
FAILED tests/unit/cache/test_redis_manager.py::TestCacheKeyManager::test_cache_key_manager_initialization
FAILED tests/unit/cache/test_redis_manager.py::TestCacheKeyManager::test_connect_failure
FAILED tests/unit/cache/test_redis_manager.py::TestCacheKeyManager::test_connect_success
FAILED tests/unit/cache/test_redis_manager.py::TestCacheKeyManager::test_delete_key_exists
FAILED tests/unit/cache/test_redis_manager.py::TestCacheKeyManager::test_delete_key_not_exists
FAILED tests/unit/cache/test_redis_manager.py::TestCacheKeyManager::test_disconnect
FAILED tests/unit/cache/test_redis_manager.py::TestCacheKeyManager::test_exists_key_exists
FAILED tests/unit/cache/test_redis_manager.py::TestCacheKeyManager::test_exists_key_not_exists
FAILED tests/unit/cache/test_redis_manager.py::TestCacheKeyManager::test_get_key_exists
FAILED tests/unit/cache/test_redis_manager.py::TestCacheKeyManager::test_get_key_not_exists
FAILED tests/unit/cache/test_redis_manager.py::TestCacheKeyManager::test_get_key_with_default
FAILED tests/unit/cache/test_redis_manager.py::TestCacheKeyManager::test_get_ttl
FAILED tests/unit/cache/test_redis_manager.py::TestCacheKeyManager::test_get_ttl_not_exists
FAILED tests/unit/cache/test_redis_manager.py::TestCacheKeyManager::test_is_connected
FAILED tests/unit/cache/test_redis_manager.py::TestCacheKeyManager::test_key_components
FAILED tests/unit/cache/test_redis_manager.py::TestCacheKeyManager::test_key_versioning
FAILED tests/unit/cache/test_redis_manager.py::TestCacheKeyManager::test_manager_initialization_without_config
FAILED tests/unit/cache/test_redis_manager.py::TestCacheKeyManager::test_mget_success
FAILED tests/unit/cache/test_redis_manager.py::TestCacheKeyManager::test_mget_with_default
FAILED tests/unit/cache/test_redis_manager.py::TestCacheKeyManager::test_mset_success
FAILED tests/unit/cache/test_redis_manager.py::TestCacheKeyManager::test_normalize_key
FAILED tests/unit/cache/test_redis_manager.py::TestCacheKeyManager::test_pipeline_operations
FAILED tests/unit/cache/test_redis_manager.py::TestCacheKeyManager::test_set_key_success
FAILED tests/unit/cache/test_redis_manager.py::TestCacheKeyManager::test_set_key_with_ttl
FAILED tests/unit/cache/test_redis_manager.py::TestCacheKeyManager::test_validate_key_invalid_key
FAILED tests/unit/cache/test_redis_manager.py::TestCacheKeyManager::test_validate_key_valid_key
FAILED tests/unit/cache/test_redis_manager.py::TestGlobalRedisManager::test_get_redis_manager
FAILED tests/unit/cache/test_redis_manager.py::TestGlobalRedisManager::test_global_manager_configuration
FAILED tests/unit/cache/test_redis_manager.py::TestGlobalRedisManager::test_singleton_behavior
FAILED tests/unit/cache/test_unified_interface.py::TestCacheInterface::test_cache_backend_enum
FAILED tests/unit/cache/test_unified_interface.py::TestCacheInterface::test_cache_interface_method_signatures
FAILED tests/unit/cache/test_unified_interface.py::TestCacheInterface::test_memory_cache_adapter_complex_data_types
FAILED tests/unit/cache/test_unified_interface.py::TestCacheInterface::test_memory_cache_adapter_config_validation
FAILED tests/unit/cache/test_unified_interface.py::TestCacheInterface::test_memory_cache_adapter_edge_cases
FAILED tests/unit/cache/test_unified_interface.py::TestCacheInterface::test_memory_cache_adapter_size_limits
FAILED tests/unit/cache/test_unified_interface.py::TestCacheInterface::test_memory_cache_adapter_stats
FAILED tests/unit/cache/test_unified_interface.py::TestCacheInterface::test_memory_cache_adapter_thread_safety
FAILED tests/unit/cache/test_unified_interface.py::TestCacheInterface::test_memory_cache_adapter_ttl_functionality
FAILED tests/unit/cache/test_unified_interface.py::TestCacheInterface::test_redis_cache_adapter_basic_operations
FAILED tests/unit/cache/test_unified_interface.py::TestCacheInterface::test_redis_cache_adapter_deserialization
FAILED tests/unit/cache/test_unified_interface.py::TestCacheInterface::test_redis_cache_adapter_error_handling
FAILED tests/unit/cache/test_unified_interface.py::TestCacheInterface::test_redis_cache_adapter_serialization
FAILED tests/unit/cache/test_unified_interface.py::TestCacheInterface::test_unified_cache_config
FAILED tests/unit/collectors/test_football_data_collector.py::TestCollectorIntegration::test_error_recovery_workflow
FAILED tests/unit/collectors/test_football_data_collector.py::TestCollectorIntegration::test_full_collection_workflow
FAILED tests/unit/collectors/test_football_data_collector.py::TestFootballDataCollector::test_collect_season_data_partial_failure
FAILED tests/unit/collectors/test_football_data_collector.py::TestFootballDataCollector::test_collect_season_data_success
FAILED tests/unit/collectors/test_football_data_collector.py::TestFootballDataCollector::test_format_season_year
FAILED tests/unit/collectors/test_football_data_collector.py::TestFootballDataCollector::test_get_competitions_api_error
FAILED tests/unit/collectors/test_football_data_collector.py::TestFootballDataCollector::test_get_competitions_http_error
FAILED tests/unit/collectors/test_football_data_collector.py::TestFootballDataCollector::test_get_matches_invalid_competition
FAILED tests/unit/collectors/test_football_data_collector.py::TestFootballDataCollector::test_get_matches_success
FAILED tests/unit/collectors/test_football_data_collector.py::TestFootballDataCollector::test_get_standings_success
FAILED tests/unit/collectors/test_football_data_collector.py::TestFootballDataCollector::test_rate_limiting
FAILED tests/unit/collectors/test_football_data_collector.py::TestFootballDataCollector::test_retry_exhausted
FAILED tests/unit/collectors/test_football_data_collector.py::TestFootballDataCollector::test_retry_mechanism
FAILED tests/unit/collectors/test_football_data_collector.py::TestFootballDataCollector::test_validate_competition_code
FAILED tests/unit/core/test_config_di.py::TestConfigurationBinder::test_auto_scan_integration
FAILED tests/unit/core/test_config_di.py::TestConfigurationBinder::test_bind_conditional_service
FAILED tests/unit/core/test_config_di.py::TestConfigurationBinder::test_bind_disabled_service
FAILED tests/unit/core/test_config_di.py::TestConfigurationBinder::test_bind_services
FAILED tests/unit/core/test_config_di.py::TestConfigurationBinder::test_bind_services_with_dependencies
FAILED tests/unit/core/test_config_di.py::TestConfigurationBinder::test_bind_services_with_factory
FAILED tests/unit/core/test_config_di.py::TestConfigurationBinder::test_error_handling
FAILED tests/unit/core/test_config_di.py::TestConfigurationBinder::test_imports_integration
FAILED tests/unit/core/test_config_di.py::TestConfigurationBinder::test_set_active_profile
FAILED tests/unit/core/test_config_new.py::TestConfig::test_config_initialization
FAILED tests/unit/core/test_config_new.py::TestConfig::test_config_types - At...
FAILED tests/unit/core/test_config_new.py::TestConfig::test_load_from_dict - ...
FAILED tests/unit/core/test_config_new.py::TestConfig::test_load_from_file - ...
FAILED tests/unit/core/test_config_new.py::TestConfig::test_nested_config_access
FAILED tests/unit/core/test_config_new.py::TestConfig::test_performance_large_config
FAILED tests/unit/core/test_di.py::TestDIContainer::test_circular_dependency_detection
FAILED tests/unit/core/test_di.py::TestDIContainer::test_register_error_no_implementation_or_factory
FAILED tests/unit/core/test_di.py::TestEdgeCases::test_dependency_injection_error_messages
FAILED tests/unit/core/test_di.py::TestEdgeCases::test_service_with_default_params
FAILED tests/unit/core/test_di.py::TestGlobalFunctions::test_resolve_without_default_container
FAILED tests/unit/core/test_di.py::TestInjectDecorator::test_inject_decorator
FAILED tests/unit/core/test_di.py::TestInjectDecorator::test_inject_decorator_with_custom_container
FAILED tests/unit/core/test_di.py::TestIntegrationScenarios::test_factory_with_dependencies
FAILED tests/unit/core/test_di.py::TestIntegrationScenarios::test_service_lifecycle_behaviors
FAILED tests/unit/core/test_path_manager_enhanced.py::TestPathManagerEnhanced::test_concurrent_access
FAILED tests/unit/cqrs/test_handlers.py::TestCreatePredictionHandler::test_handle_database_error
FAILED tests/unit/cqrs/test_handlers.py::TestCreatePredictionHandler::test_handle_success
FAILED tests/unit/cqrs/test_handlers.py::TestCreateUserHandler::test_handle_success
FAILED tests/unit/cqrs/test_handlers.py::TestGetUserByIdHandler::test_handle_success
FAILED tests/unit/cqrs/test_handlers.py::TestUpdateMatchHandler::test_handle_match_not_found
FAILED tests/unit/cqrs/test_handlers_safety.py::TestCQRSHandlersSafetyNet::test_create_user_handler_validation
FAILED tests/unit/cqrs/test_handlers_safety.py::TestCQRSHandlersSafetyNet::test_handler_concurrent_access_safety
FAILED tests/unit/cqrs/test_handlers_safety.py::TestCQRSHandlersSafetyNet::test_handler_performance_large_dataset
FAILED tests/unit/database/test_connection_enhanced.py::TestAsyncSupport::test_async_session_context
FAILED tests/unit/database/test_connection_enhanced.py::TestAsyncSupport::test_async_transaction_rollback
FAILED tests/unit/database/test_connection_enhanced.py::TestDatabaseManager::test_context_manager_async
FAILED tests/unit/database/test_connection_new.py::TestErrorHandling::test_invalid_database_url
FAILED tests/unit/database/test_connection_new.py::TestFactoryFunctions::test_get_async_session_function
FAILED tests/unit/database/test_connection_new.py::TestFactoryFunctions::test_get_session_function
FAILED tests/unit/database/test_connection_new.py::TestMultiUserDatabaseManager::test_multi_user_inheritance
FAILED tests/unit/database/test_connection_new.py::TestRealDatabaseManager::test_database_url_default
FAILED tests/unit/database/test_connection_new.py::TestRealDatabaseManager::test_database_url_from_env
FAILED tests/unit/database/test_connection_new.py::TestRealDatabaseManager::test_double_initialization
FAILED tests/unit/database/test_connection_new.py::TestRealDatabaseManager::test_get_async_session_real_manager
FAILED tests/unit/database/test_connection_new.py::TestRealDatabaseManager::test_get_async_session_without_initialization_real_manager
FAILED tests/unit/database/test_connection_new.py::TestRealDatabaseManager::test_get_session_real_manager
FAILED tests/unit/database/test_connection_new.py::TestRealDatabaseManager::test_get_session_without_initialization_real_manager
FAILED tests/unit/database/test_connection.py::TestDatabaseConnectionErrorHandling::test_connection_error_handling
FAILED tests/unit/database/test_connection.py::TestDatabaseConnectionErrorHandling::test_invalid_database_url
FAILED tests/unit/database/test_connection.py::TestDatabaseConnection::test_async_session_creation
FAILED tests/unit/database/test_models.py::TestDatabaseModels::test_all_models_have_required_fields
FAILED tests/unit/database/test_models.py::TestMatchModel::test_match_creation
FAILED tests/unit/database/test_models.py::TestMatchModel::test_match_with_scores
FAILED tests/unit/database/test_models.py::TestModelRelationships::test_match_team_relationships
FAILED tests/unit/database/test_models.py::TestModelRelationships::test_prediction_user_relationship
FAILED tests/unit/database/test_models.py::TestPredictionModel::test_prediction_creation
FAILED tests/unit/database/test_models.py::TestPredictionModel::test_prediction_default_confidence
FAILED tests/unit/database/test_models.py::TestTeamModel::test_team_creation
FAILED tests/unit/database/test_models.py::TestTeamModel::test_team_str_representation
FAILED tests/unit/database/test_models.py::TestUserModel::test_user_creation
FAILED tests/unit/database/test_models.py::TestUserModel::test_user_str_representation
FAILED tests/unit/data/test_collectors.py::TestDataCollectorsIntegration::test_collectors_error_recovery
FAILED tests/unit/data/test_collectors.py::TestDataCollectorsIntegration::test_collectors_performance
FAILED tests/unit/data/test_collectors.py::TestDataCollectorsIntegration::test_collectors_workflow
FAILED tests/unit/data/test_collectors.py::TestDataCollectorsIntegration::test_data_quality_validation
FAILED tests/unit/data/test_collectors.py::TestOddsCollector::test_calculate_average_odds
FAILED tests/unit/data/test_collectors.py::TestOddsCollector::test_calculate_implied_probability
FAILED tests/unit/data/test_collectors.py::TestOddsCollector::test_collect_odds_success
FAILED tests/unit/data/test_collectors.py::TestOddsCollector::test_detect_odds_anomalies
FAILED tests/unit/data/test_collectors.py::TestOddsCollector::test_odds_collector_initialization
FAILED tests/unit/domain/test_strategies.py::TestPredictionStrategyFactory::test_create_ml_strategy
FAILED tests/unit/domain/test_strategies.py::TestPredictionStrategyFactory::test_create_statistical_strategy
FAILED tests/unit/domain/test_strategies.py::TestPredictionStrategyFactory::test_create_unknown_strategy_type
FAILED tests/unit/domain/test_strategies.py::TestPredictionStrategyFactory::test_factory_strategy_registry
FAILED tests/unit/domain/test_strategies.py::TestPredictionStrategyFactory::test_factory_with_empty_config
FAILED tests/unit/domain/test_strategies.py::TestPredictionStrategy::test_strategy_initialization
FAILED tests/unit/domain/test_strategies.py::TestPredictionStrategy::test_strategy_initialize
FAILED tests/unit/domain/test_strategies.py::TestPredictionStrategy::test_strategy_metrics_getting
FAILED tests/unit/domain/test_strategies.py::TestPredictionStrategy::test_strategy_metrics_none_when_not_set
FAILED tests/unit/domain/test_strategies.py::TestPredictionStrategy::test_strategy_metrics_setting
FAILED tests/unit/domain/test_strategies.py::TestPredictionStrategy::test_strategy_name_and_type
FAILED tests/unit/domain/test_strategies.py::TestStrategyIntegration::test_multiple_strategy_creation
FAILED tests/unit/domain/test_strategies.py::TestStrategyIntegration::test_strategy_end_to_end_prediction
FAILED tests/unit/domain/test_strategies.py::TestStrategyPerformance::test_strategy_prediction_performance
FAILED tests/unit/ml/test_football_prediction_pipeline.py::TestFeatureEngineerIntegration::test_feature_pipeline_summary
FAILED tests/unit/ml/test_football_prediction_pipeline.py::TestFootballPredictionPipeline::test_evaluate_model
FAILED tests/unit/ml/test_football_prediction_pipeline.py::TestFootballPredictionPipeline::test_predict_after_fitting
FAILED tests/unit/ml/test_football_prediction_pipeline.py::TestFootballPredictionPipeline::test_predict_proba_after_fitting
FAILED tests/unit/ml/test_football_prediction_pipeline.py::TestFootballPredictionPipeline::test_prepare_data
FAILED tests/unit/ml/test_football_prediction_pipeline.py::TestFootballPredictionPipeline::test_save_and_load_pipeline
FAILED tests/unit/ml/test_football_prediction_pipeline.py::TestFootballPredictionPipeline::test_train_model_random_forest
FAILED tests/unit/ml/test_football_prediction_pipeline.py::TestFootballPredictionPipeline::test_train_model_without_xgboost
FAILED tests/unit/performance/test_monitoring.py::TestPerformanceAnalyzer::test_analyze_trends_with_data
FAILED tests/unit/performance/test_monitoring.py::TestPerformanceMonitoringIntegration::test_monitoring_workflow
FAILED tests/unit/performance/test_monitoring.py::TestSystemMonitor::test_check_performance_alerts_memory
FAILED tests/unit/performance/test_monitoring.py::TestSystemMonitor::test_check_performance_alerts_response_time
FAILED tests/unit/queues/test_fifo_queue.py::TestMemoryFIFOQueue::test_clear_queue
FAILED tests/unit/queues/test_fifo_queue.py::TestMemoryFIFOQueue::test_dequeue_empty_queue
FAILED tests/unit/queues/test_fifo_queue.py::TestMemoryFIFOQueue::test_dequeue_task
FAILED tests/unit/queues/test_fifo_queue.py::TestMemoryFIFOQueue::test_enqueue_task
FAILED tests/unit/queues/test_fifo_queue.py::TestMemoryFIFOQueue::test_fifo_order
FAILED tests/unit/queues/test_fifo_queue.py::TestMemoryFIFOQueue::test_priority_ordering
FAILED tests/unit/queues/test_fifo_queue.py::TestMemoryFIFOQueue::test_queue_initialization
FAILED tests/unit/queues/test_fifo_queue.py::TestMemoryFIFOQueue::test_queue_statistics
FAILED tests/unit/queues/test_fifo_queue.py::TestQueueManager::test_clear_all_queues
FAILED tests/unit/queues/test_fifo_queue.py::TestQueueTask::test_queue_task_from_dict
FAILED tests/unit/queues/test_fifo_queue.py::TestTaskPriority::test_priority_comparison
FAILED tests/unit/scripts/test_coverage_improvement_integration.py::TestCoverageImprovementIntegration::test_coverage_executor_integration
FAILED tests/unit/scripts/test_coverage_improvement_integration.py::TestCoverageImprovementIntegration::test_coverage_improvement_workflow
FAILED tests/unit/scripts/test_coverage_improvement_integration.py::TestCoverageImprovementIntegration::test_improvement_metrics
FAILED tests/unit/scripts/test_coverage_improvement_integration.py::TestCoverageImprovementIntegration::test_smart_quality_fixer_integration
FAILED tests/unit/scripts/test_coverage_improvement_integration.py::TestCoverageImprovementIntegration::test_tool_chain_collaboration
FAILED tests/unit/scripts/test_create_api_tests.py::TestCreateAPITests::test_health_test_content
FAILED tests/unit/scripts/test_create_service_tests.py::TestCreateServiceTests::test_create_prediction_service_test
FAILED tests/unit/scripts/test_create_service_tests.py::TestCreateServiceTests::test_generated_test_file_structure
FAILED tests/unit/services/test_audit_service_new.py::TestAuditService::test_anonymize_sensitive_data
FAILED tests/unit/services/test_audit_service_new.py::TestAuditService::test_archive_old_logs
FAILED tests/unit/services/test_audit_service_new.py::TestAuditService::test_check_compliance
FAILED tests/unit/services/test_audit_service_new.py::TestAuditService::test_export_audit_logs
FAILED tests/unit/services/test_audit_service_new.py::TestAuditService::test_log_api_access
FAILED tests/unit/services/test_audit_service_new.py::TestAuditService::test_log_data_access
FAILED tests/unit/services/test_audit_service_new.py::TestAuditService::test_log_security_event
FAILED tests/unit/services/test_audit_service.py::TestAuditContext::test_audit_context_validation
FAILED tests/unit/services/test_audit_service.py::TestAuditEvent::test_audit_event_id
FAILED tests/unit/services/test_audit_service.py::TestAuditEvent::test_audit_event_initialization_full
FAILED tests/unit/services/test_audit_service.py::TestAuditEvent::test_audit_event_initialization_minimal
FAILED tests/unit/services/test_audit_service.py::TestAuditEvent::test_audit_event_serialization
FAILED tests/unit/services/test_audit_service.py::TestAuditEvent::test_audit_event_timestamp
FAILED tests/unit/services/test_audit_service.py::TestAuditLogSummary::test_audit_log_summary_initialization
FAILED tests/unit/services/test_audit_service.py::TestAuditLogSummary::test_audit_log_summary_time_tracking
FAILED tests/unit/services/test_audit_service.py::TestAuditLog::test_audit_log_id_generation
FAILED tests/unit/services/test_audit_service.py::TestAuditLog::test_audit_log_initialization
FAILED tests/unit/services/test_audit_service.py::TestAuditLog::test_audit_log_serialization
FAILED tests/unit/services/test_audit_service.py::TestAuditLog::test_audit_log_timestamp_default
FAILED tests/unit/services/test_audit_service.py::TestAuditService::test_audit_service_initialization
FAILED tests/unit/services/test_audit_service.py::TestAuditService::test_get_events_with_data
FAILED tests/unit/services/test_audit_service.py::TestAuditService::test_get_summary_empty
FAILED tests/unit/services/test_audit_service.py::TestAuditService::test_get_summary_with_events
FAILED tests/unit/services/test_audit_service.py::TestAuditService::test_log_event_basic
FAILED tests/unit/services/test_audit_service.py::TestAuditService::test_log_event_sanitization
FAILED tests/unit/services/test_audit_service.py::TestAuditService::test_log_event_with_context
FAILED tests/unit/services/test_audit_service.py::TestAuditService::test_multiple_services_isolation
FAILED tests/unit/services/test_audit_service.py::TestAuditSeverity::test_audit_severity_string_representation
FAILED tests/unit/services/test_audit_service.py::TestDataSanitizer::test_sanitize_list_data
FAILED tests/unit/services/test_audit_service.py::TestDataSanitizer::test_sanitize_nested_data
FAILED tests/unit/services/test_audit_service.py::TestDataSanitizer::test_sanitize_none_data
FAILED tests/unit/services/test_audit_service.py::TestDataSanitizer::test_sanitize_sensitive_data
FAILED tests/unit/services/test_audit_service.py::TestSeverityAnalyzer::test_analyze_critical_severity_event
FAILED tests/unit/services/test_audit_service.py::TestSeverityAnalyzer::test_analyze_unknown_action
FAILED tests/unit/services/test_auth_service_comprehensive.py::TestAuthServiceIntegration::test_user_lifecycle
FAILED tests/unit/services/test_auth_service_comprehensive.py::TestAuthServiceUserRegistration::test_register_user_default_preferences
FAILED tests/unit/services/test_auth_service_comprehensive.py::TestAuthServiceUserRegistration::test_register_user_default_statistics
FAILED tests/unit/services/test_auth_service_comprehensive.py::TestAuthServiceUserRegistration::test_register_user_success
FAILED tests/unit/services/test_data_processing_service.py::TestDataProcessingService::test_aggregate_team_stats
FAILED tests/unit/services/test_data_processing_service.py::TestDataProcessingService::test_batch_process_matches
FAILED tests/unit/services/test_data_processing_service.py::TestDataProcessingService::test_cache_processed_data
FAILED tests/unit/services/test_data_processing_service.py::TestDataProcessingService::test_calculate_derived_features
FAILED tests/unit/services/test_data_processing_service.py::TestDataProcessingService::test_clean_player_data
FAILED tests/unit/services/test_data_processing_service.py::TestDataProcessingService::test_data_quality_check
FAILED tests/unit/services/test_data_processing_service.py::TestDataProcessingService::test_get_cached_data
FAILED tests/unit/services/test_data_processing_service.py::TestDataProcessingService::test_handle_missing_data
FAILED tests/unit/services/test_data_processing_service.py::TestDataProcessingService::test_process_match_data
FAILED tests/unit/services/test_data_processing_service.py::TestDataProcessingService::test_transform_data_format
FAILED tests/unit/services/test_data_processing_service.py::TestDataProcessingService::test_validate_match_data
FAILED tests/unit/services/test_data_quality_monitor_comprehensive.py::TestDataProcessing::test_process_data_with_exception
FAILED tests/unit/services/test_data_quality_monitor_comprehensive.py::TestDataQualityMonitorIntegration::test_data_quality_score_tracking
FAILED tests/unit/services/test_data_quality_monitor_comprehensive.py::TestDataQualityMonitorIntegration::test_error_recovery_workflow
FAILED tests/unit/services/test_data_quality_monitor_comprehensive.py::TestDataValidation::test_validate_data_with_exception
FAILED tests/unit/services/test_data_quality_monitor_comprehensive.py::TestMetricsCalculation::test_duration_calculation
FAILED tests/unit/services/test_data_quality_monitor_comprehensive.py::TestMetricsCalculation::test_throughput_calculation
FAILED tests/unit/services/test_data_quality_monitor.py::TestDataQualityMonitor::test_concurrent_processing
FAILED tests/unit/services/test_data_quality_monitor.py::TestDataQualityMonitor::test_data_batch_processing
FAILED tests/unit/services/test_data_quality_monitor.py::TestDataQualityMonitor::test_data_quality_monitor_initialization_default
FAILED tests/unit/services/test_data_quality_monitor.py::TestDataQualityMonitor::test_data_quality_scoring
FAILED tests/unit/services/test_data_quality_monitor.py::TestDataQualityMonitor::test_get_metrics_after_errors
FAILED tests/unit/services/test_data_quality_monitor.py::TestDataQualityMonitor::test_get_metrics_after_processing
FAILED tests/unit/services/test_data_quality_monitor.py::TestDataQualityMonitor::test_get_metrics_initial_state
FAILED tests/unit/services/test_data_quality_monitor.py::TestDataQualityMonitor::test_main_function
FAILED tests/unit/services/test_data_quality_monitor.py::TestDataQualityMonitor::test_monitor_state_persistence
FAILED tests/unit/services/test_data_quality_monitor.py::TestDataQualityMonitor::test_process_data_basic
FAILED tests/unit/services/test_data_quality_monitor.py::TestDataQualityMonitor::test_process_data_invalid_data
FAILED tests/unit/services/test_data_quality_monitor.py::TestDataQualityMonitor::test_process_data_multiple_records
FAILED tests/unit/services/test_data_quality_monitor.py::TestDataQualityMonitor::test_process_data_none_data
FAILED tests/unit/services/test_data_quality_monitor.py::TestDataQualityMonitor::test_process_data_with_validation_errors
FAILED tests/unit/services/test_data_quality_monitor.py::TestDataQualityMonitor::test_validate_data_field_type_errors
FAILED tests/unit/services/test_data_quality_monitor.py::TestDataQualityMonitor::test_validate_data_format_errors
FAILED tests/unit/services/test_data_quality_monitor.py::TestDataQualityMonitor::test_validate_data_missing_required_fields
FAILED tests/unit/services/test_data_quality_monitor.py::TestDataQualityMonitor::test_validate_data_valid_data
FAILED tests/unit/services/test_data_service.py::TestDataService::test_get_leagues_list_custom_parameters
FAILED tests/unit/services/test_data_service.py::TestDataService::test_get_leagues_list_default_parameters
FAILED tests/unit/services/test_data_service.py::TestDataService::test_get_matches_list_custom_parameters
FAILED tests/unit/services/test_data_service.py::TestDataService::test_get_matches_list_default_parameters
FAILED tests/unit/services/test_data_service.py::TestDataService::test_get_matches_list_negative_offset
FAILED tests/unit/services/test_data_service.py::TestDataService::test_get_matches_list_zero_limit
FAILED tests/unit/services/test_data_service.py::TestDataService::test_get_odds_data_with_match_id
FAILED tests/unit/services/test_data_service.py::TestDataService::test_get_odds_data_without_match_id
FAILED tests/unit/services/test_data_service.py::TestDataService::test_get_teams_list_custom_parameters
FAILED tests/unit/services/test_data_service.py::TestDataService::test_get_teams_list_default_parameters
FAILED tests/unit/services/test_data_service.py::TestDataService::test_pagination_boundary_cases
FAILED tests/unit/services/test_data_service.py::TestMatchService::test_get_match_by_id_match_service_success
FAILED tests/unit/services/test_data_service.py::TestMatchService::test_get_matches_custom_parameters
FAILED tests/unit/services/test_data_service.py::TestMatchService::test_get_matches_default_parameters
FAILED tests/unit/services/test_enhanced_core.py::TestAbstractBaseService::test_abstract_base_service_inheritance
FAILED tests/unit/services/test_enhanced_core.py::TestAbstractBaseService::test_abstract_base_service_initialization
FAILED tests/unit/services/test_enhanced_core.py::TestAbstractBaseService::test_abstract_base_service_lifecycle
FAILED tests/unit/services/test_enhanced_core.py::TestBaseService::test_base_service_config_access
FAILED tests/unit/services/test_enhanced_core.py::TestBaseService::test_base_service_execute_with_metrics
FAILED tests/unit/services/test_enhanced_core.py::TestBaseService::test_base_service_health_check
FAILED tests/unit/services/test_enhanced_core.py::TestBaseService::test_base_service_health_info
FAILED tests/unit/services/test_enhanced_core.py::TestBaseService::test_base_service_lifecycle_methods
FAILED tests/unit/services/test_enhanced_core.py::TestBaseService::test_base_service_status_initial
FAILED tests/unit/services/test_enhanced_core.py::TestBaseService::test_base_service_uptime_calculation
FAILED tests/unit/services/test_enhanced_core.py::TestEnhancedBaseServiceIntegration::test_service_configuration_inheritance
FAILED tests/unit/services/test_enhanced_core.py::TestEnhancedBaseServiceIntegration::test_service_health_check_integration
FAILED tests/unit/services/test_enhanced_core.py::TestEnhancedBaseServiceIntegration::test_service_metrics_accumulation
FAILED tests/unit/services/test_enhanced_core.py::TestServiceMetrics::test_get_metrics
FAILED tests/unit/services/test_enhanced_core.py::TestServiceMetrics::test_get_metrics_no_calls
FAILED tests/unit/services/test_enhanced_core.py::TestServiceMetrics::test_record_call_success
FAILED tests/unit/services/test_enhanced_core.py::TestServiceMetrics::test_record_multiple_calls
FAILED tests/unit/services/test_enhanced_core.py::TestServiceMetrics::test_service_metrics_initialization
FAILED tests/unit/services/test_monitoring_service.py::TestMetricsCollector::test_collect_all_metrics
FAILED tests/unit/services/test_monitoring_service.py::TestMetricsCollector::test_collect_system_load
FAILED tests/unit/services/test_monitoring_service.py::TestSystemMonitor::test_alert_threshold_check
FAILED tests/unit/services/test_monitoring_service.py::TestSystemMonitor::test_api_endpoint_monitoring
FAILED tests/unit/services/test_monitoring_service.py::TestSystemMonitor::test_generate_monitoring_report
FAILED tests/unit/services/test_monitoring_service.py::TestSystemMonitor::test_get_system_metrics
FAILED tests/unit/services/test_monitoring_service.py::TestSystemMonitor::test_health_check
FAILED tests/unit/services/test_monitoring_service.py::TestSystemMonitor::test_log_anomaly_detection
FAILED tests/unit/services/test_monitoring_service.py::TestSystemMonitor::test_performance_monitoring
FAILED tests/unit/services/test_monitoring_service.py::TestSystemMonitor::test_resource_usage_trend
FAILED tests/unit/services/test_prediction_generated.py::TestPredictionServiceGenerated::test_prediction_validation
FAILED tests/unit/services/test_service_manager_comprehensive.py::TestServiceManagerBasic::test_register_service_replacement
FAILED tests/unit/services/test_service_manager_comprehensive.py::TestServiceManagerIntegration::test_logging_behavior
FAILED tests/unit/services/test_service_manager_comprehensive.py::TestServiceManagerLifecycle::test_initialize_all_with_failure
FAILED tests/unit/services/test_service_manager_comprehensive.py::TestServiceManagerLifecycle::test_shutdown_all_with_failure
FAILED tests/unit/services/test_services_integration.py::TestAuthServiceIntegration::test_failed_login_with_audit
FAILED tests/unit/services/test_services_integration.py::TestAuthServiceIntegration::test_user_login_with_audit
FAILED tests/unit/services/test_services_integration.py::TestAuthServiceIntegration::test_user_registration_with_audit
FAILED tests/unit/services/test_services_integration.py::TestCompleteWorkflowIntegration::test_error_handling_workflow_integration
FAILED tests/unit/services/test_services_integration.py::TestCompleteWorkflowIntegration::test_prediction_workflow_full_integration
FAILED tests/unit/services/test_services_integration.py::TestServiceManagerIntegration::test_service_failure_with_audit
FAILED tests/unit/services/test_tenant_service_core.py::TestErrorHandling::test_database_error_handling
FAILED tests/unit/services/test_tenant_service_core.py::TestErrorHandling::test_invalid_update_fields
FAILED tests/unit/services/test_tenant_service_core.py::TestIsolationVerification::test_tenant_query_isolation_by_id
FAILED tests/unit/services/test_tenant_service_core.py::TestIsolationVerification::test_tenant_query_isolation_by_slug
FAILED tests/unit/services/test_tenant_service_core.py::TestIsolationVerification::test_tenant_role_query_isolation
FAILED tests/unit/services/test_tenant_service_core.py::TestIsolationVerification::test_user_role_query_isolation
FAILED tests/unit/services/test_tenant_service_core.py::TestPermissionManagement::test_assign_user_role_success
FAILED tests/unit/services/test_tenant_service_core.py::TestPermissionManagement::test_assign_user_role_tenant_not_found
FAILED tests/unit/services/test_tenant_service_core.py::TestResourceQuota::test_check_resource_quota_exceeded
FAILED tests/unit/services/test_tenant_service_core.py::TestResourceQuota::test_check_resource_quota_no_limit
FAILED tests/unit/services/test_tenant_service_core.py::TestResourceQuota::test_check_resource_quota_tenant_not_found
FAILED tests/unit/services/test_tenant_service_core.py::TestResourceQuota::test_check_resource_quota_within_limit
FAILED tests/unit/services/test_tenant_service_core.py::TestResourceQuota::test_update_usage_metrics
FAILED tests/unit/services/test_tenant_service_core.py::TestTenantLifecycle::test_update_tenant_not_found
FAILED tests/unit/services/test_tenant_service_core.py::TestTenantStatistics::test_get_tenant_statistics_success
FAILED tests/unit/services/test_tenant_service_core.py::TestTenantStatistics::test_get_tenant_statistics_tenant_not_found
FAILED tests/unit/test_auto_binding_comprehensive.py::TestAutoBinderEdgeCases::test_find_implementations_module_error_handling
FAILED tests/unit/test_auto_binding_comprehensive.py::TestAutoBinderEdgeCases::test_scan_module_import_error_handling
FAILED tests/unit/test_auto_binding_comprehensive.py::TestAutoBinder::test_bind_from_assembly_directory
FAILED tests/unit/test_auto_binding_comprehensive.py::TestAutoBinder::test_bind_from_assembly_module
FAILED tests/unit/test_auto_binding_comprehensive.py::TestAutoBinder::test_bind_interface_to_implementations_single
FAILED tests/unit/test_auto_binding_comprehensive.py::TestAutoBinder::test_is_implementation_success
FAILED tests/unit/test_core_auto_binding.py::TestDIContainer::test_register_scoped
FAILED tests/unit/test_core_auto_binding.py::TestDIContainer::test_register_singleton
FAILED tests/unit/test_core_auto_binding.py::TestDIContainer::test_register_transient
FAILED tests/unit/test_core_auto_binding.py::TestDIContainer::test_resolve_unregistered_service
FAILED tests/unit/test_core_config_di_extended.py::TestConfigurationBinderFileParsing::test_load_configuration_with_includes
FAILED tests/unit/test_core_config_di_extended.py::TestConfigurationBinderFileParsing::test_load_empty_configuration_file
FAILED tests/unit/test_core_config_di_extended.py::TestConfigurationErrorHandling::test_configuration_permission_error
FAILED tests/unit/test_core_config_di_extended.py::TestConfigurationErrorHandling::test_invalid_yaml_syntax_error
FAILED tests/unit/test_core_config_di_extended.py::TestConfigurationIntegration::test_full_configuration_workflow
FAILED tests/unit/test_core_config_di_extended.py::TestConfigurationValidationBoundaryConditions::test_circular_dependency_detection_in_config
FAILED tests/unit/test_core_di_extended.py::TestCircularDependencyDetection::test_complex_circular_dependency_chain
FAILED tests/unit/test_core_di_extended.py::TestCircularDependencyDetection::test_no_circular_dependency_with_scoped
FAILED tests/unit/test_core_di_extended.py::TestCircularDependencyDetection::test_simple_circular_dependency
FAILED tests/unit/test_core_di_extended.py::TestDependencyInjectionBoundaryConditions::test_error_handling_for_missing_dependencies
FAILED tests/unit/test_core_di_extended.py::TestDependencyInjectionBoundaryConditions::test_register_with_invalid_lifetime
FAILED tests/unit/test_core_di_extended.py::TestDependencyInjectionBoundaryConditions::test_register_with_none_interface
FAILED tests/unit/test_core_di_extended.py::TestDependencyInjectionBoundaryConditions::test_resolve_with_complex_dependencies
FAILED tests/unit/test_core_di_extended.py::TestDIContainerSingleton::test_singleton_dependency_injection
FAILED tests/unit/test_core_di_extended.py::TestDIContainerSingleton::test_singleton_instance_caching
FAILED tests/unit/test_core_di_extended.py::TestEdgeCasesAndAdvancedFeatures::test_concurrent_access_thread_safety
FAILED tests/unit/test_core_di_extended.py::TestEdgeCasesAndAdvancedFeatures::test_generic_type_resolution
FAILED tests/unit/test_core_di_extended.py::TestEdgeCasesAndAdvancedFeatures::test_performance_with_many_services
FAILED tests/unit/test_core_exceptions_enhanced.py::TestExceptionHierarchy::test_exception_with_none_message
FAILED tests/unit/test_core_exceptions_massive.py::TestExceptionsAdvanced::test_exception_attributes_1
FAILED tests/unit/test_core_exceptions_massive.py::TestExceptionsAdvanced::test_exception_attributes_2
FAILED tests/unit/test_core_exceptions_massive.py::TestExceptionsAdvanced::test_exception_chaining_1
FAILED tests/unit/test_core_exceptions_massive.py::TestExceptionsAdvanced::test_exception_chaining_2
FAILED tests/unit/test_core_exceptions_massive.py::TestExceptionsAdvanced::test_exception_context_1
FAILED tests/unit/test_core_exceptions_massive.py::TestExceptionsBasic::test_exception_creation_3
FAILED tests/unit/test_core_logger_enhanced.py::TestLoggerFunctionality::test_setup_logger_with_mock
FAILED tests/unit/test_core_service_lifecycle.py::TestModuleFunctionality::test_error_handling
FAILED tests/unit/test_health_check.py::test_project_structure - AssertionErr...
FAILED tests/unit/test_service_lifecycle_comprehensive.py::TestServiceLifecycleManagerAsync::test_health_check_updates_timestamp
FAILED tests/unit/test_service_lifecycle_comprehensive.py::TestServiceLifecycleManagerAsync::test_start_service_async_timeout
FAILED tests/unit/test_service_lifecycle_comprehensive.py::TestServiceLifecycleManagerAsync::test_stop_service_async_timeout
FAILED tests/unit/test_service_lifecycle_comprehensive.py::TestServiceLifecycleManagerMonitoring::test_monitoring_loop_with_exception
FAILED tests/unit/test_service_lifecycle_comprehensive.py::TestServiceLifecycleManagerMonitoring::test_monitoring_loop_with_unhealthy_services
FAILED tests/unit/test_service_lifecycle_comprehensive.py::TestServiceLifecycleManager::test_start_service_invalid_state
FAILED tests/unit/utils/test_validators_comprehensive.py::TestValidatorsComprehensive::test_validate_data_types_function
FAILED tests/unit/utils/test_validators_enhanced.py::TestValidatorsEnhanced::test_validate_data_types_complex_types
FAILED tests/unit/utils/test_validators_enhanced.py::TestValidatorsEnhanced::test_validate_data_types_invalid_types
tests/unit/adapters/test_factory_simple.py::TestIntegrationWithRealAdapters::test_end_to_end_workflow
tests/unit/api/test_api_endpoint.py::test_data_sources_directly
tests/unit/api/test_api_simple.py::TestIntegrationScenarios::test_chained_mock_calls
tests/unit/api/test_api_simple.py::TestIntegrationScenarios::test_error_handling
tests/unit/api/test_api_simple.py::TestIntegrationScenarios::test_full_test_flow
tests/unit/api/test_api_simple.py::TestMockFunctionality::test_mock_class_bool
tests/unit/api/test_api_simple.py::TestMockFunctionality::test_mock_class_iteration
tests/unit/api/test_auth_comprehensive.py::TestAuthContext::test_auth_context_logout_all_sessions
tests/unit/api/test_auth_comprehensive.py::TestAuthContext::test_auth_context_logout_user
tests/unit/api/test_auth_comprehensive.py::TestAuthDependencies::test_get_client_ip_direct_connection
tests/unit/api/test_auth_comprehensive.py::TestAuthDependencies::test_get_client_ip_unknown
tests/unit/api/test_auth_comprehensive.py::TestAuthDependencies::test_get_client_ip_with_forwarded_header
tests/unit/api/test_auth_comprehensive.py::TestAuthDependencies::test_get_client_ip_with_real_ip_header
tests/unit/api/test_auth_comprehensive.py::TestAuthDependencies::test_require_roles_insufficient_permissions
tests/unit/api/test_auth_comprehensive.py::TestAuthDependencies::test_require_roles_success
tests/unit/api/test_auth_comprehensive.py::TestJWTTokenManagement::test_password_hashing_and_verification
tests/unit/api/test_auth_comprehensive.py::TestRateLimiting::test_rate_limit_login_allowed
tests/unit/api/test_auth_comprehensive.py::TestRateLimiting::test_rate_limit_login_blocked
tests/unit/api/test_auth_comprehensive.py::TestSecurityFeatures::test_mock_users_data_structure
tests/unit/api/test_auth_comprehensive.py::TestSecurityFeatures::test_token_data_model
tests/unit/api/test_auth_comprehensive.py::TestSecurityFeatures::test_user_auth_data_model
tests/unit/api/test_auth_dependencies_fixed.py::TestAuthenticationDependencies::test_get_admin_user_success
tests/unit/api/test_auth_dependencies_fixed.py::TestAuthenticationDependencies::test_get_admin_user_unauthorized
tests/unit/api/test_auth_dependencies.py::TestGetCurrentUserOptional::test_get_current_user_optional_exception_handling
tests/unit/api/test_auth_dependencies.py::TestGetCurrentUserOptional::test_get_current_user_optional_malformed_token
tests/unit/api/test_auth_dependencies.py::TestGetCurrentUserOptional::test_get_current_user_optional_success
tests/unit/api/test_auth_dependencies.py::TestGetCurrentUser::test_get_current_user_different_credentials
tests/unit/api/test_auth_dependencies.py::TestGetCurrentUser::test_get_current_user_exception_handling
tests/unit/api/test_auth_dependencies.py::TestGetCurrentUser::test_get_current_user_success
tests/unit/api/test_auth_dependencies.py::TestIntegrationScenarios::test_error_handling_consistency
tests/unit/api/test_auth_dependencies.py::TestIntegrationScenarios::test_full_authentication_flow
tests/unit/api/test_auth_dependencies.py::TestIntegrationScenarios::test_optional_authentication_scenarios
tests/unit/api/test_auth_dependencies.py::TestRequireAdmin::test_require_admin_case_sensitive
tests/unit/api/test_auth_dependencies.py::TestRequireAdmin::test_require_admin_moderator_denied
tests/unit/api/test_auth_dependencies.py::TestRequireAdmin::test_require_admin_no_role
tests/unit/api/test_auth_dependencies.py::TestRequireAdmin::test_require_admin_regular_user_denied
tests/unit/api/test_auth_dependencies.py::TestTokenData::test_token_data_creation_default
tests/unit/api/test_auth_dependencies.py::TestTokenData::test_token_data_creation_partial
tests/unit/api/test_auth_simple.py
tests/unit/api/test_auth_simple.py::TestAuthAPI::test_get_current_user_no_auth_header
tests/unit/api/test_auth_simple.py::TestAuthAPI::test_get_current_user_success
tests/unit/api/test_auth_simple.py::TestAuthAPI::test_get_user_by_id_success
tests/unit/api/test_auth_simple.py::TestAuthAPI::test_login_empty_request
tests/unit/api/test_auth_simple.py::TestAuthAPI::test_login_success
tests/unit/api/test_auth_simple.py::TestAuthAPI::test_login_with_form_data
tests/unit/api/test_auth_simple.py::TestAuthAPI::test_logout_success
tests/unit/api/test_auth_simple.py::TestAuthAPI::test_mock_users_structure
tests/unit/api/test_auth_simple.py::TestAuthAPI::test_router_configuration
tests/unit/api/test_auth_simple.py::TestAuthAPI::test_security_scheme
tests/unit/api/test_database_optimization.py
tests/unit/api/test_database_optimization.py::TestConnectionPoolOptimizer::test_pool_registration
tests/unit/api/test_database_optimization.py::TestConnectionPoolOptimizer::test_pool_status_retrieval
tests/unit/api/test_database_optimization.py::TestDatabasePerformanceMiddleware::test_current_performance_analysis
tests/unit/api/test_database_optimization.py::TestDatabasePerformanceMiddleware::test_real_time_metrics
tests/unit/api/test_database_optimization.py::TestDatabasePerformanceMiddleware::test_start_stop_monitoring
tests/unit/api/test_database_optimization.py::TestIntegration::test_full_optimization_workflow
tests/unit/api/test_database_optimization.py::TestQueryMetrics::test_execution_recording
tests/unit/api/test_database_optimization.py::TestQueryOptimizationAdvisor::test_advisor_initialization
tests/unit/api/test_data_extended.py::TestAPIDataExtended::test_data_validation_error
tests/unit/api/test_data_extended.pyTestAPIDataExtended::test_data_validation_error
tests/unit/api/test_data_extended.py::TestAPIDataExtended::test_export_data_csv
tests/unit/api/test_data_extended.pyTestAPIDataExtended::test_export_data_csv
tests/unit/api/test_data_extended.py::TestAPIDataExtended::test_export_data_json
tests/unit/api/test_data_extended.pyTestAPIDataExtended::test_export_data_json
tests/unit/api/test_data_extended.py::TestAPIDataExtended::test_get_match_by_id
tests/unit/api/test_data_extended.pyTestAPIDataExtended::test_get_match_by_id
tests/unit/api/test_data_extended.py::TestAPIDataExtended::test_get_matches
tests/unit/api/test_data_extended.pyTestAPIDataExtended::test_get_matches
tests/unit/api/test_data_extended.py::TestAPIDataExtended::test_get_matches_with_filters
tests/unit/api/test_data_extended.pyTestAPIDataExtended::test_get_matches_with_filters
tests/unit/api/test_data_extended.py::TestAPIDataExtended::test_get_teams
tests/unit/api/test_data_extended.pyTestAPIDataExtended::test_get_teams
tests/unit/api/test_data_extended.pyTestAPIMonitoring::test_collector_health
tests/unit/api/test_data_extended.pyTestAPIMonitoring::test_get_stats
tests/unit/api/test_data_extended.pyTestAPIMonitoring::test_monitoring_root
tests/unit/api/test_data_extended.pyTestAPIMonitoring::test_prometheus_metrics
tests/unit/api/test_data_extended.pyTestCryptoUtilsComprehensive::test_performance_considerations
tests/unit/api/test_data_extended.pyTestPredictionsAPI::test_batch_predict
tests/unit/api/test_data_extended.pyTestPredictionsAPI::test_batch_predict_invalid_match_ids
tests/unit/api/test_data_extended.pyTestPredictionsAPI::test_batch_predict_too_many_match_ids
tests/unit/api/test_data_extended.pyTestPredictionsAPI::test_create_prediction
tests/unit/api/test_data_extended.pyTestPredictionsAPI::test_create_prediction_default_values
tests/unit/api/test_data_extended.pyTestPredictionsAPI::test_error_handling_invalid_endpoint
tests/unit/api/test_data_extended.pyTestPredictionsAPI::test_get_prediction_invalid_match_id
tests/unit/api/test_data_extended.pyTestPredictionsAPI::test_get_recent_predictions
tests/unit/api/test_data_extended.pyTestPredictionsAPI::test_predictions_health_check
tests/unit/api/test_data_extended.pyTestPredictionsAPI::test_predictions_root_endpoint
tests/unit/api/test_data_extended.pyTestPredictionsAPI::test_query_parameters_validation
tests/unit/api/test_features_new.py::TestAPIFeatures::test_batch_feature_calculation
tests/unit/api/test_features_new.py::TestAPIFeatures::test_calculate_features
tests/unit/api/test_features_new.py::TestAPIFeatures::test_feature_validation
tests/unit/api/test_features_new.py::TestAPIFeatures::test_get_feature_importance
tests/unit/api/test_features_new.py::TestAPIFeatures::test_get_features_list
tests/unit/api/test_health_api.py
tests/unit/api/test_health_api.py::TestHealthAPIDocumentation::test_health_endpoint_path
tests/unit/api/test_health_endpoints_comprehensive.py::TestDetailedHealthCheck::test_detailed_health_check_success
tests/unit/api/test_health_endpoints_comprehensive.py::TestHealthCheckReliability::test_component_status_persistence
tests/unit/api/test_health_extended.py::TestAPIHealthExtended::test_health_check_all_components
tests/unit/api/test_health_extended.py::TestAPIHealthExtended::test_health_check_database_failure
tests/unit/api/test_health_extended.py::TestAPIHealthExtended::test_health_check_with_middleware
tests/unit/api/test_health_extended.py::TestAPIHealthExtended::test_health_metrics
tests/unit/api/test_health_routes.py
tests/unit/api/test_jwt_auth_core.py
tests/unit/api/test_jwt_auth_core.py::TestEdgeCases::test_create_token_with_empty_data
tests/unit/api/test_jwt_auth_core.py::TestEdgeCases::test_create_token_with_none_data
tests/unit/api/test_jwt_auth_core.py::TestEdgeCases::test_hash_empty_password
tests/unit/api/test_jwt_auth_core.py::TestPasswordManagement::test_hash_different_passwords_different_hashes
tests/unit/api/test_jwt_auth_core.py::TestPasswordManagement::test_hash_password
tests/unit/api/test_jwt_auth_core.py::TestPasswordManagement::test_hash_same_password_different_hashes
tests/unit/api/test_jwt_auth_core.py::TestPasswordManagement::test_verify_correct_password
tests/unit/api/test_jwt_auth_core.py::TestPasswordManagement::test_verify_empty_password
tests/unit/api/test_jwt_auth_core.py::TestPasswordManagement::test_verify_incorrect_password
tests/unit/api/test_jwt_auth_core.py::TestTokenCreation::test_token_data_includes_required_fields
tests/unit/api/test_jwt_auth_core.py::TestTokenVerification::test_verify_token_wrong_algorithm
tests/unit/api/test_jwt_auth_core.py::TestTokenVerification::test_verify_valid_refresh_token
tests/unit/api/test_monitoring_new_fixed.py::TestAPIMonitoring::test_collector_health
tests/unit/api/test_monitoring_new_fixed.py::TestAPIMonitoring::test_get_metrics
tests/unit/api/test_monitoring_new_fixed.py::TestAPIMonitoring::test_get_stats
tests/unit/api/test_monitoring_new_fixed.py::TestAPIMonitoring::test_get_status
tests/unit/api/test_monitoring_new_fixed.py::TestAPIMonitoring::test_monitoring_root
tests/unit/api/test_monitoring_new_fixed.py::TestAPIMonitoring::test_prometheus_metrics
tests/unit/api/test_monitoring_new.py::TestAPIMonitoring::test_acknowledge_alert
tests/unit/api/test_monitoring_new.py::TestAPIMonitoring::test_get_alerts
tests/unit/api/test_monitoring_new.py::TestAPIMonitoring::test_get_metrics
tests/unit/api/test_monitoring_new.py::TestAPIMonitoring::test_get_performance_stats
tests/unit/api/test_monitoring_new.py::TestAPIMonitoring::test_health_check_with_metrics
tests/unit/api/test_monitoring_new.py::TestAPIMonitoring::test_trigger_alert
tests/unit/api/test_monitoring_simple.py::TestAPIMonitoring::test_collector_health
tests/unit/api/test_monitoring_simple.py::TestAPIMonitoring::test_get_metrics
tests/unit/api/test_monitoring_simple.py::TestAPIMonitoring::test_get_stats
tests/unit/api/test_monitoring_simple.py::TestAPIMonitoring::test_get_status
tests/unit/api/test_monitoring_simple.py::TestAPIMonitoring::test_monitoring_root
tests/unit/api/test_monitoring_simple.py::TestAPIMonitoring::test_prometheus_metrics
tests/unit/api/test_performance_optimization.py
tests/unit/api/test_predictions_fixed.py::TestPredictionsAPI::test_batch_predict
tests/unit/api/test_predictions_fixed.py::TestPredictionsAPI::test_batch_predict_invalid_match_ids
tests/unit/api/test_predictions_fixed.py::TestPredictionsAPI::test_batch_predict_too_many_match_ids
tests/unit/api/test_predictions_fixed.py::TestPredictionsAPI::test_create_prediction
tests/unit/api/test_predictions_fixed.py::TestPredictionsAPI::test_create_prediction_default_values
tests/unit/api/test_predictions_fixed.py::TestPredictionsAPI::test_error_handling_invalid_endpoint
tests/unit/api/test_predictions_fixed.py::TestPredictionsAPI::test_get_prediction_by_id
tests/unit/api/test_predictions_fixed.py::TestPredictionsAPI::test_get_prediction_invalid_match_id
tests/unit/api/test_predictions_fixed.py::TestPredictionsAPI::test_get_recent_predictions
tests/unit/api/test_predictions_fixed.py::TestPredictionsAPI::test_prediction_result_validation
tests/unit/api/test_predictions_fixed.py::TestPredictionsAPI::test_predictions_health_check
tests/unit/api/test_predictions_fixed.py::TestPredictionsAPI::test_predictions_root_endpoint
tests/unit/api/test_predictions_fixed.py::TestPredictionsAPI::test_query_parameters_validation
tests/unit/api/test_predictions_new.py::TestAPIPredictions::test_create_prediction
tests/unit/api/test_predictions_new.py::TestAPIPredictions::test_get_prediction_by_id
tests/unit/api/test_predictions_new.py::TestAPIPredictions::test_get_predictions_list
tests/unit/api/test_predictions_new.py::TestAPIPredictions::test_invalid_prediction_data
tests/unit/api/test_predictions_new.py::TestAPIPredictions::test_prediction_not_found
tests/unit/api/test_predictions_new.py::TestAPIPredictions::test_unauthorized_access
tests/unit/api/test_predictions_optimized.py
tests/unit/api/test_predictions_simple.py::TestPredictionAPIEndpoints::test_get_prediction_valid_match_id
tests/unit/api/test_predictions_simple.py::TestPredictionAPIEndpoints::test_get_prediction_with_custom_params
tests/unit/cache/test_cache_optimization.py
tests/unit/cache/test_cache_optimization.py::TestAccessPatternAnalyzer::test_predict_next_access
tests/unit/cache/test_cache_optimization.py::TestIntegration::test_cache_workflow_integration
tests/unit/cache/test_cache_optimization.py::TestRedisClusterManager::test_add_node_success
tests/unit/cache/test_cache_optimization.py::TestRedisClusterManager::test_remove_node
tests/unit/cache/test_cache_warmup_core.py
tests/unit/cache/test_football_data_cache.py::TestFootballDataCache::test_api_response_caching
tests/unit/cache/test_football_data_cache.py::TestFootballDataCache::test_cache_invalidation
tests/unit/cache/test_football_data_cache.py::TestFootballDataCache::test_cache_key_generation
tests/unit/cache/test_football_data_cache.py::TestFootballDataCache::test_complex_data_serialization
tests/unit/cache/test_football_data_cache.py::TestFootballDataCache::test_error_handling_logging
tests/unit/cache/test_football_data_cache.py::TestFootballDataCache::test_error_handling_redis_failure
tests/unit/cache/test_football_data_cache.py::TestFootballDataCache::test_get_cached_api_response
tests/unit/cache/test_football_data_cache.py::TestFootballDataCache::test_get_cached_league
tests/unit/cache/test_football_data_cache.py::TestFootballDataCache::test_get_cached_league_not_found
tests/unit/cache/test_football_data_cache.py::TestFootballDataCache::test_league_data_caching
tests/unit/cache/test_football_data_cache.py::TestFootballDataCache::test_league_data_caching_missing_id
tests/unit/cache/test_football_data_cache.py::TestFootballDataCache::test_match_data_caching
tests/unit/cache/test_football_data_cache.py::TestFootballDataCache::test_team_data_caching
tests/unit/cache/test_redis_manager_new.py::TestBatchOperations::test_async_batch_operations
tests/unit/cache/test_redis_manager_new.py::TestCacheKeyManager::test_generate_key_with_version
tests/unit/cache/test_redis_manager_new.py::TestCacheKeyManager::test_key_manager_initialization
tests/unit/cache/test_redis_manager_new.py::TestCacheKeyManager::test_normalize_key
tests/unit/cache/test_redis_manager_new.py::TestCacheKeyManager::test_validate_key_invalid
tests/unit/cache/test_redis_manager_new.py::TestCacheKeyManager::test_validate_key_valid
tests/unit/cache/test_redis_manager_new.py::TestConvenienceFunctions::test_ttl_function
tests/unit/cache/test_redis_manager_new.py::TestIntegrationScenarios::test_cache_with_versioning_pattern
tests/unit/cache/test_redis_manager_new.py::TestRedisManager::test_manager_auto_detect_mock
tests/unit/cache/test_redis_manager_new.py::TestRedisOperations::test_async_delete
tests/unit/cache/test_redis_manager_new.py::TestRedisOperations::test_async_exists
tests/unit/cache/test_redis_manager_new.py::TestRedisOperations::test_async_set_and_get
tests/unit/cache/test_redis_manager_new.py::TestRedisOperations::test_async_set_with_ttl
tests/unit/cache/test_redis_manager.py::TestCacheKeyManager::test_async_operations
tests/unit/cache/test_redis_manager.py::TestCacheKeyManager::test_build_key_success
tests/unit/cache/test_redis_manager.py::TestCacheKeyManager::test_build_key_with_different_params
tests/unit/cache/test_redis_manager.py::TestCacheKeyManager::test_cache_key_manager_initialization
tests/unit/cache/test_redis_manager.py::TestCacheKeyManager::test_connect_failure
tests/unit/cache/test_redis_manager.py::TestCacheKeyManager::test_connect_success
tests/unit/cache/test_redis_manager.py::TestCacheKeyManager::test_delete_key_exists
tests/unit/cache/test_redis_manager.py::TestCacheKeyManager::test_delete_key_not_exists
tests/unit/cache/test_redis_manager.py::TestCacheKeyManager::test_disconnect
tests/unit/cache/test_redis_manager.py::TestCacheKeyManager::test_exists_key_exists
tests/unit/cache/test_redis_manager.py::TestCacheKeyManager::test_exists_key_not_exists
tests/unit/cache/test_redis_manager.py::TestCacheKeyManager::test_get_key_exists
tests/unit/cache/test_redis_manager.py::TestCacheKeyManager::test_get_key_not_exists
tests/unit/cache/test_redis_manager.py::TestCacheKeyManager::test_get_key_with_default
tests/unit/cache/test_redis_manager.py::TestCacheKeyManager::test_get_ttl
tests/unit/cache/test_redis_manager.py::TestCacheKeyManager::test_get_ttl_not_exists
tests/unit/cache/test_redis_manager.py::TestCacheKeyManager::test_is_connected
tests/unit/cache/test_redis_manager.py::TestCacheKeyManager::test_key_components
tests/unit/cache/test_redis_manager.py::TestCacheKeyManager::test_key_versioning
tests/unit/cache/test_redis_manager.py::TestCacheKeyManager::test_manager_initialization_without_config
tests/unit/cache/test_redis_manager.py::TestCacheKeyManager::test_mget_success
tests/unit/cache/test_redis_manager.py::TestCacheKeyManager::test_mget_with_default
tests/unit/cache/test_redis_manager.py::TestCacheKeyManager::test_mset_success
tests/unit/cache/test_redis_manager.py::TestCacheKeyManager::test_normalize_key
tests/unit/cache/test_redis_manager.py::TestCacheKeyManager::test_pipeline_operations
tests/unit/cache/test_redis_manager.py::TestCacheKeyManager::test_set_key_success
tests/unit/cache/test_redis_manager.py::TestCacheKeyManager::test_set_key_with_ttl
tests/unit/cache/test_redis_manager.py::TestCacheKeyManager::test_validate_key_invalid_key
tests/unit/cache/test_redis_manager.py::TestCacheKeyManager::test_validate_key_valid_key
tests/unit/cache/test_redis_manager.py::TestGlobalRedisManager::test_get_redis_manager
tests/unit/cache/test_redis_manager.py::TestGlobalRedisManager::test_global_manager_configuration
tests/unit/cache/test_redis_manager.py::TestGlobalRedisManager::test_singleton_behavior
tests/unit/cache/test_redis_manager.py::TestPerformanceOptimization::test_batch_operations_performance
tests/unit/cache/test_redis_manager.py::TestPerformanceOptimization::test_connection_pooling
tests/unit/cache/test_redis_manager.py::TestPerformanceOptimization::test_key_expiration_strategies
tests/unit/cache/test_redis_manager.py::TestRedisManagerIntegration::test_cache_hit_miss_logic
tests/unit/cache/test_redis_manager.py::TestRedisManagerIntegration::test_end_to_end_workflow
tests/unit/cache/test_redis_manager.py::TestRedisManagerIntegration::test_error_handling
tests/unit/cache/test_redis_manager.py::TestRedisManagerIntegration::test_retry_mechanism
tests/unit/cache/test_unified_cache.py
tests/unit/cache/test_unified_interface.py::TestCacheInterface::test_cache_backend_enum
tests/unit/cache/test_unified_interface.py::TestCacheInterface::test_cache_interface_method_signatures
tests/unit/cache/test_unified_interface.py::TestCacheInterface::test_memory_cache_adapter_complex_data_types
tests/unit/cache/test_unified_interface.py::TestCacheInterface::test_memory_cache_adapter_config_validation
tests/unit/cache/test_unified_interface.py::TestCacheInterface::test_memory_cache_adapter_edge_cases
tests/unit/cache/test_unified_interface.py::TestCacheInterface::test_memory_cache_adapter_size_limits
tests/unit/cache/test_unified_interface.py::TestCacheInterface::test_memory_cache_adapter_stats
tests/unit/cache/test_unified_interface.py::TestCacheInterface::test_memory_cache_adapter_thread_safety
tests/unit/cache/test_unified_interface.py::TestCacheInterface::test_memory_cache_adapter_ttl_functionality
tests/unit/cache/test_unified_interface.py::TestCacheInterface::test_redis_cache_adapter_basic_operations
tests/unit/cache/test_unified_interface.py::TestCacheInterface::test_redis_cache_adapter_deserialization
tests/unit/cache/test_unified_interface.py::TestCacheInterface::test_redis_cache_adapter_error_handling
tests/unit/cache/test_unified_interface.py::TestCacheInterface::test_redis_cache_adapter_serialization
tests/unit/cache/test_unified_interface.py::TestCacheInterface::test_unified_cache_config
tests/unit/collectors/test_football_data_collector.py::TestCollectorIntegration::test_error_recovery_workflow
tests/unit/collectors/test_football_data_collector.py::TestCollectorIntegration::test_full_collection_workflow
tests/unit/collectors/test_football_data_collector.py::TestFootballDataCollector::test_collect_season_data_partial_failure
tests/unit/collectors/test_football_data_collector.py::TestFootballDataCollector::test_collect_season_data_success
tests/unit/collectors/test_football_data_collector.py::TestFootballDataCollector::test_format_season_year
tests/unit/collectors/test_football_data_collector.py::TestFootballDataCollector::test_get_competitions_api_error
tests/unit/collectors/test_football_data_collector.py::TestFootballDataCollector::test_get_competitions_http_error
tests/unit/collectors/test_football_data_collector.py::TestFootballDataCollector::test_get_matches_invalid_competition
tests/unit/collectors/test_football_data_collector.py::TestFootballDataCollector::test_get_matches_success
tests/unit/collectors/test_football_data_collector.py::TestFootballDataCollector::test_get_standings_success
tests/unit/collectors/test_football_data_collector.py::TestFootballDataCollector::test_rate_limiting
tests/unit/collectors/test_football_data_collector.py::TestFootballDataCollector::test_retry_exhausted
tests/unit/collectors/test_football_data_collector.py::TestFootballDataCollector::test_retry_mechanism
tests/unit/collectors/test_football_data_collector.py::TestFootballDataCollector::test_validate_competition_code
tests/unit/core/test_config_di.py::TestConfigurationBinder::test_auto_scan_integration
tests/unit/core/test_config_di.py::TestConfigurationBinder::test_bind_conditional_service
tests/unit/core/test_config_di.py::TestConfigurationBinder::test_bind_disabled_service
tests/unit/core/test_config_di.py::TestConfigurationBinder::test_bind_services
tests/unit/core/test_config_di.py::TestConfigurationBinder::test_bind_services_with_dependencies
tests/unit/core/test_config_di.py::TestConfigurationBinder::test_bind_services_with_factory
tests/unit/core/test_config_di.py::TestConfigurationBinder::test_error_handling
tests/unit/core/test_config_di.py::TestConfigurationBinder::test_imports_integration
tests/unit/core/test_config_di.py::TestConfigurationBinder::test_set_active_profile
tests/unit/core/test_config_new.py::TestConfig::test_config_initialization
tests/unit/core/test_config_new.py::TestConfig::test_config_types
tests/unit/core/test_config_new.py::TestConfig::test_load_from_dict
tests/unit/core/test_config_new.py::TestConfig::test_load_from_file
tests/unit/core/test_config_new.py::TestConfig::test_nested_config_access
tests/unit/core/test_config_new.py::TestConfig::test_performance_large_config
tests/unit/core/test_config_safety.py
tests/unit/core/test_di.py::TestDIContainer::test_circular_dependency_detection
tests/unit/core/test_di.py::TestDIContainer::test_register_error_no_implementation_or_factory
tests/unit/core/test_di.py::TestEdgeCases::test_dependency_injection_error_messages
tests/unit/core/test_di.py::TestEdgeCases::test_service_with_default_params
tests/unit/core/test_di.py::TestGlobalFunctions::test_resolve_without_default_container
tests/unit/core/test_di.py::TestInjectDecorator::test_inject_decorator
tests/unit/core/test_di.py::TestInjectDecorator::test_inject_decorator_with_custom_container
tests/unit/core/test_di.py::TestIntegrationScenarios::test_factory_with_dependencies
tests/unit/core/test_di.py::TestIntegrationScenarios::test_service_lifecycle_behaviors
tests/unit/core/test_path_manager_enhanced.py::TestPathManagerEnhanced::test_concurrent_access
tests/unit/core/test_prediction_engine_safety.py
tests/unit/cqrs/test_handlers.py::TestCreateMatchHandler::test_handle_success
tests/unit/cqrs/test_handlers.py::TestCreatePredictionHandler::test_handle_database_error
tests/unit/cqrs/test_handlers.py::TestCreatePredictionHandler::test_handle_success
tests/unit/cqrs/test_handlers.py::TestCreateUserHandler::test_handle_success
tests/unit/cqrs/test_handlers.py::TestGetMatchPredictionsHandler::test_handle_empty_result
tests/unit/cqrs/test_handlers.py::TestGetMatchPredictionsHandler::test_handle_success
tests/unit/cqrs/test_handlers.py::TestGetUserByIdHandler::test_handle_success
tests/unit/cqrs/test_handlers.py::TestUpdateMatchHandler::test_handle_match_not_found
tests/unit/cqrs/test_handlers_safety.py::TestCQRSHandlersSafetyNet::test_create_user_handler_validation
tests/unit/cqrs/test_handlers_safety.py::TestCQRSHandlersSafetyNet::test_handler_concurrent_access_safety
tests/unit/cqrs/test_handlers_safety.py::TestCQRSHandlersSafetyNet::test_handler_performance_large_dataset
tests/unit/database/test_connection_enhanced.py::TestAsyncSupport::test_async_session_context
tests/unit/database/test_connection_enhanced.py::TestAsyncSupport::test_async_transaction_rollback
tests/unit/database/test_connection_enhanced.py::TestConnectionPooling::test_connection_pool_configuration
tests/unit/database/test_connection_enhanced.py::TestConnectionPooling::test_engine_dispose
tests/unit/database/test_connection_enhanced.py::TestDatabaseManager::test_context_manager_async
tests/unit/database/test_connection_enhanced.py::TestDatabaseManager::test_database_url_construction
tests/unit/database/test_connection_enhanced.py::TestDatabaseManager::test_database_url_from_env
tests/unit/database/test_connection_enhanced.py::TestDatabaseManager::test_engine_configuration
tests/unit/database/test_connection_enhanced.py::TestDatabaseManager::test_real_manager_initialization
tests/unit/database/test_connection_enhanced.py::TestDatabaseManager::test_session_configuration
tests/unit/database/test_connection_enhanced.py::TestErrorHandling::test_connection_failure
tests/unit/database/test_connection_enhanced.py::TestErrorHandling::test_session_creation_failure
tests/unit/database/test_connection_enhanced.py::TestErrorHandling::test_uninitialized_operations
tests/unit/database/test_connection_enhanced.py::TestMultiUserDatabaseManager::test_admin_session_creation
tests/unit/database/test_connection_enhanced.py::TestMultiUserDatabaseManager::test_multi_user_initialization
tests/unit/database/test_connection_enhanced.py::TestMultiUserDatabaseManager::test_user_permissions
tests/unit/database/test_connection_enhanced.py::TestMultiUserDatabaseManager::test_user_session_creation
tests/unit/database/test_connection_enhanced.py::TestPerformanceAndScalability::test_concurrent_sessions
tests/unit/database/test_connection_enhanced.py::TestPerformanceAndScalability::test_session_cleanup
tests/unit/database/test_connection_new.py::TestConfigurationOptions::test_async_url_conversion
tests/unit/database/test_connection_new.py::TestConfigurationOptions::test_pool_configuration
tests/unit/database/test_connection_new.py::TestConfigurationOptions::test_session_factory_configuration
tests/unit/database/test_connection_new.py::TestErrorHandling::test_async_connection_failure
tests/unit/database/test_connection_new.py::TestErrorHandling::test_database_connection_failure
tests/unit/database/test_connection_new.py::TestErrorHandling::test_invalid_database_url
tests/unit/database/test_connection_new.py::TestFactoryFunctions::test_get_async_session_function
tests/unit/database/test_connection_new.py::TestFactoryFunctions::test_get_session_function
tests/unit/database/test_connection_new.py::TestFactoryFunctions::test_initialize_database
tests/unit/database/test_connection_new.py::TestIntegrationScenarios::test_async_session_context_manager
tests/unit/database/test_connection_new.py::TestIntegrationScenarios::test_full_workflow_simulation
tests/unit/database/test_connection_new.py::TestIntegrationScenarios::test_multiple_session_creation
tests/unit/database/test_connection_new.py::TestMultiUserDatabaseManager::test_multi_user_inheritance
tests/unit/database/test_connection_new.py::TestMultiUserDatabaseManager::test_multi_user_initialization
tests/unit/database/test_connection_new.py::TestRealDatabaseManager::test_database_url_default
tests/unit/database/test_connection_new.py::TestRealDatabaseManager::test_database_url_from_env
tests/unit/database/test_connection_new.py::TestRealDatabaseManager::test_double_initialization
tests/unit/database/test_connection_new.py::TestRealDatabaseManager::test_get_async_session_real_manager
tests/unit/database/test_connection_new.py::TestRealDatabaseManager::test_get_async_session_without_initialization_real_manager
tests/unit/database/test_connection_new.py::TestRealDatabaseManager::test_get_session_real_manager
tests/unit/database/test_connection_new.py::TestRealDatabaseManager::test_get_session_without_initialization_real_manager
tests/unit/database/test_connection.py::TestDatabaseConnectionErrorHandling::test_connection_error_handling
tests/unit/database/test_connection.py::TestDatabaseConnectionErrorHandling::test_invalid_database_url
tests/unit/database/test_connection.py::TestDatabaseConnection::test_async_session_creation
tests/unit/database/test_models.py::TestDatabaseModels::test_all_models_have_required_fields
tests/unit/database/test_models.py::TestMatchModel::test_match_creation
tests/unit/database/test_models.py::TestMatchModel::test_match_with_scores
tests/unit/database/test_models.py::TestModelRelationships::test_match_team_relationships
tests/unit/database/test_models.py::TestModelRelationships::test_prediction_user_relationship
tests/unit/database/test_models.py::TestPredictionModel::test_prediction_creation
tests/unit/database/test_models.py::TestPredictionModel::test_prediction_default_confidence
tests/unit/database/test_models.py::TestTeamModel::test_team_creation
tests/unit/database/test_models.py::TestTeamModel::test_team_str_representation
tests/unit/database/test_models.py::TestUserModel::test_user_creation
tests/unit/database/test_models.py::TestUserModel::test_user_str_representation
tests/unit/data/test_collectors.py::TestDataCollectorsIntegration::test_collectors_error_recovery
tests/unit/data/test_collectors.py::TestDataCollectorsIntegration::test_collectors_performance
tests/unit/data/test_collectors.py::TestDataCollectorsIntegration::test_collectors_workflow
tests/unit/data/test_collectors.py::TestDataCollectorsIntegration::test_data_quality_validation
tests/unit/data/test_collectors.py::TestFixturesCollector::test_collect_fixtures_empty_response
tests/unit/data/test_collectors.py::TestFixturesCollector::test_collect_fixtures_success
tests/unit/data/test_collectors.py::TestFixturesCollector::test_deduplicate_matches
tests/unit/data/test_collectors.py::TestFixturesCollector::test_fixtures_collector_initialization
tests/unit/data/test_collectors.py::TestFixturesCollector::test_process_league_data
tests/unit/data/test_collectors.py::TestFixturesCollector::test_validate_match_data
tests/unit/data/test_collectors.py::TestOddsCollector::test_calculate_average_odds
tests/unit/data/test_collectors.py::TestOddsCollector::test_calculate_implied_probability
tests/unit/data/test_collectors.py::TestOddsCollector::test_collect_odds_success
tests/unit/data/test_collectors.py::TestOddsCollector::test_detect_odds_anomalies
tests/unit/data/test_collectors.py::TestOddsCollector::test_odds_collector_initialization
tests/unit/data/test_collectors.py::TestScoresCollector::test_collect_live_scores
tests/unit/data/test_collectors.py::TestScoresCollector::test_process_match_events
tests/unit/data/test_collectors.py::TestScoresCollector::test_scores_collector_initialization
tests/unit/data/test_collectors.py::TestScoresCollector::test_validate_score_data
tests/unit/data/test_collectors.py::TestStreamingCollector::test_handle_streaming_errors
tests/unit/data/test_collectors.py::TestStreamingCollector::test_process_streaming_data
tests/unit/data/test_collectors.py::TestStreamingCollector::test_start_streaming
tests/unit/data/test_collectors.py::TestStreamingCollector::test_stop_streaming
tests/unit/data/test_collectors.py::TestStreamingCollector::test_streaming_collector_initialization
tests/unit/domain/test_entities.py
tests/unit/domain/test_events.py
tests/unit/domain/test_strategies.py
tests/unit/domain/test_strategies.py::TestPredictionStrategyFactory::test_create_ml_strategy
tests/unit/domain/test_strategies.py::TestPredictionStrategyFactory::test_create_statistical_strategy
tests/unit/domain/test_strategies.py::TestPredictionStrategyFactory::test_create_unknown_strategy_type
tests/unit/domain/test_strategies.py::TestPredictionStrategyFactory::test_factory_strategy_registry
tests/unit/domain/test_strategies.py::TestPredictionStrategyFactory::test_factory_with_empty_config
tests/unit/domain/test_strategies.py::TestPredictionStrategy::test_strategy_initialization
tests/unit/domain/test_strategies.py::TestPredictionStrategy::test_strategy_initialize
tests/unit/domain/test_strategies.py::TestPredictionStrategy::test_strategy_metrics_getting
tests/unit/domain/test_strategies.py::TestPredictionStrategy::test_strategy_metrics_none_when_not_set
tests/unit/domain/test_strategies.py::TestPredictionStrategy::test_strategy_metrics_setting
tests/unit/domain/test_strategies.py::TestPredictionStrategy::test_strategy_name_and_type
tests/unit/domain/test_strategies.py::TestStrategyIntegration::test_multiple_strategy_creation
tests/unit/domain/test_strategies.py::TestStrategyIntegration::test_strategy_end_to_end_prediction
tests/unit/domain/test_strategies.py::TestStrategyPerformance::test_strategy_prediction_performance
tests/unit/events/test_event_system.py
tests/unit/features/test_engineering_simple.py
tests/unit/features/test_feature_engineering.py
tests/unit/ml/models/test_elo_model_core.py
tests/unit/ml/models/test_poisson_model_core.py
tests/unit/ml/test_football_prediction_pipeline.py::TestFeatureEngineerIntegration::test_feature_pipeline_summary
tests/unit/ml/test_football_prediction_pipeline.py::TestFootballPredictionPipeline::test_evaluate_model
tests/unit/ml/test_football_prediction_pipeline.py::TestFootballPredictionPipeline::test_predict_after_fitting
tests/unit/ml/test_football_prediction_pipeline.py::TestFootballPredictionPipeline::test_predict_proba_after_fitting
tests/unit/ml/test_football_prediction_pipeline.py::TestFootballPredictionPipeline::test_prepare_data
tests/unit/ml/test_football_prediction_pipeline.py::TestFootballPredictionPipeline::test_save_and_load_pipeline
tests/unit/ml/test_football_prediction_pipeline.py::TestFootballPredictionPipeline::test_train_model_random_forest
tests/unit/ml/test_football_prediction_pipeline.py::TestFootballPredictionPipeline::test_train_model_without_xgboost
tests/unit/performance/test_monitoring.py
tests/unit/performance/test_monitoring.py::TestPerformanceAnalyzer::test_analyze_trends_with_data
tests/unit/performance/test_monitoring.py::TestPerformanceMonitoringIntegration::test_monitoring_workflow
tests/unit/performance/test_monitoring.py::TestSystemMonitor::test_check_performance_alerts_memory
tests/unit/performance/test_monitoring.py::TestSystemMonitor::test_check_performance_alerts_response_time
tests/unit/queues/test_fifo_queue.py
tests/unit/queues/test_fifo_queue.py::TestMemoryFIFOQueue::test_clear_queue
tests/unit/queues/test_fifo_queue.py::TestMemoryFIFOQueue::test_dequeue_empty_queue
tests/unit/queues/test_fifo_queue.py::TestMemoryFIFOQueue::test_dequeue_task
tests/unit/queues/test_fifo_queue.py::TestMemoryFIFOQueue::test_enqueue_task
tests/unit/queues/test_fifo_queue.py::TestMemoryFIFOQueue::test_fifo_order
tests/unit/queues/test_fifo_queue.py::TestMemoryFIFOQueue::test_priority_ordering
tests/unit/queues/test_fifo_queue.py::TestMemoryFIFOQueue::test_queue_initialization
tests/unit/queues/test_fifo_queue.py::TestMemoryFIFOQueue::test_queue_statistics
tests/unit/queues/test_fifo_queue.py::TestQueueManager::test_clear_all_queues
tests/unit/queues/test_fifo_queue.py::TestQueueTask::test_queue_task_from_dict
tests/unit/queues/test_fifo_queue.py::TestTaskPriority::test_priority_comparison
tests/unit/scripts/test_coverage_improvement_integration.py::TestCoverageImprovementIntegration::test_coverage_executor_integration
tests/unit/scripts/test_coverage_improvement_integration.py::TestCoverageImprovementIntegration::test_coverage_improvement_workflow
tests/unit/scripts/test_coverage_improvement_integration.py::TestCoverageImprovementIntegration::test_improvement_metrics
tests/unit/scripts/test_coverage_improvement_integration.py::TestCoverageImprovementIntegration::test_smart_quality_fixer_integration
tests/unit/scripts/test_coverage_improvement_integration.py::TestCoverageImprovementIntegration::test_tool_chain_collaboration
tests/unit/scripts/test_create_api_tests.py::TestCreateAPITests::test_health_test_content
tests/unit/scripts/test_create_service_tests.py::TestCreateServiceTests::test_create_prediction_service_test
tests/unit/scripts/test_create_service_tests.py::TestCreateServiceTests::test_generated_test_file_structure
tests/unit/services/test_audit_service_comprehensive.py
tests/unit/services/test_audit_service_new.py
tests/unit/services/test_audit_service_new.py::TestAuditService::test_anonymize_sensitive_data
tests/unit/services/test_audit_service_new.py::TestAuditService::test_archive_old_logs
tests/unit/services/test_audit_service_new.py::TestAuditService::test_check_compliance
tests/unit/services/test_audit_service_new.py::TestAuditService::test_export_audit_logs
tests/unit/services/test_audit_service_new.py::TestAuditService::test_log_api_access
tests/unit/services/test_audit_service_new.py::TestAuditService::test_log_data_access
tests/unit/services/test_audit_service_new.py::TestAuditService::test_log_security_event
tests/unit/services/test_audit_service.py::TestAuditContext::test_audit_context_validation
tests/unit/services/test_audit_service.py::TestAuditEvent::test_audit_event_id
tests/unit/services/test_audit_service.py::TestAuditEvent::test_audit_event_initialization_full
tests/unit/services/test_audit_service.py::TestAuditEvent::test_audit_event_initialization_minimal
tests/unit/services/test_audit_service.py::TestAuditEvent::test_audit_event_serialization
tests/unit/services/test_audit_service.py::TestAuditEvent::test_audit_event_timestamp
tests/unit/services/test_audit_service.py::TestAuditLogSummary::test_audit_log_summary_initialization
tests/unit/services/test_audit_service.py::TestAuditLogSummary::test_audit_log_summary_time_tracking
tests/unit/services/test_audit_service.py::TestAuditLog::test_audit_log_id_generation
tests/unit/services/test_audit_service.py::TestAuditLog::test_audit_log_initialization
tests/unit/services/test_audit_service.py::TestAuditLog::test_audit_log_serialization
tests/unit/services/test_audit_service.py::TestAuditLog::test_audit_log_timestamp_default
tests/unit/services/test_audit_service.py::TestAuditService::test_audit_service_initialization
tests/unit/services/test_audit_service.py::TestAuditService::test_get_events_with_data
tests/unit/services/test_audit_service.py::TestAuditService::test_get_summary_empty
tests/unit/services/test_audit_service.py::TestAuditService::test_get_summary_with_events
tests/unit/services/test_audit_service.py::TestAuditService::test_log_event_basic
tests/unit/services/test_audit_service.py::TestAuditService::test_log_event_sanitization
tests/unit/services/test_audit_service.py::TestAuditService::test_log_event_with_context
tests/unit/services/test_audit_service.py::TestAuditService::test_multiple_services_isolation
tests/unit/services/test_audit_service.py::TestAuditSeverity::test_audit_severity_string_representation
tests/unit/services/test_audit_service.py::TestDataSanitizer::test_sanitize_list_data
tests/unit/services/test_audit_service.py::TestDataSanitizer::test_sanitize_nested_data
tests/unit/services/test_audit_service.py::TestDataSanitizer::test_sanitize_none_data
tests/unit/services/test_audit_service.py::TestDataSanitizer::test_sanitize_sensitive_data
tests/unit/services/test_audit_service.py::TestSeverityAnalyzer::test_analyze_critical_severity_event
tests/unit/services/test_audit_service.py::TestSeverityAnalyzer::test_analyze_unknown_action
tests/unit/services/test_auth_service_comprehensive.py
tests/unit/services/test_auth_service_comprehensive.py::TestAuthServiceIntegration::test_user_lifecycle
tests/unit/services/test_auth_service_comprehensive.py::TestAuthServiceUserRegistration::test_register_user_default_preferences
tests/unit/services/test_auth_service_comprehensive.py::TestAuthServiceUserRegistration::test_register_user_default_statistics
tests/unit/services/test_auth_service_comprehensive.py::TestAuthServiceUserRegistration::test_register_user_success
tests/unit/services/test_content_analysis.py
tests/unit/services/test_data_processing_service.py
tests/unit/services/test_data_processing_service.py::TestDataProcessingService::test_aggregate_team_stats
tests/unit/services/test_data_processing_service.py::TestDataProcessingService::test_batch_process_matches
tests/unit/services/test_data_processing_service.py::TestDataProcessingService::test_cache_processed_data
tests/unit/services/test_data_processing_service.py::TestDataProcessingService::test_calculate_derived_features
tests/unit/services/test_data_processing_service.py::TestDataProcessingService::test_clean_player_data
tests/unit/services/test_data_processing_service.py::TestDataProcessingService::test_data_quality_check
tests/unit/services/test_data_processing_service.py::TestDataProcessingService::test_get_cached_data
tests/unit/services/test_data_processing_service.py::TestDataProcessingService::test_handle_missing_data
tests/unit/services/test_data_processing_service.py::TestDataProcessingService::test_process_match_data
tests/unit/services/test_data_processing_service.py::TestDataProcessingService::test_transform_data_format
tests/unit/services/test_data_processing_service.py::TestDataProcessingService::test_validate_match_data
tests/unit/services/test_data_processing_service_simple.py
tests/unit/services/test_data_quality_monitor_comprehensive.py
tests/unit/services/test_data_quality_monitor_comprehensive.py::TestDataProcessing::test_process_data_with_exception
tests/unit/services/test_data_quality_monitor_comprehensive.py::TestDataQualityMonitorIntegration::test_data_quality_score_tracking
tests/unit/services/test_data_quality_monitor_comprehensive.py::TestDataQualityMonitorIntegration::test_error_recovery_workflow
tests/unit/services/test_data_quality_monitor_comprehensive.py::TestDataValidation::test_validate_data_with_exception
tests/unit/services/test_data_quality_monitor_comprehensive.py::TestMetricsCalculation::test_duration_calculation
tests/unit/services/test_data_quality_monitor_comprehensive.py::TestMetricsCalculation::test_throughput_calculation
tests/unit/services/test_data_quality_monitor.py::TestDataQualityMonitor::test_concurrent_processing
tests/unit/services/test_data_quality_monitor.py::TestDataQualityMonitor::test_data_batch_processing
tests/unit/services/test_data_quality_monitor.py::TestDataQualityMonitor::test_data_quality_monitor_initialization_default
tests/unit/services/test_data_quality_monitor.py::TestDataQualityMonitor::test_data_quality_scoring
tests/unit/services/test_data_quality_monitor.py::TestDataQualityMonitor::test_get_metrics_after_errors
tests/unit/services/test_data_quality_monitor.py::TestDataQualityMonitor::test_get_metrics_after_processing
tests/unit/services/test_data_quality_monitor.py::TestDataQualityMonitor::test_get_metrics_initial_state
tests/unit/services/test_data_quality_monitor.py::TestDataQualityMonitor::test_main_function
tests/unit/services/test_data_quality_monitor.py::TestDataQualityMonitor::test_monitor_state_persistence
tests/unit/services/test_data_quality_monitor.py::TestDataQualityMonitor::test_process_data_basic
tests/unit/services/test_data_quality_monitor.py::TestDataQualityMonitor::test_process_data_invalid_data
tests/unit/services/test_data_quality_monitor.py::TestDataQualityMonitor::test_process_data_multiple_records
tests/unit/services/test_data_quality_monitor.py::TestDataQualityMonitor::test_process_data_none_data
tests/unit/services/test_data_quality_monitor.py::TestDataQualityMonitor::test_process_data_with_validation_errors
tests/unit/services/test_data_quality_monitor.py::TestDataQualityMonitor::test_validate_data_field_type_errors
tests/unit/services/test_data_quality_monitor.py::TestDataQualityMonitor::test_validate_data_format_errors
tests/unit/services/test_data_quality_monitor.py::TestDataQualityMonitor::test_validate_data_missing_required_fields
tests/unit/services/test_data_quality_monitor.py::TestDataQualityMonitor::test_validate_data_valid_data
tests/unit/services/test_data_service.py::TestDataService::test_get_leagues_list_custom_parameters
tests/unit/services/test_data_service.py::TestDataService::test_get_leagues_list_default_parameters
tests/unit/services/test_data_service.py::TestDataService::test_get_matches_list_custom_parameters
tests/unit/services/test_data_service.py::TestDataService::test_get_matches_list_default_parameters
tests/unit/services/test_data_service.py::TestDataService::test_get_matches_list_negative_offset
tests/unit/services/test_data_service.py::TestDataService::test_get_matches_list_zero_limit
tests/unit/services/test_data_service.py::TestDataService::test_get_odds_data_with_match_id
tests/unit/services/test_data_service.py::TestDataService::test_get_odds_data_without_match_id
tests/unit/services/test_data_service.py::TestDataService::test_get_teams_list_custom_parameters
tests/unit/services/test_data_service.py::TestDataService::test_get_teams_list_default_parameters
tests/unit/services/test_data_service.py::TestDataService::test_pagination_boundary_cases
tests/unit/services/test_data_service.py::TestMatchService::test_get_match_by_id_match_service_success
tests/unit/services/test_data_service.py::TestMatchService::test_get_matches_custom_parameters
tests/unit/services/test_data_service.py::TestMatchService::test_get_matches_default_parameters
tests/unit/services/test_enhanced_core.py::TestAbstractBaseService::test_abstract_base_service_inheritance
tests/unit/services/test_enhanced_core.py::TestAbstractBaseService::test_abstract_base_service_initialization
tests/unit/services/test_enhanced_core.py::TestAbstractBaseService::test_abstract_base_service_lifecycle
tests/unit/services/test_enhanced_core.py::TestBaseService::test_base_service_config_access
tests/unit/services/test_enhanced_core.py::TestBaseService::test_base_service_execute_with_metrics
tests/unit/services/test_enhanced_core.py::TestBaseService::test_base_service_health_check
tests/unit/services/test_enhanced_core.py::TestBaseService::test_base_service_health_info
tests/unit/services/test_enhanced_core.py::TestBaseService::test_base_service_lifecycle_methods
tests/unit/services/test_enhanced_core.py::TestBaseService::test_base_service_status_initial
tests/unit/services/test_enhanced_core.py::TestBaseService::test_base_service_uptime_calculation
tests/unit/services/test_enhanced_core.py::TestEnhancedBaseServiceIntegration::test_service_configuration_inheritance
tests/unit/services/test_enhanced_core.py::TestEnhancedBaseServiceIntegration::test_service_health_check_integration
tests/unit/services/test_enhanced_core.py::TestEnhancedBaseServiceIntegration::test_service_metrics_accumulation
tests/unit/services/test_enhanced_core.py::TestServiceMetrics::test_get_metrics
tests/unit/services/test_enhanced_core.py::TestServiceMetrics::test_get_metrics_no_calls
tests/unit/services/test_enhanced_core.py::TestServiceMetrics::test_record_call_success
tests/unit/services/test_enhanced_core.py::TestServiceMetrics::test_record_multiple_calls
tests/unit/services/test_enhanced_core.py::TestServiceMetrics::test_service_metrics_initialization
tests/unit/services/test_monitoring_service.py
tests/unit/services/test_monitoring_service.py::TestMetricsCollector::test_collect_all_metrics
tests/unit/services/test_monitoring_service.py::TestMetricsCollector::test_collect_system_load
tests/unit/services/test_monitoring_service.py::TestSystemMonitor::test_alert_threshold_check
tests/unit/services/test_monitoring_service.py::TestSystemMonitor::test_api_endpoint_monitoring
tests/unit/services/test_monitoring_service.py::TestSystemMonitor::test_generate_monitoring_report
tests/unit/services/test_monitoring_service.py::TestSystemMonitor::test_get_system_metrics
tests/unit/services/test_monitoring_service.py::TestSystemMonitor::test_health_check
tests/unit/services/test_monitoring_service.py::TestSystemMonitor::test_log_anomaly_detection
tests/unit/services/test_monitoring_service.py::TestSystemMonitor::test_performance_monitoring
tests/unit/services/test_monitoring_service.py::TestSystemMonitor::test_resource_usage_trend
tests/unit/services/test_prediction_generated.py::TestPredictionServiceGenerated::test_prediction_validation
tests/unit/services/test_prediction_service_impl.py
tests/unit/services/test_service_manager_comprehensive.py
tests/unit/services/test_service_manager_comprehensive.py::TestServiceManagerBasic::test_register_service_replacement
tests/unit/services/test_service_manager_comprehensive.py::TestServiceManagerIntegration::test_logging_behavior
tests/unit/services/test_service_manager_comprehensive.py::TestServiceManagerLifecycle::test_initialize_all_with_failure
tests/unit/services/test_service_manager_comprehensive.py::TestServiceManagerLifecycle::test_shutdown_all_with_failure
tests/unit/services/test_services_integration.py
tests/unit/services/test_services_integration.py::TestAuthServiceIntegration::test_failed_login_with_audit
tests/unit/services/test_services_integration.py::TestAuthServiceIntegration::test_user_login_with_audit
tests/unit/services/test_services_integration.py::TestAuthServiceIntegration::test_user_registration_with_audit
tests/unit/services/test_services_integration.py::TestCompleteWorkflowIntegration::test_error_handling_workflow_integration
tests/unit/services/test_services_integration.py::TestCompleteWorkflowIntegration::test_prediction_workflow_full_integration
tests/unit/services/test_services_integration.py::TestServiceManagerIntegration::test_service_failure_with_audit
tests/unit/services/test_tenant_service_core.py
tests/unit/services/test_tenant_service_core.py::TestErrorHandling::test_database_error_handling
tests/unit/services/test_tenant_service_core.py::TestErrorHandling::test_invalid_update_fields
tests/unit/services/test_tenant_service_core.py::TestIsolationVerification::test_tenant_query_isolation_by_id
tests/unit/services/test_tenant_service_core.py::TestIsolationVerification::test_tenant_query_isolation_by_slug
tests/unit/services/test_tenant_service_core.py::TestIsolationVerification::test_tenant_role_query_isolation
tests/unit/services/test_tenant_service_core.py::TestIsolationVerification::test_user_role_query_isolation
tests/unit/services/test_tenant_service_core.py::TestPermissionManagement::test_assign_user_role_success
tests/unit/services/test_tenant_service_core.py::TestPermissionManagement::test_assign_user_role_tenant_not_found
tests/unit/services/test_tenant_service_core.py::TestResourceQuota::test_check_resource_quota_exceeded
tests/unit/services/test_tenant_service_core.py::TestResourceQuota::test_check_resource_quota_no_limit
tests/unit/services/test_tenant_service_core.py::TestResourceQuota::test_check_resource_quota_tenant_not_found
tests/unit/services/test_tenant_service_core.py::TestResourceQuota::test_check_resource_quota_within_limit
tests/unit/services/test_tenant_service_core.py::TestResourceQuota::test_update_usage_metrics
tests/unit/services/test_tenant_service_core.py::TestTenantLifecycle::test_update_tenant_not_found
tests/unit/services/test_tenant_service_core.py::TestTenantStatistics::test_get_tenant_statistics_success
tests/unit/services/test_tenant_service_core.py::TestTenantStatistics::test_get_tenant_statistics_tenant_not_found
tests/unit/test_auto_binding_comprehensive.py::TestAutoBinderEdgeCases::test_find_implementations_module_error_handling
tests/unit/test_auto_binding_comprehensive.py::TestAutoBinderEdgeCases::test_scan_module_import_error_handling
tests/unit/test_auto_binding_comprehensive.py::TestAutoBinder::test_bind_from_assembly_directory
tests/unit/test_auto_binding_comprehensive.py::TestAutoBinder::test_bind_from_assembly_module
tests/unit/test_auto_binding_comprehensive.py::TestAutoBinder::test_bind_interface_to_implementations_single
tests/unit/test_auto_binding_comprehensive.py::TestAutoBinder::test_is_implementation_success
tests/unit/test_core_auto_binding.py::TestDIContainer::test_register_scoped
tests/unit/test_core_auto_binding.py::TestDIContainer::test_register_singleton
tests/unit/test_core_auto_binding.py::TestDIContainer::test_register_transient
tests/unit/test_core_auto_binding.py::TestDIContainer::test_resolve_unregistered_service
tests/unit/test_core_config_di_extended.py::TestConfigurationBinderFileParsing::test_load_configuration_with_includes
tests/unit/test_core_config_di_extended.py::TestConfigurationBinderFileParsing::test_load_empty_configuration_file
tests/unit/test_core_config_di_extended.py::TestConfigurationErrorHandling::test_configuration_permission_error
tests/unit/test_core_config_di_extended.py::TestConfigurationErrorHandling::test_invalid_yaml_syntax_error
tests/unit/test_core_config_di_extended.py::TestConfigurationIntegration::test_full_configuration_workflow
tests/unit/test_core_config_di_extended.py::TestConfigurationValidationBoundaryConditions::test_circular_dependency_detection_in_config
tests/unit/test_core_di_extended.py::TestCircularDependencyDetection::test_complex_circular_dependency_chain
tests/unit/test_core_di_extended.py::TestCircularDependencyDetection::test_no_circular_dependency_with_scoped
tests/unit/test_core_di_extended.py::TestCircularDependencyDetection::test_simple_circular_dependency
tests/unit/test_core_di_extended.py::TestDependencyInjectionBoundaryConditions::test_error_handling_for_missing_dependencies
tests/unit/test_core_di_extended.py::TestDependencyInjectionBoundaryConditions::test_register_with_invalid_lifetime
tests/unit/test_core_di_extended.py::TestDependencyInjectionBoundaryConditions::test_register_with_none_interface
tests/unit/test_core_di_extended.py::TestDependencyInjectionBoundaryConditions::test_resolve_with_complex_dependencies
tests/unit/test_core_di_extended.py::TestDIContainerSingleton::test_singleton_dependency_injection
tests/unit/test_core_di_extended.py::TestDIContainerSingleton::test_singleton_instance_caching
tests/unit/test_core_di_extended.py::TestEdgeCasesAndAdvancedFeatures::test_concurrent_access_thread_safety
tests/unit/test_core_di_extended.py::TestEdgeCasesAndAdvancedFeatures::test_generic_type_resolution
tests/unit/test_core_di_extended.py::TestEdgeCasesAndAdvancedFeatures::test_performance_with_many_services
tests/unit/test_core_exceptions_enhanced.py::TestExceptionHierarchy::test_exception_with_none_message
tests/unit/test_core_exceptions_massive.py::TestExceptionsAdvanced::test_exception_attributes_1
tests/unit/test_core_exceptions_massive.py::TestExceptionsAdvanced::test_exception_attributes_2
tests/unit/test_core_exceptions_massive.py::TestExceptionsAdvanced::test_exception_chaining_1
tests/unit/test_core_exceptions_massive.py::TestExceptionsAdvanced::test_exception_chaining_2
tests/unit/test_core_exceptions_massive.py::TestExceptionsAdvanced::test_exception_context_1
tests/unit/test_core_exceptions_massive.py::TestExceptionsBasic::test_exception_creation_3
tests/unit/test_core_logger_enhanced.py::TestLoggerFunctionality::test_setup_logger_with_mock
tests/unit/test_core_service_lifecycle.py::TestModuleFunctionality::test_error_handling
tests/unit/test_health_check.py::test_project_structure
tests/unit/test_service_lifecycle_comprehensive.py::TestServiceLifecycleManagerAsync::test_health_check_updates_timestamp
tests/unit/test_service_lifecycle_comprehensive.py::TestServiceLifecycleManagerAsync::test_start_service_async_timeout
tests/unit/test_service_lifecycle_comprehensive.py::TestServiceLifecycleManagerAsync::test_stop_service_async_timeout
tests/unit/test_service_lifecycle_comprehensive.py::TestServiceLifecycleManagerMonitoring::test_monitoring_loop_with_exception
tests/unit/test_service_lifecycle_comprehensive.py::TestServiceLifecycleManagerMonitoring::test_monitoring_loop_with_unhealthy_services
tests/unit/test_service_lifecycle_comprehensive.py::TestServiceLifecycleManager::test_start_service_invalid_state
tests/unit/utils/test_config_loader_enhanced.py
tests/unit/utils/test_crypto_utils_comprehensive.py::TestCryptoUtilsComprehensive::test_performance_considerations
tests/unit/utils/test_date_utils_basic.py
tests/unit/utils/test_date_utils_enhanced_final.py
tests/unit/utils/test_formatters_complete.py
tests/unit/utils/test_formatters_enhanced.py
tests/unit/utils/test_i18n_enhanced.py
tests/unit/utils/test_i18n.py
tests/unit/utils/test_response_enhanced.py
tests/unit/utils/test_response.py
tests/unit/utils/test_retry.py
tests/unit/utils/test_simple_utils.py
tests/unit/utils/test_utils_generated.py
tests/unit/utils/test_validators_comprehensive.py
tests/unit/utils/test_validators_comprehensive.py::TestValidatorsComprehensive::test_validate_data_types_function
tests/unit/utils/test_validators_enhanced.py
tests/unit/utils/test_validators_enhanced.py::TestValidatorsEnhanced::test_validate_data_types_complex_types
tests/unit/utils/test_validators_enhanced.py::TestValidatorsEnhanced::test_validate_data_types_invalid_types
tests/unit/utils/test_validators.py
tests/unit/utils/test_warning_filters_complete.py
tests/unit/utils/test_warning_filters_enhanced_final.py
tests/unit/utils/test_working_validators.py
